Starting training — arch=feedforward, hidden=512, dt=10ms, target_rate=14.0Hz, rate_lam=0.001, spike_lam=0.0, init_lr=1e-05, target_lr=0.001, early_stop=15
Epoch 0, Iter 0 | Loss: 3.44 | Train Acc: 6.25% | LR: 0.000010
Epoch 0, Iter 20 | Loss: 2.89 | Train Acc: 12.50% | LR: 0.001000
Epoch 0, Iter 40 | Loss: 3.35 | Train Acc: 9.38% | LR: 0.001000
Epoch 0, Iter 60 | Loss: 2.98 | Train Acc: 18.75% | LR: 0.001000
Epoch 0, Iter 80 | Loss: 3.01 | Train Acc: 9.38% | LR: 0.001000
Epoch 0, Iter 100 | Loss: 3.02 | Train Acc: 3.12% | LR: 0.001000
Epoch 0, Iter 120 | Loss: 2.90 | Train Acc: 9.38% | LR: 0.001000
Epoch 0, Iter 140 | Loss: 2.99 | Train Acc: 9.38% | LR: 0.001000
Epoch 0, Iter 160 | Loss: 2.66 | Train Acc: 18.75% | LR: 0.001000
Epoch 0, Iter 180 | Loss: 2.63 | Train Acc: 15.62% | LR: 0.001000
Epoch 0, Iter 200 | Loss: 2.46 | Train Acc: 28.12% | LR: 0.001000
Epoch 0, Iter 220 | Loss: 2.59 | Train Acc: 18.75% | LR: 0.001000
Epoch 0, Iter 240 | Loss: 2.77 | Train Acc: 12.50% | LR: 0.001000
  Dead neuron bump: layer 1 — 15 dead neurons bumped
  Dead neuron bump: layer 3 — 5 dead neurons bumped
Epoch 0 | Test Acc: 16.61% | LR: 0.001000

Epoch 1, Iter 6 | Loss: 2.73 | Train Acc: 12.50% | LR: 0.001000
Epoch 1, Iter 26 | Loss: 2.62 | Train Acc: 21.88% | LR: 0.001000
Epoch 1, Iter 46 | Loss: 2.61 | Train Acc: 18.75% | LR: 0.001000
Epoch 1, Iter 66 | Loss: 2.57 | Train Acc: 15.62% | LR: 0.001000
Epoch 1, Iter 86 | Loss: 2.47 | Train Acc: 28.12% | LR: 0.001000
Epoch 1, Iter 106 | Loss: 2.62 | Train Acc: 12.50% | LR: 0.001000
Epoch 1, Iter 126 | Loss: 2.52 | Train Acc: 25.00% | LR: 0.001000
Epoch 1, Iter 146 | Loss: 2.46 | Train Acc: 28.12% | LR: 0.001000
Epoch 1, Iter 166 | Loss: 2.56 | Train Acc: 31.25% | LR: 0.001000
Epoch 1, Iter 186 | Loss: 2.43 | Train Acc: 31.25% | LR: 0.001000
Epoch 1, Iter 206 | Loss: 2.22 | Train Acc: 31.25% | LR: 0.001000
Epoch 1, Iter 226 | Loss: 2.27 | Train Acc: 28.12% | LR: 0.001000
Epoch 1, Iter 246 | Loss: 2.09 | Train Acc: 34.38% | LR: 0.001000
  Dead neuron bump: layer 1 — 147 dead neurons bumped
  Dead neuron bump: layer 3 — 109 dead neurons bumped
Epoch 1 | Test Acc: 20.89% | LR: 0.001000

Epoch 2, Iter 12 | Loss: 2.16 | Train Acc: 40.62% | LR: 0.001000
Epoch 2, Iter 32 | Loss: 2.15 | Train Acc: 37.50% | LR: 0.001000
Epoch 2, Iter 52 | Loss: 2.03 | Train Acc: 31.25% | LR: 0.001000
Epoch 2, Iter 72 | Loss: 2.34 | Train Acc: 15.62% | LR: 0.001000
Epoch 2, Iter 92 | Loss: 2.12 | Train Acc: 37.50% | LR: 0.001000
Epoch 2, Iter 112 | Loss: 2.09 | Train Acc: 31.25% | LR: 0.001000
Epoch 2, Iter 132 | Loss: 1.97 | Train Acc: 34.38% | LR: 0.001000
Epoch 2, Iter 152 | Loss: 2.16 | Train Acc: 25.00% | LR: 0.001000
Epoch 2, Iter 172 | Loss: 1.35 | Train Acc: 59.38% | LR: 0.001000
Epoch 2, Iter 192 | Loss: 1.92 | Train Acc: 43.75% | LR: 0.001000
Epoch 2, Iter 212 | Loss: 1.80 | Train Acc: 31.25% | LR: 0.001000
Epoch 2, Iter 232 | Loss: 1.85 | Train Acc: 34.38% | LR: 0.001000
Epoch 2, Iter 252 | Loss: 2.04 | Train Acc: 34.38% | LR: 0.001000
  Dead neuron bump: layer 1 — 73 dead neurons bumped
  Dead neuron bump: layer 3 — 94 dead neurons bumped
Epoch 2 | Test Acc: 29.02% | LR: 0.001000

Epoch 3, Iter 18 | Loss: 1.70 | Train Acc: 46.88% | LR: 0.001000
Epoch 3, Iter 38 | Loss: 1.61 | Train Acc: 50.00% | LR: 0.001000
Epoch 3, Iter 58 | Loss: 1.60 | Train Acc: 56.25% | LR: 0.001000
Epoch 3, Iter 78 | Loss: 1.52 | Train Acc: 53.12% | LR: 0.001000
Epoch 3, Iter 98 | Loss: 1.77 | Train Acc: 40.62% | LR: 0.001000
Epoch 3, Iter 118 | Loss: 1.81 | Train Acc: 43.75% | LR: 0.001000
Epoch 3, Iter 138 | Loss: 1.40 | Train Acc: 50.00% | LR: 0.001000
Epoch 3, Iter 158 | Loss: 1.78 | Train Acc: 46.88% | LR: 0.001000
Epoch 3, Iter 178 | Loss: 1.42 | Train Acc: 59.38% | LR: 0.001000
Epoch 3, Iter 198 | Loss: 1.81 | Train Acc: 34.38% | LR: 0.001000
Epoch 3, Iter 218 | Loss: 1.52 | Train Acc: 40.62% | LR: 0.001000
Epoch 3, Iter 238 | Loss: 1.90 | Train Acc: 56.25% | LR: 0.001000
  Dead neuron bump: layer 1 — 78 dead neurons bumped
  Dead neuron bump: layer 3 — 86 dead neurons bumped
Epoch 3 | Test Acc: 28.48% | LR: 0.001000

Epoch 4, Iter 4 | Loss: 1.31 | Train Acc: 62.50% | LR: 0.001000
Epoch 4, Iter 24 | Loss: 1.45 | Train Acc: 46.88% | LR: 0.001000
Epoch 4, Iter 44 | Loss: 1.64 | Train Acc: 46.88% | LR: 0.001000
Epoch 4, Iter 64 | Loss: 1.49 | Train Acc: 34.38% | LR: 0.001000
Epoch 4, Iter 84 | Loss: 1.77 | Train Acc: 40.62% | LR: 0.001000
Epoch 4, Iter 104 | Loss: 1.31 | Train Acc: 59.38% | LR: 0.001000
Epoch 4, Iter 124 | Loss: 1.38 | Train Acc: 43.75% | LR: 0.001000
Epoch 4, Iter 144 | Loss: 1.72 | Train Acc: 50.00% | LR: 0.001000
Epoch 4, Iter 164 | Loss: 1.30 | Train Acc: 50.00% | LR: 0.001000
Epoch 4, Iter 184 | Loss: 1.43 | Train Acc: 50.00% | LR: 0.001000
Epoch 4, Iter 204 | Loss: 1.30 | Train Acc: 46.88% | LR: 0.001000
Epoch 4, Iter 224 | Loss: 1.55 | Train Acc: 56.25% | LR: 0.001000
Epoch 4, Iter 244 | Loss: 1.58 | Train Acc: 50.00% | LR: 0.001000
  Dead neuron bump: layer 1 — 72 dead neurons bumped
  Dead neuron bump: layer 3 — 85 dead neurons bumped
Epoch 4 | Test Acc: 35.00% | LR: 0.001000

Epoch 5, Iter 10 | Loss: 1.51 | Train Acc: 65.62% | LR: 0.001000
Epoch 5, Iter 30 | Loss: 1.29 | Train Acc: 53.12% | LR: 0.001000
Epoch 5, Iter 50 | Loss: 1.22 | Train Acc: 59.38% | LR: 0.001000
Epoch 5, Iter 70 | Loss: 1.61 | Train Acc: 53.12% | LR: 0.001000
Epoch 5, Iter 90 | Loss: 1.32 | Train Acc: 46.88% | LR: 0.001000
Epoch 5, Iter 110 | Loss: 1.40 | Train Acc: 46.88% | LR: 0.001000
Epoch 5, Iter 130 | Loss: 1.36 | Train Acc: 62.50% | LR: 0.001000
Epoch 5, Iter 150 | Loss: 1.40 | Train Acc: 43.75% | LR: 0.001000
Epoch 5, Iter 170 | Loss: 1.29 | Train Acc: 50.00% | LR: 0.001000
Epoch 5, Iter 190 | Loss: 0.92 | Train Acc: 71.88% | LR: 0.001000
Epoch 5, Iter 210 | Loss: 1.59 | Train Acc: 40.62% | LR: 0.001000
Epoch 5, Iter 230 | Loss: 1.20 | Train Acc: 56.25% | LR: 0.001000
Epoch 5, Iter 250 | Loss: 1.10 | Train Acc: 59.38% | LR: 0.001000
  Dead neuron bump: layer 1 — 61 dead neurons bumped
  Dead neuron bump: layer 3 — 60 dead neurons bumped
/opt/conda/lib/python3.11/multiprocessing/resource_tracker.py:254: UserWarning: resource_tracker: There appear to be 20 leaked semaphore objects to clean up at shutdown
  warnings.warn('resource_tracker: There appear to be %d '
Using device: cuda
   - spike_lam: 0.0 (disabled)
starting training
Epoch 0, Iter 0 | Loss: 2.9982 | Train Acc: 4.69%
Test Acc: 7.54% | LR: 0.001000

Epoch 0, Iter 20 | Loss: 2.9842 | Train Acc: 9.38%
Test Acc: 10.89% | LR: 0.001000

Epoch 0, Iter 40 | Loss: 2.9640 | Train Acc: 3.91%
Test Acc: 6.48% | LR: 0.001000

Epoch 0, Iter 60 | Loss: 2.9726 | Train Acc: 4.69%
Test Acc: 9.10% | LR: 0.001000

Epoch 1, Iter 17 | Loss: 2.9429 | Train Acc: 14.06%
Test Acc: 7.40% | LR: 0.001000

Epoch 1, Iter 37 | Loss: 2.9450 | Train Acc: 6.25%
Test Acc: 8.27% | LR: 0.001000

Epoch 1, Iter 57 | Loss: 2.9513 | Train Acc: 7.03%
Test Acc: 8.46% | LR: 0.001000

Epoch 2, Iter 14 | Loss: 2.9190 | Train Acc: 7.81%
Test Acc: 6.48% | LR: 0.001000

Epoch 2, Iter 34 | Loss: 2.9294 | Train Acc: 6.25%
Test Acc: 8.23% | LR: 0.001000

Epoch 2, Iter 54 | Loss: 2.9706 | Train Acc: 7.81%
Test Acc: 10.20% | LR: 0.001000

Epoch 3, Iter 11 | Loss: 2.9225 | Train Acc: 10.94%
Test Acc: 10.34% | LR: 0.001000

Epoch 3, Iter 31 | Loss: 2.8883 | Train Acc: 10.16%
Test Acc: 10.62% | LR: 0.001000

Epoch 3, Iter 51 | Loss: 2.9342 | Train Acc: 2.34%
Test Acc: 9.01% | LR: 0.001000

Epoch 4, Iter 8 | Loss: 2.8776 | Train Acc: 11.72%
Test Acc: 11.17% | LR: 0.000500

Epoch 4, Iter 28 | Loss: 2.8954 | Train Acc: 8.59%
Test Acc: 8.59% | LR: 0.000500

Epoch 4, Iter 48 | Loss: 2.8852 | Train Acc: 10.16%
Test Acc: 10.75% | LR: 0.000500

Epoch 5, Iter 5 | Loss: 2.9048 | Train Acc: 11.72%
Test Acc: 13.10% | LR: 0.000500

Epoch 5, Iter 25 | Loss: 2.8742 | Train Acc: 12.50%
Test Acc: 10.62% | LR: 0.000500

Epoch 5, Iter 45 | Loss: 2.8641 | Train Acc: 9.38%
Test Acc: 10.57% | LR: 0.000500

Epoch 6, Iter 2 | Loss: 2.8716 | Train Acc: 14.84%
Test Acc: 11.72% | LR: 0.000500

Epoch 6, Iter 22 | Loss: 2.8761 | Train Acc: 14.06%
Test Acc: 12.09% | LR: 0.000500

Epoch 6, Iter 42 | Loss: 2.8669 | Train Acc: 5.47%
Test Acc: 9.15% | LR: 0.000500

Epoch 6, Iter 62 | Loss: 2.8518 | Train Acc: 12.50%
Test Acc: 10.85% | LR: 0.000500

Epoch 7, Iter 19 | Loss: 2.8321 | Train Acc: 12.50%
Test Acc: 13.79% | LR: 0.000500

Epoch 7, Iter 39 | Loss: 2.8939 | Train Acc: 9.38%
Test Acc: 8.00% | LR: 0.000500

Epoch 7, Iter 59 | Loss: 2.8946 | Train Acc: 10.16%
Test Acc: 12.09% | LR: 0.000500

Epoch 8, Iter 16 | Loss: 2.8685 | Train Acc: 14.84%
Test Acc: 11.44% | LR: 0.000500

Epoch 8, Iter 36 | Loss: 2.8454 | Train Acc: 13.28%
Test Acc: 16.64% | LR: 0.000500

Epoch 8, Iter 56 | Loss: 2.8307 | Train Acc: 11.72%
Test Acc: 11.26% | LR: 0.000500

Epoch 9, Iter 13 | Loss: 2.9215 | Train Acc: 8.59%
Test Acc: 6.94% | LR: 0.000500

Epoch 9, Iter 33 | Loss: 2.9170 | Train Acc: 9.38%
Test Acc: 7.12% | LR: 0.000500

Epoch 9, Iter 53 | Loss: 2.8091 | Train Acc: 16.41%
Test Acc: 11.67% | LR: 0.000500

Epoch 10, Iter 10 | Loss: 2.8563 | Train Acc: 9.38%
Test Acc: 15.90% | LR: 0.000500

Epoch 10, Iter 30 | Loss: 2.8994 | Train Acc: 7.03%
Test Acc: 11.44% | LR: 0.000500

Epoch 10, Iter 50 | Loss: 2.8382 | Train Acc: 10.94%
Test Acc: 11.58% | LR: 0.000500

Epoch 11, Iter 7 | Loss: 2.8114 | Train Acc: 12.50%
Test Acc: 11.67% | LR: 0.000500

Epoch 11, Iter 27 | Loss: 2.8507 | Train Acc: 18.75%
Test Acc: 11.21% | LR: 0.000500

Epoch 11, Iter 47 | Loss: 2.9801 | Train Acc: 3.91%
Test Acc: 13.56% | LR: 0.000500

Epoch 12, Iter 4 | Loss: 2.8649 | Train Acc: 10.94%
Test Acc: 11.21% | LR: 0.000500

Epoch 12, Iter 24 | Loss: 2.8439 | Train Acc: 13.28%
Test Acc: 11.17% | LR: 0.000250

Epoch 12, Iter 44 | Loss: 2.7841 | Train Acc: 19.53%
Test Acc: 12.55% | LR: 0.000250

Epoch 13, Iter 1 | Loss: 2.7974 | Train Acc: 19.53%
Test Acc: 12.73% | LR: 0.000250

Epoch 13, Iter 21 | Loss: 2.7861 | Train Acc: 16.41%
Test Acc: 15.44% | LR: 0.000250

Epoch 13, Iter 41 | Loss: 2.8251 | Train Acc: 10.16%
Test Acc: 11.95% | LR: 0.000250

Epoch 13, Iter 61 | Loss: 2.8764 | Train Acc: 7.81%
Test Acc: 15.30% | LR: 0.000250

Epoch 14, Iter 18 | Loss: 2.8076 | Train Acc: 16.41%
Test Acc: 10.06% | LR: 0.000250

Epoch 14, Iter 38 | Loss: 2.8782 | Train Acc: 3.12%
Test Acc: 13.10% | LR: 0.000250

Epoch 14, Iter 58 | Loss: 2.8035 | Train Acc: 13.28%
Test Acc: 14.84% | LR: 0.000250

Epoch 15, Iter 15 | Loss: 2.9260 | Train Acc: 5.47%
Test Acc: 11.03% | LR: 0.000250

Epoch 15, Iter 35 | Loss: 2.7980 | Train Acc: 11.72%
Test Acc: 12.04% | LR: 0.000250

Epoch 15, Iter 55 | Loss: 2.9189 | Train Acc: 7.03%
Test Acc: 14.75% | LR: 0.000125

Epoch 16, Iter 12 | Loss: 2.8294 | Train Acc: 14.84%
Test Acc: 11.49% | LR: 0.000125

Epoch 16, Iter 32 | Loss: 2.8873 | Train Acc: 6.25%
Test Acc: 12.59% | LR: 0.000125

Epoch 16, Iter 52 | Loss: 2.9236 | Train Acc: 6.25%
Test Acc: 11.72% | LR: 0.000125

Epoch 17, Iter 9 | Loss: 2.8208 | Train Acc: 14.06%
Test Acc: 12.32% | LR: 0.000125

Epoch 17, Iter 29 | Loss: 2.7614 | Train Acc: 14.84%
Test Acc: 11.53% | LR: 0.000125

Epoch 17, Iter 49 | Loss: 2.9552 | Train Acc: 7.81%
Test Acc: 13.28% | LR: 0.000125

Epoch 18, Iter 6 | Loss: 2.7939 | Train Acc: 11.72%
Test Acc: 9.88% | LR: 0.000125

Epoch 18, Iter 26 | Loss: 2.7708 | Train Acc: 17.97%
Test Acc: 14.06% | LR: 0.000125

Epoch 18, Iter 46 | Loss: 2.7968 | Train Acc: 16.41%
Test Acc: 13.05% | LR: 0.000125

Epoch 19, Iter 3 | Loss: 2.8511 | Train Acc: 7.81%
Test Acc: 14.06% | LR: 0.000125

Epoch 19, Iter 23 | Loss: 2.8146 | Train Acc: 17.97%
Test Acc: 12.27% | LR: 0.000063

Epoch 19, Iter 43 | Loss: 2.7484 | Train Acc: 17.97%
Test Acc: 12.64% | LR: 0.000063

Epoch 20, Iter 0 | Loss: 2.7528 | Train Acc: 19.53%
Test Acc: 12.82% | LR: 0.000063

Epoch 20, Iter 20 | Loss: 2.9358 | Train Acc: 7.81%
Test Acc: 13.69% | LR: 0.000063

Epoch 20, Iter 40 | Loss: 2.7216 | Train Acc: 16.41%
Test Acc: 13.19% | LR: 0.000063

Epoch 20, Iter 60 | Loss: 2.7832 | Train Acc: 14.06%
Test Acc: 13.14% | LR: 0.000063

Epoch 21, Iter 17 | Loss: 2.7848 | Train Acc: 16.41%
Test Acc: 11.12% | LR: 0.000063

Epoch 21, Iter 37 | Loss: 2.7829 | Train Acc: 14.84%
Test Acc: 12.18% | LR: 0.000063

Epoch 21, Iter 57 | Loss: 2.7371 | Train Acc: 17.19%
Test Acc: 13.28% | LR: 0.000063

Epoch 22, Iter 14 | Loss: 2.8874 | Train Acc: 10.16%
Test Acc: 12.32% | LR: 0.000063

Epoch 22, Iter 34 | Loss: 2.7481 | Train Acc: 11.72%
Test Acc: 14.34% | LR: 0.000063

Epoch 22, Iter 54 | Loss: 2.8063 | Train Acc: 8.59%
Test Acc: 12.82% | LR: 0.000031

Epoch 23, Iter 11 | Loss: 2.7530 | Train Acc: 15.62%
Test Acc: 12.64% | LR: 0.000031

Epoch 23, Iter 31 | Loss: 2.8387 | Train Acc: 14.84%
Test Acc: 13.19% | LR: 0.000031

Epoch 23, Iter 51 | Loss: 2.7638 | Train Acc: 17.97%
Test Acc: 13.97% | LR: 0.000031

Epoch 24, Iter 8 | Loss: 2.8805 | Train Acc: 8.59%
Test Acc: 12.64% | LR: 0.000031

Epoch 24, Iter 28 | Loss: 2.7963 | Train Acc: 15.62%
Test Acc: 13.14% | LR: 0.000031

Epoch 24, Iter 48 | Loss: 2.8026 | Train Acc: 13.28%
Test Acc: 12.50% | LR: 0.000031

Epoch 25, Iter 5 | Loss: 2.7800 | Train Acc: 15.62%
Test Acc: 13.97% | LR: 0.000031

Epoch 25, Iter 25 | Loss: 2.7664 | Train Acc: 12.50%
Test Acc: 13.05% | LR: 0.000031

Epoch 25, Iter 45 | Loss: 2.7369 | Train Acc: 12.50%
Test Acc: 12.68% | LR: 0.000031

Epoch 26, Iter 2 | Loss: 2.7471 | Train Acc: 14.84%
Test Acc: 12.59% | LR: 0.000031

Epoch 26, Iter 22 | Loss: 2.9728 | Train Acc: 7.03%
Test Acc: 14.38% | LR: 0.000016

Epoch 26, Iter 42 | Loss: 2.7957 | Train Acc: 14.06%
Test Acc: 12.96% | LR: 0.000016

Epoch 26, Iter 62 | Loss: 2.9030 | Train Acc: 9.38%
Test Acc: 12.50% | LR: 0.000016

Epoch 27, Iter 19 | Loss: 2.7249 | Train Acc: 12.50%
Test Acc: 12.41% | LR: 0.000016

Epoch 27, Iter 39 | Loss: 2.8584 | Train Acc: 7.81%
Test Acc: 13.42% | LR: 0.000016

Epoch 27, Iter 59 | Loss: 2.7764 | Train Acc: 13.28%
Test Acc: 12.55% | LR: 0.000016

Epoch 28, Iter 16 | Loss: 2.7592 | Train Acc: 16.41%
Test Acc: 12.96% | LR: 0.000016

Epoch 28, Iter 36 | Loss: 2.7629 | Train Acc: 13.28%
Test Acc: 12.87% | LR: 0.000016

Epoch 28, Iter 56 | Loss: 2.7753 | Train Acc: 5.47%
Test Acc: 12.73% | LR: 0.000016

Epoch 29, Iter 13 | Loss: 2.7701 | Train Acc: 14.84%
Test Acc: 12.78% | LR: 0.000016

Epoch 29, Iter 33 | Loss: 2.7630 | Train Acc: 6.25%
Test Acc: 13.01% | LR: 0.000016

Epoch 29, Iter 53 | Loss: 2.8115 | Train Acc: 13.28%
Test Acc: 12.96% | LR: 0.000008


Saving model...
Model saved to: /workspace/shd/baseline/models/Take3_T100_Epochs30.pth
Graph saved to: /workspace/shd/baseline/graphs/Take3_T100_Epochs30.png

============================================================
Final Test Accuracy: 12.82%
============================================================

Computing spike statistics on test set (batch_size=1 recommended for exact per-sample counts)...
[spike_count] processed batch 0: batch_spikes_total=1570603.1, batch_size=1
[spike_count] processed batch 50: batch_spikes_total=1745463.5, batch_size=1
[spike_count] processed batch 100: batch_spikes_total=1241930.3, batch_size=1
[spike_count] processed batch 150: batch_spikes_total=1220994.7, batch_size=1
[spike_count] processed batch 200: batch_spikes_total=1539880.6, batch_size=1
[spike_count] processed batch 250: batch_spikes_total=1725867.5, batch_size=1
[spike_count] processed batch 300: batch_spikes_total=1519860.8, batch_size=1
[spike_count] processed batch 350: batch_spikes_total=1425278.1, batch_size=1
[spike_count] processed batch 400: batch_spikes_total=1522969.9, batch_size=1
[spike_count] processed batch 450: batch_spikes_total=1258625.8, batch_size=1
[spike_count] processed batch 500: batch_spikes_total=1180652.1, batch_size=1
[spike_count] processed batch 550: batch_spikes_total=1349558.7, batch_size=1
[spike_count] processed batch 600: batch_spikes_total=1061560.4, batch_size=1
[spike_count] processed batch 650: batch_spikes_total=1252504.4, batch_size=1
[spike_count] processed batch 700: batch_spikes_total=1707966.8, batch_size=1
[spike_count] processed batch 750: batch_spikes_total=1338157.8, batch_size=1
[spike_count] processed batch 800: batch_spikes_total=1436218.6, batch_size=1
[spike_count] processed batch 850: batch_spikes_total=1243523.3, batch_size=1
[spike_count] processed batch 900: batch_spikes_total=1421724.6, batch_size=1
[spike_count] processed batch 950: batch_spikes_total=1359561.5, batch_size=1
[spike_count] processed batch 1000: batch_spikes_total=1093447.8, batch_size=1
[spike_count] processed batch 1050: batch_spikes_total=1116003.8, batch_size=1
[spike_count] processed batch 1100: batch_spikes_total=1160876.3, batch_size=1
[spike_count] processed batch 1150: batch_spikes_total=1280341.4, batch_size=1
[spike_count] processed batch 1200: batch_spikes_total=1318388.2, batch_size=1
[spike_count] processed batch 1250: batch_spikes_total=1633131.3, batch_size=1
[spike_count] processed batch 1300: batch_spikes_total=1331601.7, batch_size=1
[spike_count] processed batch 1350: batch_spikes_total=1299174.7, batch_size=1
[spike_count] processed batch 1400: batch_spikes_total=1335529.5, batch_size=1
[spike_count] processed batch 1450: batch_spikes_total=1330174.6, batch_size=1
[spike_count] processed batch 1500: batch_spikes_total=1289763.2, batch_size=1
[spike_count] processed batch 1550: batch_spikes_total=1170802.0, batch_size=1
[spike_count] processed batch 1600: batch_spikes_total=1416962.3, batch_size=1
[spike_count] processed batch 1650: batch_spikes_total=1329225.8, batch_size=1
[spike_count] processed batch 1700: batch_spikes_total=1444288.2, batch_size=1
[spike_count] processed batch 1750: batch_spikes_total=1543020.5, batch_size=1
[spike_count] processed batch 1800: batch_spikes_total=1387586.7, batch_size=1
[spike_count] processed batch 1850: batch_spikes_total=1531057.0, batch_size=1
[spike_count] processed batch 1900: batch_spikes_total=1200221.4, batch_size=1
[spike_count] processed batch 1950: batch_spikes_total=1097039.7, batch_size=1
[spike_count] processed batch 2000: batch_spikes_total=1386948.5, batch_size=1
[spike_count] processed batch 2050: batch_spikes_total=1476108.4, batch_size=1
[spike_count] processed batch 2100: batch_spikes_total=1632743.4, batch_size=1
[spike_count] processed batch 2150: batch_spikes_total=1370562.0, batch_size=1
[spike_count] processed batch 2200: batch_spikes_total=1364654.7, batch_size=1
[spike_count] processed batch 2250: batch_spikes_total=1435961.1, batch_size=1

Spike stats:
  n_samples: 2264
  total_spikes: 3100244096.51
  avg_spikes_per_sample: 1369365.7670

Using paper reference energy: 0.46 mJ/inference (4.600000e-04 J)

Estimated energy metrics (based on paper normalization):
  Energy per spike (J): 3.359219e-10
  Estimated total energy for measured test set (J): 1.041440e+00
  Paper energy (J/inference): 4.600000e-04

Note: This estimate assumes energy scales roughly linearly with spike count on the referenced hardware. Report this assumption when using these figures.

Saved energy estimate to results/shd/energy_estimates/shd_energy_estimate_20260311_211211.json
