Looking in indexes: https://gitlab.com/api/v4/projects/27423070/packages/pypi/simple
Collecting samna==0.48.3
  Downloading https://gitlab.com/api/v4/projects/27423070/packages/pypi/files/e3c22a7b612650f6580b38c015a44f6a778479b6bb76f0d2a8bb62d88201bdbd/samna-0.48.3-cp311-cp311-manylinux_2_28_x86_64.whl (121.9 MB)
     ━━━━━━━━━━━━━━━━━━━━━━━━━━━━━━━━━━━━━ 121.9/121.9 MB 138.5 MB/s eta 0:00:00
Installing collected packages: samna
  Attempting uninstall: samna
    Found existing installation: samna 0.48.3
    Uninstalling samna-0.48.3:
      Successfully uninstalled samna-0.48.3
Successfully installed samna-0.48.3
WARNING: Running pip as the 'root' user can result in broken permissions and conflicting behaviour with the system package manager, possibly rendering your system unusable.It is recommended to use a virtual environment instead: https://pip.pypa.io/warnings/venv. Use the --root-user-action option if you know what you are doing and want to suppress this warning.
   - spike_lam: 0.0 (disabled)
Scaled 1_LIFTorch.w_rec by 0.01 for stability
Scaled 3_LIFTorch.w_rec by 0.01 for stability
Scaled 5_LIFTorch.w_rec by 0.01 for stability
starting training
Epoch 0, Iter 0 | Loss: 24.48 | Train Acc: 3.12%
Test Acc: 5.13% | LR: 0.001000

Epoch 0, Iter 20 | Loss: 2.96 | Train Acc: 0.00%
Test Acc: 9.82% | LR: 0.001000

Epoch 0, Iter 40 | Loss: 3.09 | Train Acc: 9.38%
Test Acc: 10.94% | LR: 0.001000

Epoch 0, Iter 60 | Loss: 2.99 | Train Acc: 9.38%
Test Acc: 15.40% | LR: 0.001000

Epoch 0, Iter 80 | Loss: 2.57 | Train Acc: 18.75%
Test Acc: 16.56% | LR: 0.001000

Epoch 0, Iter 100 | Loss: 2.38 | Train Acc: 18.75%
Test Acc: 23.88% | LR: 0.001000

Epoch 0, Iter 120 | Loss: 2.37 | Train Acc: 25.00%
Test Acc: 23.04% | LR: 0.001000

Epoch 0, Iter 140 | Loss: 3.96 | Train Acc: 9.38%
Test Acc: 20.13% | LR: 0.001000

Epoch 0, Iter 160 | Loss: 2.87 | Train Acc: 12.50%
Test Acc: 24.51% | LR: 0.001000

Epoch 0, Iter 180 | Loss: 2.03 | Train Acc: 28.12%
Test Acc: 33.75% | LR: 0.001000

Epoch 0, Iter 200 | Loss: 2.17 | Train Acc: 25.00%
Test Acc: 32.23% | LR: 0.001000

Epoch 0, Iter 220 | Loss: 2.09 | Train Acc: 21.88%
Test Acc: 41.52% | LR: 0.001000

Epoch 0, Iter 240 | Loss: 2.05 | Train Acc: 34.38%
Test Acc: 34.33% | LR: 0.001000

Epoch 1, Iter 6 | Loss: 1.70 | Train Acc: 40.62%
Test Acc: 46.70% | LR: 0.001000

Epoch 1, Iter 26 | Loss: 1.62 | Train Acc: 46.88%
Test Acc: 43.26% | LR: 0.001000

Epoch 1, Iter 46 | Loss: 1.43 | Train Acc: 50.00%
Test Acc: 44.55% | LR: 0.001000

Epoch 1, Iter 66 | Loss: 1.81 | Train Acc: 31.25%
Test Acc: 43.21% | LR: 0.001000

Epoch 1, Iter 86 | Loss: 1.21 | Train Acc: 53.12%
Test Acc: 49.78% | LR: 0.001000

Epoch 1, Iter 106 | Loss: 1.46 | Train Acc: 46.88%
Test Acc: 47.86% | LR: 0.001000

Epoch 1, Iter 126 | Loss: 1.32 | Train Acc: 56.25%
Test Acc: 38.79% | LR: 0.001000

Epoch 1, Iter 146 | Loss: 1.51 | Train Acc: 31.25%
Test Acc: 50.45% | LR: 0.001000

Epoch 1, Iter 166 | Loss: 1.58 | Train Acc: 53.12%
Test Acc: 55.49% | LR: 0.001000

Epoch 1, Iter 186 | Loss: 1.50 | Train Acc: 46.88%
Test Acc: 49.91% | LR: 0.001000

Epoch 1, Iter 206 | Loss: 1.12 | Train Acc: 59.38%
Test Acc: 50.22% | LR: 0.001000

Epoch 1, Iter 226 | Loss: 1.24 | Train Acc: 53.12%
Test Acc: 53.88% | LR: 0.001000

Epoch 1, Iter 246 | Loss: 1.47 | Train Acc: 56.25%
Test Acc: 53.71% | LR: 0.001000

Epoch 2, Iter 12 | Loss: 0.84 | Train Acc: 71.88%
Test Acc: 58.62% | LR: 0.001000

Epoch 2, Iter 32 | Loss: 1.21 | Train Acc: 50.00%
Test Acc: 47.10% | LR: 0.001000

Epoch 2, Iter 52 | Loss: 1.60 | Train Acc: 43.75%
Test Acc: 50.36% | LR: 0.001000

Epoch 2, Iter 72 | Loss: 1.23 | Train Acc: 56.25%
Test Acc: 54.02% | LR: 0.001000

Epoch 2, Iter 92 | Loss: 1.09 | Train Acc: 62.50%
Test Acc: 57.37% | LR: 0.001000

Epoch 2, Iter 112 | Loss: 1.73 | Train Acc: 53.12%
Test Acc: 55.62% | LR: 0.001000

Epoch 2, Iter 132 | Loss: 1.04 | Train Acc: 65.62%
Test Acc: 62.05% | LR: 0.001000

Epoch 2, Iter 152 | Loss: 0.97 | Train Acc: 71.88%
Test Acc: 61.96% | LR: 0.001000

Epoch 2, Iter 172 | Loss: 1.22 | Train Acc: 65.62%
Test Acc: 53.26% | LR: 0.001000

Epoch 2, Iter 192 | Loss: 1.24 | Train Acc: 56.25%
Test Acc: 57.95% | LR: 0.001000

Epoch 2, Iter 212 | Loss: 0.66 | Train Acc: 71.88%
Test Acc: 62.50% | LR: 0.001000

Epoch 2, Iter 232 | Loss: 0.90 | Train Acc: 65.62%
Test Acc: 58.71% | LR: 0.001000

Epoch 2, Iter 252 | Loss: 1.14 | Train Acc: 62.50%
Test Acc: 58.75% | LR: 0.001000

Epoch 3, Iter 18 | Loss: 0.91 | Train Acc: 68.75%
Test Acc: 61.38% | LR: 0.001000

Epoch 3, Iter 38 | Loss: 1.00 | Train Acc: 65.62%
Test Acc: 57.77% | LR: 0.001000

Epoch 3, Iter 58 | Loss: 1.46 | Train Acc: 53.12%
Test Acc: 51.65% | LR: 0.001000

Epoch 3, Iter 78 | Loss: 0.94 | Train Acc: 65.62%
Test Acc: 60.76% | LR: 0.001000

Epoch 3, Iter 98 | Loss: 1.14 | Train Acc: 65.62%
Test Acc: 64.24% | LR: 0.001000

Epoch 3, Iter 118 | Loss: 1.07 | Train Acc: 62.50%
Test Acc: 53.26% | LR: 0.001000

Epoch 3, Iter 138 | Loss: 1.81 | Train Acc: 43.75%
Test Acc: 60.54% | LR: 0.001000

Epoch 3, Iter 158 | Loss: 1.09 | Train Acc: 75.00%
Test Acc: 62.46% | LR: 0.001000

Epoch 3, Iter 178 | Loss: 0.93 | Train Acc: 62.50%
Test Acc: 59.82% | LR: 0.001000

Epoch 3, Iter 198 | Loss: 1.59 | Train Acc: 43.75%
Test Acc: 56.03% | LR: 0.001000

Epoch 3, Iter 218 | Loss: 1.15 | Train Acc: 65.62%
Test Acc: 61.43% | LR: 0.001000

Epoch 3, Iter 238 | Loss: 0.50 | Train Acc: 87.50%
Test Acc: 70.85% | LR: 0.001000

Epoch 4, Iter 4 | Loss: 1.07 | Train Acc: 65.62%
Test Acc: 60.31% | LR: 0.001000

Epoch 4, Iter 24 | Loss: 0.56 | Train Acc: 78.12%
Test Acc: 65.22% | LR: 0.001000

Epoch 4, Iter 44 | Loss: 0.68 | Train Acc: 71.88%
Test Acc: 69.15% | LR: 0.001000

Epoch 4, Iter 64 | Loss: 1.09 | Train Acc: 71.88%
Test Acc: 63.66% | LR: 0.001000

Epoch 4, Iter 84 | Loss: 0.53 | Train Acc: 87.50%
Test Acc: 66.47% | LR: 0.001000

Epoch 4, Iter 104 | Loss: 1.05 | Train Acc: 68.75%
Test Acc: 59.20% | LR: 0.001000

Epoch 4, Iter 124 | Loss: 0.83 | Train Acc: 75.00%
Test Acc: 66.47% | LR: 0.001000

Epoch 4, Iter 144 | Loss: 0.69 | Train Acc: 68.75%
Test Acc: 67.28% | LR: 0.001000

Epoch 4, Iter 164 | Loss: 0.43 | Train Acc: 87.50%
Test Acc: 64.06% | LR: 0.001000

Epoch 4, Iter 184 | Loss: 0.69 | Train Acc: 75.00%
Test Acc: 65.36% | LR: 0.001000

Epoch 4, Iter 204 | Loss: 0.67 | Train Acc: 71.88%
Test Acc: 67.77% | LR: 0.001000

Epoch 4, Iter 224 | Loss: 0.55 | Train Acc: 75.00%
Test Acc: 66.70% | LR: 0.000500

Epoch 4, Iter 244 | Loss: 0.51 | Train Acc: 81.25%
Test Acc: 73.53% | LR: 0.000500

Epoch 5, Iter 10 | Loss: 1.48 | Train Acc: 75.00%
Test Acc: 64.02% | LR: 0.000500

Epoch 5, Iter 30 | Loss: 0.45 | Train Acc: 84.38%
Test Acc: 64.91% | LR: 0.000500

Epoch 5, Iter 50 | Loss: 0.72 | Train Acc: 75.00%
Test Acc: 68.39% | LR: 0.000500

Epoch 5, Iter 70 | Loss: 1.07 | Train Acc: 59.38%
Test Acc: 73.08% | LR: 0.000500

Epoch 5, Iter 90 | Loss: 0.51 | Train Acc: 84.38%
Test Acc: 73.08% | LR: 0.000500

Epoch 5, Iter 110 | Loss: 0.63 | Train Acc: 81.25%
Test Acc: 68.84% | LR: 0.000500

Epoch 5, Iter 130 | Loss: 1.28 | Train Acc: 59.38%
Test Acc: 72.68% | LR: 0.000500

Epoch 5, Iter 150 | Loss: 0.53 | Train Acc: 81.25%
Test Acc: 74.69% | LR: 0.000500

Epoch 5, Iter 170 | Loss: 0.32 | Train Acc: 90.62%
Test Acc: 67.32% | LR: 0.000500

Epoch 5, Iter 190 | Loss: 0.57 | Train Acc: 75.00%
Test Acc: 71.88% | LR: 0.000500

Epoch 5, Iter 210 | Loss: 0.89 | Train Acc: 68.75%
Test Acc: 76.65% | LR: 0.000500

Epoch 5, Iter 230 | Loss: 0.43 | Train Acc: 84.38%
Test Acc: 73.17% | LR: 0.000500

Epoch 5, Iter 250 | Loss: 1.12 | Train Acc: 68.75%
Test Acc: 68.39% | LR: 0.000500

Epoch 6, Iter 16 | Loss: 0.62 | Train Acc: 71.88%
Test Acc: 75.98% | LR: 0.000500

Epoch 6, Iter 36 | Loss: 0.35 | Train Acc: 90.62%
Test Acc: 74.11% | LR: 0.000500

Epoch 6, Iter 56 | Loss: 0.57 | Train Acc: 78.12%
Test Acc: 73.04% | LR: 0.000500

Epoch 6, Iter 76 | Loss: 0.34 | Train Acc: 87.50%
Test Acc: 74.33% | LR: 0.000500

Epoch 6, Iter 96 | Loss: 0.37 | Train Acc: 84.38%
Test Acc: 74.46% | LR: 0.000500

Epoch 6, Iter 116 | Loss: 0.48 | Train Acc: 84.38%
Test Acc: 72.50% | LR: 0.000500

Epoch 6, Iter 136 | Loss: 0.32 | Train Acc: 84.38%
Test Acc: 73.35% | LR: 0.000500

Epoch 6, Iter 156 | Loss: 0.69 | Train Acc: 71.88%
Test Acc: 73.39% | LR: 0.000500

Epoch 6, Iter 176 | Loss: 0.79 | Train Acc: 62.50%
Test Acc: 73.57% | LR: 0.000500

Epoch 6, Iter 196 | Loss: 0.77 | Train Acc: 87.50%
Test Acc: 74.29% | LR: 0.000250

Epoch 6, Iter 216 | Loss: 0.39 | Train Acc: 90.62%
Test Acc: 72.72% | LR: 0.000250

Epoch 6, Iter 236 | Loss: 0.23 | Train Acc: 90.62%
Test Acc: 72.95% | LR: 0.000250

Epoch 7, Iter 2 | Loss: 0.44 | Train Acc: 84.38%
Test Acc: 75.89% | LR: 0.000250

Epoch 7, Iter 22 | Loss: 0.41 | Train Acc: 84.38%
Test Acc: 77.01% | LR: 0.000250

Epoch 7, Iter 42 | Loss: 0.30 | Train Acc: 84.38%
Test Acc: 75.94% | LR: 0.000250

Epoch 7, Iter 62 | Loss: 0.26 | Train Acc: 87.50%
Test Acc: 72.90% | LR: 0.000250

Epoch 7, Iter 82 | Loss: 0.33 | Train Acc: 90.62%
Test Acc: 73.35% | LR: 0.000250

Epoch 7, Iter 102 | Loss: 0.48 | Train Acc: 81.25%
Test Acc: 76.52% | LR: 0.000250

Epoch 7, Iter 122 | Loss: 0.28 | Train Acc: 87.50%
Test Acc: 76.70% | LR: 0.000250

Epoch 7, Iter 142 | Loss: 0.17 | Train Acc: 90.62%
Test Acc: 74.87% | LR: 0.000250

Epoch 7, Iter 162 | Loss: 0.25 | Train Acc: 87.50%
Test Acc: 74.20% | LR: 0.000250

Epoch 7, Iter 182 | Loss: 0.47 | Train Acc: 84.38%
Test Acc: 74.55% | LR: 0.000250

Epoch 7, Iter 202 | Loss: 0.63 | Train Acc: 84.38%
Test Acc: 74.60% | LR: 0.000250

Epoch 7, Iter 222 | Loss: 0.21 | Train Acc: 93.75%
Test Acc: 76.21% | LR: 0.000250

Epoch 7, Iter 242 | Loss: 0.29 | Train Acc: 87.50%
Test Acc: 77.37% | LR: 0.000250

Epoch 8, Iter 8 | Loss: 0.30 | Train Acc: 87.50%
Test Acc: 74.82% | LR: 0.000250

Epoch 8, Iter 28 | Loss: 0.68 | Train Acc: 68.75%
Test Acc: 74.06% | LR: 0.000250

Epoch 8, Iter 48 | Loss: 0.25 | Train Acc: 84.38%
Test Acc: 74.06% | LR: 0.000250

Epoch 8, Iter 68 | Loss: 0.36 | Train Acc: 84.38%
Test Acc: 76.16% | LR: 0.000250

Epoch 8, Iter 88 | Loss: 0.42 | Train Acc: 87.50%
Test Acc: 74.42% | LR: 0.000250

Epoch 8, Iter 108 | Loss: 0.23 | Train Acc: 90.62%
Test Acc: 72.86% | LR: 0.000250

Epoch 8, Iter 128 | Loss: 0.37 | Train Acc: 93.75%
Test Acc: 75.67% | LR: 0.000250

Epoch 8, Iter 148 | Loss: 0.90 | Train Acc: 62.50%
Test Acc: 72.37% | LR: 0.000250

Epoch 8, Iter 168 | Loss: 0.51 | Train Acc: 84.38%
Test Acc: 76.70% | LR: 0.000250

Epoch 8, Iter 188 | Loss: 0.77 | Train Acc: 68.75%
Test Acc: 75.94% | LR: 0.000250

Epoch 8, Iter 208 | Loss: 0.47 | Train Acc: 78.12%
Test Acc: 73.39% | LR: 0.000250

Epoch 8, Iter 228 | Loss: 0.33 | Train Acc: 90.62%
Test Acc: 77.90% | LR: 0.000125

Epoch 8, Iter 248 | Loss: 0.32 | Train Acc: 90.62%
Test Acc: 77.86% | LR: 0.000125

Epoch 9, Iter 14 | Loss: 0.10 | Train Acc: 96.88%
Test Acc: 77.72% | LR: 0.000125

Epoch 9, Iter 34 | Loss: 0.45 | Train Acc: 81.25%
Test Acc: 75.58% | LR: 0.000125

Epoch 9, Iter 54 | Loss: 0.37 | Train Acc: 90.62%
Test Acc: 77.77% | LR: 0.000125

Epoch 9, Iter 74 | Loss: 0.58 | Train Acc: 84.38%
Test Acc: 77.19% | LR: 0.000125

Epoch 9, Iter 94 | Loss: 0.70 | Train Acc: 81.25%
Test Acc: 74.96% | LR: 0.000125

Epoch 9, Iter 114 | Loss: 0.15 | Train Acc: 93.75%
Test Acc: 75.45% | LR: 0.000125

Epoch 9, Iter 134 | Loss: 0.21 | Train Acc: 93.75%
Test Acc: 75.76% | LR: 0.000125

Epoch 9, Iter 154 | Loss: 0.10 | Train Acc: 100.00%
Test Acc: 76.70% | LR: 0.000125

Epoch 9, Iter 174 | Loss: 0.23 | Train Acc: 93.75%
Test Acc: 78.57% | LR: 0.000125

Epoch 9, Iter 194 | Loss: 0.47 | Train Acc: 81.25%
Test Acc: 76.88% | LR: 0.000125

Epoch 9, Iter 214 | Loss: 0.29 | Train Acc: 84.38%
Test Acc: 78.17% | LR: 0.000125

Epoch 9, Iter 234 | Loss: 0.20 | Train Acc: 93.75%
Test Acc: 77.19% | LR: 0.000125

Epoch 10, Iter 0 | Loss: 0.19 | Train Acc: 96.88%
Test Acc: 78.26% | LR: 0.000125

Epoch 10, Iter 20 | Loss: 0.25 | Train Acc: 87.50%
Test Acc: 76.61% | LR: 0.000125

Epoch 10, Iter 40 | Loss: 0.52 | Train Acc: 84.38%
Test Acc: 76.29% | LR: 0.000125

Epoch 10, Iter 60 | Loss: 0.22 | Train Acc: 96.88%
Test Acc: 78.97% | LR: 0.000125

Epoch 10, Iter 80 | Loss: 0.47 | Train Acc: 75.00%
Test Acc: 74.91% | LR: 0.000125

Epoch 10, Iter 100 | Loss: 0.28 | Train Acc: 87.50%
Test Acc: 75.62% | LR: 0.000125

Epoch 10, Iter 120 | Loss: 0.35 | Train Acc: 90.62%
Test Acc: 75.22% | LR: 0.000125

Epoch 10, Iter 140 | Loss: 0.32 | Train Acc: 84.38%
Test Acc: 77.95% | LR: 0.000125

Epoch 10, Iter 160 | Loss: 0.12 | Train Acc: 100.00%
Test Acc: 74.87% | LR: 0.000125

Epoch 10, Iter 180 | Loss: 0.41 | Train Acc: 87.50%
Test Acc: 75.36% | LR: 0.000125

Epoch 10, Iter 200 | Loss: 0.23 | Train Acc: 93.75%
Test Acc: 75.58% | LR: 0.000125

Epoch 10, Iter 220 | Loss: 0.29 | Train Acc: 87.50%
Test Acc: 76.47% | LR: 0.000125

Epoch 10, Iter 240 | Loss: 0.58 | Train Acc: 81.25%
Test Acc: 77.28% | LR: 0.000125

Epoch 11, Iter 6 | Loss: 0.25 | Train Acc: 90.62%
Test Acc: 78.04% | LR: 0.000125

Epoch 11, Iter 26 | Loss: 0.25 | Train Acc: 90.62%
Test Acc: 74.91% | LR: 0.000125

Epoch 11, Iter 46 | Loss: 0.28 | Train Acc: 81.25%
Test Acc: 76.70% | LR: 0.000063

Epoch 11, Iter 66 | Loss: 0.76 | Train Acc: 71.88%
Test Acc: 77.99% | LR: 0.000063

Epoch 11, Iter 86 | Loss: 0.40 | Train Acc: 81.25%
Test Acc: 76.12% | LR: 0.000063

Epoch 11, Iter 106 | Loss: 0.43 | Train Acc: 87.50%
Test Acc: 77.86% | LR: 0.000063

Epoch 11, Iter 126 | Loss: 0.20 | Train Acc: 96.88%
Test Acc: 76.34% | LR: 0.000063

Epoch 11, Iter 146 | Loss: 0.71 | Train Acc: 75.00%
Test Acc: 77.68% | LR: 0.000063

Epoch 11, Iter 166 | Loss: 0.38 | Train Acc: 84.38%
Test Acc: 76.96% | LR: 0.000063

Epoch 11, Iter 186 | Loss: 0.34 | Train Acc: 87.50%
Test Acc: 76.96% | LR: 0.000063

Epoch 11, Iter 206 | Loss: 0.86 | Train Acc: 81.25%
Test Acc: 77.28% | LR: 0.000063

Epoch 11, Iter 226 | Loss: 0.25 | Train Acc: 87.50%
Test Acc: 76.65% | LR: 0.000063

Epoch 11, Iter 246 | Loss: 0.11 | Train Acc: 100.00%
Test Acc: 76.74% | LR: 0.000063

Epoch 12, Iter 12 | Loss: 0.49 | Train Acc: 84.38%
Test Acc: 76.96% | LR: 0.000031

Epoch 12, Iter 32 | Loss: 0.25 | Train Acc: 96.88%
Test Acc: 77.19% | LR: 0.000031

Epoch 12, Iter 52 | Loss: 0.33 | Train Acc: 87.50%
Test Acc: 77.10% | LR: 0.000031

Epoch 12, Iter 72 | Loss: 0.10 | Train Acc: 96.88%
Test Acc: 76.79% | LR: 0.000031

Epoch 12, Iter 92 | Loss: 0.15 | Train Acc: 93.75%
Test Acc: 78.53% | LR: 0.000031

Epoch 12, Iter 112 | Loss: 0.24 | Train Acc: 93.75%
Test Acc: 78.12% | LR: 0.000031

Epoch 12, Iter 132 | Loss: 0.57 | Train Acc: 87.50%
Test Acc: 77.81% | LR: 0.000031

Epoch 12, Iter 152 | Loss: 0.28 | Train Acc: 96.88%
Test Acc: 77.19% | LR: 0.000031

Epoch 12, Iter 172 | Loss: 0.14 | Train Acc: 93.75%
Test Acc: 77.23% | LR: 0.000031

Epoch 12, Iter 192 | Loss: 0.21 | Train Acc: 90.62%
Test Acc: 77.10% | LR: 0.000031

Epoch 12, Iter 212 | Loss: 0.72 | Train Acc: 78.12%
Test Acc: 77.14% | LR: 0.000031

Epoch 12, Iter 232 | Loss: 0.25 | Train Acc: 90.62%
Test Acc: 77.14% | LR: 0.000016

Epoch 12, Iter 252 | Loss: 0.25 | Train Acc: 81.25%
Test Acc: 77.63% | LR: 0.000016

Epoch 13, Iter 18 | Loss: 0.54 | Train Acc: 71.88%
Test Acc: 78.26% | LR: 0.000016

Epoch 13, Iter 38 | Loss: 0.24 | Train Acc: 93.75%
Test Acc: 77.23% | LR: 0.000016

Epoch 13, Iter 58 | Loss: 0.37 | Train Acc: 87.50%
Test Acc: 76.96% | LR: 0.000016

Epoch 13, Iter 78 | Loss: 0.62 | Train Acc: 81.25%
Test Acc: 77.63% | LR: 0.000016

Epoch 13, Iter 98 | Loss: 0.31 | Train Acc: 93.75%
Test Acc: 78.17% | LR: 0.000016

Epoch 13, Iter 118 | Loss: 0.53 | Train Acc: 81.25%
Test Acc: 77.41% | LR: 0.000016

Epoch 13, Iter 138 | Loss: 0.29 | Train Acc: 90.62%
Test Acc: 77.28% | LR: 0.000016

Epoch 13, Iter 158 | Loss: 0.11 | Train Acc: 96.88%
Test Acc: 76.79% | LR: 0.000016

Epoch 13, Iter 178 | Loss: 0.59 | Train Acc: 75.00%
Test Acc: 76.61% | LR: 0.000016

Epoch 13, Iter 198 | Loss: 0.48 | Train Acc: 87.50%
Test Acc: 77.05% | LR: 0.000008

Epoch 13, Iter 218 | Loss: 0.35 | Train Acc: 90.62%
Test Acc: 77.59% | LR: 0.000008

Epoch 13, Iter 238 | Loss: 0.22 | Train Acc: 93.75%
Test Acc: 77.63% | LR: 0.000008

Epoch 14, Iter 4 | Loss: 0.27 | Train Acc: 87.50%
Test Acc: 77.50% | LR: 0.000008

Epoch 14, Iter 24 | Loss: 0.22 | Train Acc: 93.75%
Test Acc: 77.59% | LR: 0.000008

Epoch 14, Iter 44 | Loss: 0.37 | Train Acc: 78.12%
Test Acc: 78.17% | LR: 0.000008

Epoch 14, Iter 64 | Loss: 0.32 | Train Acc: 81.25%
Test Acc: 77.72% | LR: 0.000008

Epoch 14, Iter 84 | Loss: 0.09 | Train Acc: 100.00%
Test Acc: 77.81% | LR: 0.000008

Epoch 14, Iter 104 | Loss: 0.16 | Train Acc: 96.88%
Test Acc: 77.63% | LR: 0.000008

Epoch 14, Iter 124 | Loss: 0.59 | Train Acc: 81.25%
Test Acc: 77.72% | LR: 0.000008

Epoch 14, Iter 144 | Loss: 0.10 | Train Acc: 96.88%
Test Acc: 77.41% | LR: 0.000008

Epoch 14, Iter 164 | Loss: 0.72 | Train Acc: 84.38%
Test Acc: 77.28% | LR: 0.000004

Epoch 14, Iter 184 | Loss: 0.52 | Train Acc: 78.12%
Test Acc: 77.37% | LR: 0.000004

Epoch 14, Iter 204 | Loss: 0.48 | Train Acc: 87.50%
Test Acc: 77.54% | LR: 0.000004

Epoch 14, Iter 224 | Loss: 0.12 | Train Acc: 96.88%
Test Acc: 77.50% | LR: 0.000004

Epoch 14, Iter 244 | Loss: 0.31 | Train Acc: 96.88%
Test Acc: 77.37% | LR: 0.000004

Epoch 15, Iter 10 | Loss: 0.51 | Train Acc: 81.25%
Test Acc: 77.68% | LR: 0.000004

Epoch 15, Iter 30 | Loss: 0.32 | Train Acc: 81.25%
Test Acc: 77.81% | LR: 0.000004

Epoch 15, Iter 50 | Loss: 0.36 | Train Acc: 84.38%
Test Acc: 77.37% | LR: 0.000004

Epoch 15, Iter 70 | Loss: 0.20 | Train Acc: 90.62%
Test Acc: 77.46% | LR: 0.000004

Epoch 15, Iter 90 | Loss: 0.64 | Train Acc: 81.25%
Test Acc: 77.63% | LR: 0.000004

Epoch 15, Iter 110 | Loss: 0.12 | Train Acc: 96.88%
Test Acc: 77.37% | LR: 0.000004

Epoch 15, Iter 130 | Loss: 0.15 | Train Acc: 96.88%
Test Acc: 77.41% | LR: 0.000002

Epoch 15, Iter 150 | Loss: 0.12 | Train Acc: 100.00%
Test Acc: 77.46% | LR: 0.000002

Epoch 15, Iter 170 | Loss: 0.60 | Train Acc: 81.25%
Test Acc: 77.54% | LR: 0.000002

Epoch 15, Iter 190 | Loss: 0.18 | Train Acc: 93.75%
Test Acc: 77.46% | LR: 0.000002

Epoch 15, Iter 210 | Loss: 0.37 | Train Acc: 81.25%
Test Acc: 77.59% | LR: 0.000002

Epoch 15, Iter 230 | Loss: 0.27 | Train Acc: 87.50%
Test Acc: 77.54% | LR: 0.000002

Epoch 15, Iter 250 | Loss: 0.18 | Train Acc: 90.62%
Test Acc: 77.19% | LR: 0.000002

Epoch 16, Iter 16 | Loss: 0.30 | Train Acc: 87.50%
Test Acc: 77.54% | LR: 0.000002

Epoch 16, Iter 36 | Loss: 0.11 | Train Acc: 100.00%
Test Acc: 77.59% | LR: 0.000002

Epoch 16, Iter 56 | Loss: 1.65 | Train Acc: 53.12%
Test Acc: 77.41% | LR: 0.000002

Epoch 16, Iter 76 | Loss: 0.08 | Train Acc: 100.00%
Test Acc: 77.68% | LR: 0.000002

Epoch 16, Iter 96 | Loss: 0.33 | Train Acc: 87.50%
Test Acc: 77.63% | LR: 0.000001

Epoch 16, Iter 116 | Loss: 0.15 | Train Acc: 93.75%
Test Acc: 77.50% | LR: 0.000001

Epoch 16, Iter 136 | Loss: 0.22 | Train Acc: 87.50%
Test Acc: 77.50% | LR: 0.000001

Epoch 16, Iter 156 | Loss: 0.42 | Train Acc: 75.00%
Test Acc: 77.63% | LR: 0.000001

Epoch 16, Iter 176 | Loss: 0.33 | Train Acc: 81.25%
Test Acc: 77.59% | LR: 0.000001

Epoch 16, Iter 196 | Loss: 0.18 | Train Acc: 93.75%
Test Acc: 77.50% | LR: 0.000001

Epoch 16, Iter 216 | Loss: 0.43 | Train Acc: 87.50%
Test Acc: 77.77% | LR: 0.000001

Epoch 16, Iter 236 | Loss: 0.33 | Train Acc: 90.62%
Test Acc: 77.50% | LR: 0.000001

Epoch 17, Iter 2 | Loss: 0.16 | Train Acc: 96.88%
Test Acc: 77.50% | LR: 0.000001

Epoch 17, Iter 22 | Loss: 0.18 | Train Acc: 93.75%
Test Acc: 77.41% | LR: 0.000001

Epoch 17, Iter 42 | Loss: 0.28 | Train Acc: 87.50%
Test Acc: 77.68% | LR: 0.000001

Epoch 17, Iter 62 | Loss: 0.14 | Train Acc: 96.88%
Test Acc: 77.54% | LR: 0.000001

Epoch 17, Iter 82 | Loss: 0.20 | Train Acc: 90.62%
Test Acc: 77.54% | LR: 0.000001

Epoch 17, Iter 102 | Loss: 0.12 | Train Acc: 96.88%
Test Acc: 77.59% | LR: 0.000001

Epoch 17, Iter 122 | Loss: 0.15 | Train Acc: 93.75%
Test Acc: 77.63% | LR: 0.000001

Epoch 17, Iter 142 | Loss: 0.10 | Train Acc: 96.88%
Test Acc: 77.81% | LR: 0.000001

Epoch 17, Iter 162 | Loss: 0.19 | Train Acc: 90.62%
Test Acc: 77.63% | LR: 0.000001

Epoch 17, Iter 182 | Loss: 0.27 | Train Acc: 93.75%
Test Acc: 77.46% | LR: 0.000001

Epoch 17, Iter 202 | Loss: 0.13 | Train Acc: 96.88%
Test Acc: 77.63% | LR: 0.000001

Epoch 17, Iter 222 | Loss: 0.66 | Train Acc: 81.25%
Test Acc: 77.59% | LR: 0.000001

Epoch 17, Iter 242 | Loss: 0.32 | Train Acc: 81.25%
Test Acc: 77.54% | LR: 0.000001

Epoch 18, Iter 8 | Loss: 0.40 | Train Acc: 81.25%
Test Acc: 77.59% | LR: 0.000001

Epoch 18, Iter 28 | Loss: 0.18 | Train Acc: 93.75%
Test Acc: 77.46% | LR: 0.000001

Epoch 18, Iter 48 | Loss: 0.45 | Train Acc: 93.75%
Test Acc: 77.46% | LR: 0.000001

Epoch 18, Iter 68 | Loss: 0.33 | Train Acc: 87.50%
Test Acc: 77.37% | LR: 0.000001

Epoch 18, Iter 88 | Loss: 0.32 | Train Acc: 90.62%
Test Acc: 77.32% | LR: 0.000001

Epoch 18, Iter 108 | Loss: 0.11 | Train Acc: 100.00%
Test Acc: 77.46% | LR: 0.000001

Epoch 18, Iter 128 | Loss: 0.34 | Train Acc: 93.75%
Test Acc: 77.05% | LR: 0.000001

Epoch 18, Iter 148 | Loss: 5.68 | Train Acc: 37.50%
Test Acc: 77.37% | LR: 0.000001

Epoch 18, Iter 168 | Loss: 0.72 | Train Acc: 84.38%
Test Acc: 77.37% | LR: 0.000001

Epoch 18, Iter 188 | Loss: 0.10 | Train Acc: 100.00%
Test Acc: 77.59% | LR: 0.000001

Epoch 18, Iter 208 | Loss: 0.15 | Train Acc: 96.88%
Test Acc: 77.68% | LR: 0.000001

Epoch 18, Iter 228 | Loss: 0.24 | Train Acc: 87.50%
Test Acc: 77.54% | LR: 0.000001

Epoch 18, Iter 248 | Loss: 0.50 | Train Acc: 84.38%
Test Acc: 77.72% | LR: 0.000001

Epoch 19, Iter 14 | Loss: 0.39 | Train Acc: 90.62%
Test Acc: 77.41% | LR: 0.000001

Epoch 19, Iter 34 | Loss: 0.10 | Train Acc: 100.00%
Test Acc: 77.41% | LR: 0.000001

Epoch 19, Iter 54 | Loss: 0.53 | Train Acc: 84.38%
Test Acc: 77.46% | LR: 0.000001

Epoch 19, Iter 74 | Loss: 0.15 | Train Acc: 90.62%
Test Acc: 77.54% | LR: 0.000001

Epoch 19, Iter 94 | Loss: 0.70 | Train Acc: 81.25%
Test Acc: 77.63% | LR: 0.000001

Epoch 19, Iter 114 | Loss: 0.35 | Train Acc: 81.25%
Test Acc: 77.77% | LR: 0.000001

Epoch 19, Iter 134 | Loss: 0.25 | Train Acc: 87.50%
Test Acc: 77.59% | LR: 0.000001

Epoch 19, Iter 154 | Loss: 0.10 | Train Acc: 100.00%
Test Acc: 77.59% | LR: 0.000001

Epoch 19, Iter 174 | Loss: 0.55 | Train Acc: 78.12%
Test Acc: 77.59% | LR: 0.000001

Epoch 19, Iter 194 | Loss: 0.34 | Train Acc: 81.25%
Test Acc: 77.72% | LR: 0.000001

Epoch 19, Iter 214 | Loss: 0.78 | Train Acc: 84.38%
Test Acc: 77.68% | LR: 0.000001

Epoch 19, Iter 234 | Loss: 0.36 | Train Acc: 90.62%
Test Acc: 77.77% | LR: 0.000001

Epoch 20, Iter 0 | Loss: 0.16 | Train Acc: 96.88%
Test Acc: 77.81% | LR: 0.000001

Epoch 20, Iter 20 | Loss: 0.43 | Train Acc: 87.50%
Test Acc: 77.50% | LR: 0.000001

Epoch 20, Iter 40 | Loss: 0.24 | Train Acc: 90.62%
Test Acc: 77.63% | LR: 0.000001

Epoch 20, Iter 60 | Loss: 0.15 | Train Acc: 93.75%
Test Acc: 77.81% | LR: 0.000001

Epoch 20, Iter 80 | Loss: 0.18 | Train Acc: 90.62%
Test Acc: 77.77% | LR: 0.000001

Epoch 20, Iter 100 | Loss: 0.33 | Train Acc: 84.38%
Test Acc: 77.50% | LR: 0.000001

Epoch 20, Iter 120 | Loss: 0.42 | Train Acc: 87.50%
Test Acc: 77.68% | LR: 0.000001

Epoch 20, Iter 140 | Loss: 0.21 | Train Acc: 96.88%
Test Acc: 77.81% | LR: 0.000001

Epoch 20, Iter 160 | Loss: 0.18 | Train Acc: 90.62%
Test Acc: 77.68% | LR: 0.000001

Epoch 20, Iter 180 | Loss: 0.20 | Train Acc: 90.62%
Test Acc: 77.54% | LR: 0.000001

Epoch 20, Iter 200 | Loss: 0.46 | Train Acc: 84.38%
Test Acc: 77.54% | LR: 0.000001

Epoch 20, Iter 220 | Loss: 0.17 | Train Acc: 96.88%
Test Acc: 77.41% | LR: 0.000001

Epoch 20, Iter 240 | Loss: 0.75 | Train Acc: 78.12%
Test Acc: 77.46% | LR: 0.000001

Epoch 21, Iter 6 | Loss: 0.25 | Train Acc: 90.62%
Test Acc: 77.63% | LR: 0.000001

Epoch 21, Iter 26 | Loss: 0.34 | Train Acc: 93.75%
Test Acc: 77.81% | LR: 0.000001

Epoch 21, Iter 46 | Loss: 2.64 | Train Acc: 56.25%
Test Acc: 77.81% | LR: 0.000001

Epoch 21, Iter 66 | Loss: 0.30 | Train Acc: 90.62%
Test Acc: 77.72% | LR: 0.000001

Epoch 21, Iter 86 | Loss: 0.29 | Train Acc: 87.50%
Test Acc: 77.46% | LR: 0.000001

Epoch 21, Iter 106 | Loss: 0.37 | Train Acc: 81.25%
Test Acc: 77.72% | LR: 0.000001

Epoch 21, Iter 126 | Loss: 0.39 | Train Acc: 81.25%
Test Acc: 77.54% | LR: 0.000001

Epoch 21, Iter 146 | Loss: 0.30 | Train Acc: 90.62%
Test Acc: 77.59% | LR: 0.000001

Epoch 21, Iter 166 | Loss: 0.29 | Train Acc: 93.75%
Test Acc: 77.68% | LR: 0.000001

Epoch 21, Iter 186 | Loss: 0.08 | Train Acc: 100.00%
Test Acc: 77.63% | LR: 0.000001

Epoch 21, Iter 206 | Loss: 0.17 | Train Acc: 93.75%
Test Acc: 77.72% | LR: 0.000001

Epoch 21, Iter 226 | Loss: 0.39 | Train Acc: 90.62%
Test Acc: 77.81% | LR: 0.000001

Epoch 21, Iter 246 | Loss: 0.22 | Train Acc: 87.50%
Test Acc: 77.54% | LR: 0.000001

Epoch 22, Iter 12 | Loss: 0.10 | Train Acc: 100.00%
Test Acc: 77.59% | LR: 0.000001

Epoch 22, Iter 32 | Loss: 0.31 | Train Acc: 87.50%
Test Acc: 77.50% | LR: 0.000001

Epoch 22, Iter 52 | Loss: 0.26 | Train Acc: 90.62%
Test Acc: 77.54% | LR: 0.000001

Epoch 22, Iter 72 | Loss: 0.37 | Train Acc: 84.38%
Test Acc: 77.72% | LR: 0.000001

Epoch 22, Iter 92 | Loss: 0.30 | Train Acc: 87.50%
Test Acc: 77.77% | LR: 0.000001

Epoch 22, Iter 112 | Loss: 0.19 | Train Acc: 93.75%
Test Acc: 77.68% | LR: 0.000001

Epoch 22, Iter 132 | Loss: 0.28 | Train Acc: 90.62%
Test Acc: 77.72% | LR: 0.000001

Epoch 22, Iter 152 | Loss: 0.35 | Train Acc: 81.25%
Test Acc: 77.54% | LR: 0.000001

Epoch 22, Iter 172 | Loss: 0.22 | Train Acc: 93.75%
Test Acc: 77.72% | LR: 0.000001

Epoch 22, Iter 192 | Loss: 0.08 | Train Acc: 96.88%
Test Acc: 77.68% | LR: 0.000001

Epoch 22, Iter 212 | Loss: 0.19 | Train Acc: 90.62%
Test Acc: 77.95% | LR: 0.000001

Epoch 22, Iter 232 | Loss: 0.22 | Train Acc: 90.62%
Test Acc: 77.32% | LR: 0.000001

Epoch 22, Iter 252 | Loss: 0.17 | Train Acc: 90.62%
Test Acc: 77.77% | LR: 0.000001

Epoch 23, Iter 18 | Loss: 0.33 | Train Acc: 90.62%
Test Acc: 77.59% | LR: 0.000001

Epoch 23, Iter 38 | Loss: 0.44 | Train Acc: 84.38%
Test Acc: 77.59% | LR: 0.000001

Epoch 23, Iter 58 | Loss: 0.26 | Train Acc: 90.62%
Test Acc: 77.46% | LR: 0.000001

Epoch 23, Iter 78 | Loss: 0.86 | Train Acc: 75.00%
Test Acc: 77.50% | LR: 0.000001

Epoch 23, Iter 98 | Loss: 0.15 | Train Acc: 87.50%
Test Acc: 77.50% | LR: 0.000001

Epoch 23, Iter 118 | Loss: 0.40 | Train Acc: 87.50%
Test Acc: 77.50% | LR: 0.000001

Epoch 23, Iter 138 | Loss: 0.21 | Train Acc: 90.62%
Test Acc: 77.41% | LR: 0.000001

Epoch 23, Iter 158 | Loss: 0.11 | Train Acc: 100.00%
Test Acc: 77.63% | LR: 0.000001

Epoch 23, Iter 178 | Loss: 0.29 | Train Acc: 90.62%
Test Acc: 77.63% | LR: 0.000001

Epoch 23, Iter 198 | Loss: 0.16 | Train Acc: 93.75%
Test Acc: 77.86% | LR: 0.000001

Epoch 23, Iter 218 | Loss: 0.31 | Train Acc: 87.50%
Test Acc: 77.59% | LR: 0.000001

Epoch 23, Iter 238 | Loss: 0.29 | Train Acc: 87.50%
Test Acc: 77.63% | LR: 0.000001

Epoch 24, Iter 4 | Loss: 0.25 | Train Acc: 87.50%
Test Acc: 77.59% | LR: 0.000001

Epoch 24, Iter 24 | Loss: 0.15 | Train Acc: 96.88%
Test Acc: 77.59% | LR: 0.000001

Epoch 24, Iter 44 | Loss: 0.67 | Train Acc: 78.12%
Test Acc: 77.54% | LR: 0.000001

Epoch 24, Iter 64 | Loss: 0.53 | Train Acc: 84.38%
Test Acc: 77.41% | LR: 0.000001

Epoch 24, Iter 84 | Loss: 0.27 | Train Acc: 87.50%
Test Acc: 77.59% | LR: 0.000001

Epoch 24, Iter 104 | Loss: 0.55 | Train Acc: 84.38%
Test Acc: 77.59% | LR: 0.000001

Epoch 24, Iter 124 | Loss: 0.18 | Train Acc: 96.88%
Test Acc: 77.54% | LR: 0.000001

Epoch 24, Iter 144 | Loss: 0.36 | Train Acc: 84.38%
Test Acc: 77.63% | LR: 0.000001

Epoch 24, Iter 164 | Loss: 0.33 | Train Acc: 84.38%
Test Acc: 77.54% | LR: 0.000001

Epoch 24, Iter 184 | Loss: 0.19 | Train Acc: 90.62%
Test Acc: 77.50% | LR: 0.000001

Epoch 24, Iter 204 | Loss: 0.45 | Train Acc: 84.38%
Test Acc: 77.37% | LR: 0.000001

Epoch 24, Iter 224 | Loss: 0.25 | Train Acc: 90.62%
Test Acc: 77.68% | LR: 0.000001

Epoch 24, Iter 244 | Loss: 0.32 | Train Acc: 90.62%
Test Acc: 77.72% | LR: 0.000001

Epoch 25, Iter 10 | Loss: 0.46 | Train Acc: 87.50%
Test Acc: 77.81% | LR: 0.000001

Epoch 25, Iter 30 | Loss: 0.33 | Train Acc: 84.38%
Test Acc: 77.77% | LR: 0.000001

Epoch 25, Iter 50 | Loss: 0.26 | Train Acc: 90.62%
Test Acc: 77.54% | LR: 0.000001

Epoch 25, Iter 70 | Loss: 0.16 | Train Acc: 90.62%
Test Acc: 77.54% | LR: 0.000001

Epoch 25, Iter 90 | Loss: 0.44 | Train Acc: 81.25%
Test Acc: 77.77% | LR: 0.000001

Epoch 25, Iter 110 | Loss: 0.36 | Train Acc: 90.62%
Test Acc: 77.72% | LR: 0.000001

Epoch 25, Iter 130 | Loss: 0.77 | Train Acc: 84.38%
Test Acc: 77.72% | LR: 0.000001

Epoch 25, Iter 150 | Loss: 0.15 | Train Acc: 93.75%
Test Acc: 77.68% | LR: 0.000001

Epoch 25, Iter 170 | Loss: 0.27 | Train Acc: 90.62%
Test Acc: 77.50% | LR: 0.000001

Epoch 25, Iter 190 | Loss: 0.34 | Train Acc: 87.50%
Test Acc: 77.77% | LR: 0.000001

Epoch 25, Iter 210 | Loss: 0.12 | Train Acc: 96.88%
Test Acc: 77.77% | LR: 0.000001

Epoch 25, Iter 230 | Loss: 0.42 | Train Acc: 84.38%
Test Acc: 77.99% | LR: 0.000001

Epoch 25, Iter 250 | Loss: 0.06 | Train Acc: 100.00%
Test Acc: 77.81% | LR: 0.000001

Epoch 26, Iter 16 | Loss: 0.41 | Train Acc: 81.25%
Test Acc: 77.90% | LR: 0.000001

Epoch 26, Iter 36 | Loss: 0.27 | Train Acc: 84.38%
Test Acc: 77.77% | LR: 0.000001

Epoch 26, Iter 56 | Loss: 0.07 | Train Acc: 100.00%
Test Acc: 77.59% | LR: 0.000001

Epoch 26, Iter 76 | Loss: 0.31 | Train Acc: 87.50%
Test Acc: 77.50% | LR: 0.000001

Epoch 26, Iter 96 | Loss: 0.37 | Train Acc: 87.50%
Test Acc: 77.63% | LR: 0.000001

Epoch 26, Iter 116 | Loss: 0.11 | Train Acc: 93.75%
Test Acc: 77.68% | LR: 0.000001

Epoch 26, Iter 136 | Loss: 0.24 | Train Acc: 90.62%
Test Acc: 77.68% | LR: 0.000001

Epoch 26, Iter 156 | Loss: 0.20 | Train Acc: 90.62%
Test Acc: 77.59% | LR: 0.000001

Epoch 26, Iter 176 | Loss: 0.31 | Train Acc: 87.50%
Test Acc: 77.81% | LR: 0.000001

Epoch 26, Iter 196 | Loss: 0.29 | Train Acc: 87.50%
Test Acc: 77.81% | LR: 0.000001

Epoch 26, Iter 216 | Loss: 0.35 | Train Acc: 84.38%
Test Acc: 77.68% | LR: 0.000001

Epoch 26, Iter 236 | Loss: 0.27 | Train Acc: 93.75%
Test Acc: 77.81% | LR: 0.000001

Epoch 27, Iter 2 | Loss: 0.27 | Train Acc: 87.50%
Test Acc: 77.72% | LR: 0.000001

Epoch 27, Iter 22 | Loss: 0.09 | Train Acc: 96.88%
Test Acc: 77.68% | LR: 0.000001

Epoch 27, Iter 42 | Loss: 0.25 | Train Acc: 90.62%
Test Acc: 77.81% | LR: 0.000001

Epoch 27, Iter 62 | Loss: 0.22 | Train Acc: 90.62%
Test Acc: 77.90% | LR: 0.000001

Epoch 27, Iter 82 | Loss: 0.21 | Train Acc: 90.62%
Test Acc: 77.72% | LR: 0.000001

Epoch 27, Iter 102 | Loss: 0.09 | Train Acc: 96.88%
Test Acc: 77.63% | LR: 0.000001

Epoch 27, Iter 122 | Loss: 0.11 | Train Acc: 96.88%
Test Acc: 77.54% | LR: 0.000001

Epoch 27, Iter 142 | Loss: 0.13 | Train Acc: 93.75%
Test Acc: 77.72% | LR: 0.000001

Epoch 27, Iter 162 | Loss: 0.33 | Train Acc: 90.62%
Test Acc: 77.63% | LR: 0.000001

Epoch 27, Iter 182 | Loss: 0.26 | Train Acc: 84.38%
Test Acc: 77.54% | LR: 0.000001

Epoch 27, Iter 202 | Loss: 0.84 | Train Acc: 65.62%
Test Acc: 77.59% | LR: 0.000001

Epoch 27, Iter 222 | Loss: 0.29 | Train Acc: 90.62%
Test Acc: 77.90% | LR: 0.000001

Epoch 27, Iter 242 | Loss: 0.12 | Train Acc: 93.75%
Test Acc: 77.59% | LR: 0.000001

Epoch 28, Iter 8 | Loss: 0.17 | Train Acc: 96.88%
Test Acc: 77.59% | LR: 0.000001

Epoch 28, Iter 28 | Loss: 0.27 | Train Acc: 90.62%
Test Acc: 77.63% | LR: 0.000001

Epoch 28, Iter 48 | Loss: 0.19 | Train Acc: 93.75%
Test Acc: 77.46% | LR: 0.000001

Epoch 28, Iter 68 | Loss: 0.28 | Train Acc: 96.88%
Test Acc: 77.50% | LR: 0.000001

Epoch 28, Iter 88 | Loss: 0.19 | Train Acc: 90.62%
Test Acc: 77.46% | LR: 0.000001

Epoch 28, Iter 108 | Loss: 0.22 | Train Acc: 90.62%
Test Acc: 77.41% | LR: 0.000001

Epoch 28, Iter 128 | Loss: 0.38 | Train Acc: 90.62%
Test Acc: 77.41% | LR: 0.000001

Epoch 28, Iter 148 | Loss: 0.17 | Train Acc: 90.62%
Test Acc: 77.54% | LR: 0.000001

Epoch 28, Iter 168 | Loss: 0.13 | Train Acc: 96.88%
Test Acc: 77.72% | LR: 0.000001

Epoch 28, Iter 188 | Loss: 0.33 | Train Acc: 90.62%
Test Acc: 77.46% | LR: 0.000001

Epoch 28, Iter 208 | Loss: 0.45 | Train Acc: 84.38%
Test Acc: 77.23% | LR: 0.000001

Epoch 28, Iter 228 | Loss: 0.31 | Train Acc: 90.62%
Test Acc: 77.46% | LR: 0.000001

Epoch 28, Iter 248 | Loss: 0.58 | Train Acc: 81.25%
Test Acc: 77.77% | LR: 0.000001

Epoch 29, Iter 14 | Loss: 0.26 | Train Acc: 90.62%
Test Acc: 77.32% | LR: 0.000001

Epoch 29, Iter 34 | Loss: 0.43 | Train Acc: 84.38%
Test Acc: 77.72% | LR: 0.000001

Epoch 29, Iter 54 | Loss: 0.35 | Train Acc: 87.50%
Test Acc: 77.50% | LR: 0.000001

Epoch 29, Iter 74 | Loss: 0.18 | Train Acc: 93.75%
Test Acc: 77.50% | LR: 0.000001

Epoch 29, Iter 94 | Loss: 0.37 | Train Acc: 90.62%
Test Acc: 77.72% | LR: 0.000001

Epoch 29, Iter 114 | Loss: 0.36 | Train Acc: 84.38%
Test Acc: 77.63% | LR: 0.000001

Epoch 29, Iter 134 | Loss: 0.19 | Train Acc: 96.88%
Test Acc: 77.81% | LR: 0.000001

Epoch 29, Iter 154 | Loss: 0.15 | Train Acc: 93.75%
Test Acc: 77.72% | LR: 0.000001

Epoch 29, Iter 174 | Loss: 0.19 | Train Acc: 90.62%
Test Acc: 77.63% | LR: 0.000001

Epoch 29, Iter 194 | Loss: 0.40 | Train Acc: 87.50%
Test Acc: 77.59% | LR: 0.000001

Epoch 29, Iter 214 | Loss: 0.09 | Train Acc: 96.88%
Test Acc: 77.68% | LR: 0.000001

Epoch 29, Iter 234 | Loss: 0.15 | Train Acc: 93.75%
Test Acc: 77.41% | LR: 0.000001

Epoch 30, Iter 0 | Loss: 0.31 | Train Acc: 84.38%
Test Acc: 77.59% | LR: 0.000001

Epoch 30, Iter 20 | Loss: 0.48 | Train Acc: 81.25%
Test Acc: 77.68% | LR: 0.000001

Epoch 30, Iter 40 | Loss: 0.36 | Train Acc: 84.38%
Test Acc: 77.77% | LR: 0.000001

Epoch 30, Iter 60 | Loss: 1.14 | Train Acc: 56.25%
Test Acc: 77.63% | LR: 0.000001

Epoch 30, Iter 80 | Loss: 0.29 | Train Acc: 87.50%
Test Acc: 77.63% | LR: 0.000001

Epoch 30, Iter 100 | Loss: 0.23 | Train Acc: 93.75%
Test Acc: 77.77% | LR: 0.000001

Epoch 30, Iter 120 | Loss: 0.24 | Train Acc: 96.88%
Test Acc: 77.90% | LR: 0.000001

Epoch 30, Iter 140 | Loss: 0.40 | Train Acc: 87.50%
Test Acc: 77.72% | LR: 0.000001

Epoch 30, Iter 160 | Loss: 0.30 | Train Acc: 96.88%
Test Acc: 77.68% | LR: 0.000001

Epoch 30, Iter 180 | Loss: 0.15 | Train Acc: 93.75%
Test Acc: 77.90% | LR: 0.000001

Epoch 30, Iter 200 | Loss: 0.16 | Train Acc: 96.88%
Test Acc: 77.95% | LR: 0.000001

Epoch 30, Iter 220 | Loss: 0.39 | Train Acc: 87.50%
Test Acc: 77.59% | LR: 0.000001

Epoch 30, Iter 240 | Loss: 0.88 | Train Acc: 78.12%
Test Acc: 77.63% | LR: 0.000001

Epoch 31, Iter 6 | Loss: 1.28 | Train Acc: 56.25%
Test Acc: 77.54% | LR: 0.000001

Epoch 31, Iter 26 | Loss: 0.32 | Train Acc: 93.75%
Test Acc: 77.68% | LR: 0.000001

Epoch 31, Iter 46 | Loss: 0.24 | Train Acc: 90.62%
Test Acc: 77.54% | LR: 0.000001

Epoch 31, Iter 66 | Loss: 0.22 | Train Acc: 96.88%
Test Acc: 77.68% | LR: 0.000001

Epoch 31, Iter 86 | Loss: 0.24 | Train Acc: 93.75%
Test Acc: 77.50% | LR: 0.000001

Epoch 31, Iter 106 | Loss: 0.12 | Train Acc: 96.88%
Test Acc: 77.50% | LR: 0.000001

Epoch 31, Iter 126 | Loss: 0.51 | Train Acc: 84.38%
Test Acc: 77.54% | LR: 0.000001

Epoch 31, Iter 146 | Loss: 0.17 | Train Acc: 96.88%
Test Acc: 77.54% | LR: 0.000001

Epoch 31, Iter 166 | Loss: 0.21 | Train Acc: 96.88%
Test Acc: 77.72% | LR: 0.000001

Epoch 31, Iter 186 | Loss: 0.35 | Train Acc: 84.38%
Test Acc: 77.68% | LR: 0.000001

Epoch 31, Iter 206 | Loss: 0.48 | Train Acc: 81.25%
Test Acc: 77.77% | LR: 0.000001

Epoch 31, Iter 226 | Loss: 0.35 | Train Acc: 84.38%
Test Acc: 77.68% | LR: 0.000001

Epoch 31, Iter 246 | Loss: 1.38 | Train Acc: 71.88%
Test Acc: 77.68% | LR: 0.000001

Epoch 32, Iter 12 | Loss: 0.47 | Train Acc: 87.50%
Test Acc: 77.68% | LR: 0.000001

Epoch 32, Iter 32 | Loss: 1.08 | Train Acc: 75.00%
Test Acc: 77.54% | LR: 0.000001

Epoch 32, Iter 52 | Loss: 0.19 | Train Acc: 90.62%
Test Acc: 77.63% | LR: 0.000001

Epoch 32, Iter 72 | Loss: 0.27 | Train Acc: 84.38%
Test Acc: 77.41% | LR: 0.000001

Epoch 32, Iter 92 | Loss: 0.06 | Train Acc: 100.00%
Test Acc: 77.46% | LR: 0.000001

Epoch 32, Iter 112 | Loss: 0.26 | Train Acc: 93.75%
Test Acc: 77.54% | LR: 0.000001

Epoch 32, Iter 132 | Loss: 0.25 | Train Acc: 90.62%
Test Acc: 77.41% | LR: 0.000001

Epoch 32, Iter 152 | Loss: 0.18 | Train Acc: 93.75%
Test Acc: 77.77% | LR: 0.000001

Epoch 32, Iter 172 | Loss: 0.31 | Train Acc: 93.75%
Test Acc: 77.72% | LR: 0.000001

Epoch 32, Iter 192 | Loss: 0.35 | Train Acc: 87.50%
Test Acc: 77.81% | LR: 0.000001

Epoch 32, Iter 212 | Loss: 0.24 | Train Acc: 90.62%
Test Acc: 77.63% | LR: 0.000001

Epoch 32, Iter 232 | Loss: 0.40 | Train Acc: 87.50%
Test Acc: 77.68% | LR: 0.000001

Epoch 32, Iter 252 | Loss: 0.09 | Train Acc: 100.00%
Test Acc: 77.86% | LR: 0.000001

Epoch 33, Iter 18 | Loss: 0.36 | Train Acc: 87.50%
Test Acc: 77.81% | LR: 0.000001

Epoch 33, Iter 38 | Loss: 0.31 | Train Acc: 93.75%
Test Acc: 77.68% | LR: 0.000001

Epoch 33, Iter 58 | Loss: 0.43 | Train Acc: 81.25%
Test Acc: 77.72% | LR: 0.000001

Epoch 33, Iter 78 | Loss: 0.28 | Train Acc: 93.75%
Test Acc: 77.77% | LR: 0.000001

Epoch 33, Iter 98 | Loss: 0.54 | Train Acc: 84.38%
Test Acc: 77.81% | LR: 0.000001

Epoch 33, Iter 118 | Loss: 0.31 | Train Acc: 90.62%
Test Acc: 77.86% | LR: 0.000001

Epoch 33, Iter 138 | Loss: 0.34 | Train Acc: 90.62%
Test Acc: 77.72% | LR: 0.000001

Epoch 33, Iter 158 | Loss: 0.35 | Train Acc: 84.38%
Test Acc: 77.50% | LR: 0.000001

Epoch 33, Iter 178 | Loss: 0.24 | Train Acc: 93.75%
Test Acc: 77.32% | LR: 0.000001

Epoch 33, Iter 198 | Loss: 0.12 | Train Acc: 93.75%
Test Acc: 77.77% | LR: 0.000001

Epoch 33, Iter 218 | Loss: 0.20 | Train Acc: 93.75%
Test Acc: 77.63% | LR: 0.000001

Epoch 33, Iter 238 | Loss: 0.23 | Train Acc: 90.62%
Test Acc: 77.77% | LR: 0.000001

Epoch 34, Iter 4 | Loss: 0.30 | Train Acc: 90.62%
Test Acc: 77.81% | LR: 0.000001

Epoch 34, Iter 24 | Loss: 0.30 | Train Acc: 87.50%
Test Acc: 77.81% | LR: 0.000001

Epoch 34, Iter 44 | Loss: 0.18 | Train Acc: 93.75%
Test Acc: 77.81% | LR: 0.000001

Epoch 34, Iter 64 | Loss: 0.30 | Train Acc: 90.62%
Test Acc: 77.77% | LR: 0.000001

Epoch 34, Iter 84 | Loss: 0.24 | Train Acc: 93.75%
Test Acc: 77.54% | LR: 0.000001

Epoch 34, Iter 104 | Loss: 0.23 | Train Acc: 90.62%
