=== BASELINE START Tue Mar 10 16:49:50 UTC 2026 ===
Starting training — arch=feedforward, hidden=512, dt=10ms, target_rate=14.0Hz, rate_lam=0.001, spike_lam=0.0, init_lr=1e-05, target_lr=0.0005, early_stop=15
Epoch 0, Iter 0 | Loss: 3.69 | Train Acc: 0.00% | LR: 0.000010
Epoch 0, Iter 20 | Loss: 2.99 | Train Acc: 6.25% | LR: 0.000500
Epoch 0, Iter 40 | Loss: 2.93 | Train Acc: 6.25% | LR: 0.000500
Epoch 0, Iter 60 | Loss: 2.95 | Train Acc: 18.75% | LR: 0.000500
Epoch 0, Iter 80 | Loss: 3.07 | Train Acc: 9.38% | LR: 0.000500
Epoch 0, Iter 100 | Loss: 2.59 | Train Acc: 21.88% | LR: 0.000500
Epoch 0, Iter 120 | Loss: 2.97 | Train Acc: 6.25% | LR: 0.000500
Epoch 0, Iter 140 | Loss: 2.90 | Train Acc: 12.50% | LR: 0.000500
Epoch 0, Iter 160 | Loss: 2.82 | Train Acc: 15.62% | LR: 0.000500
Epoch 0, Iter 180 | Loss: 2.82 | Train Acc: 12.50% | LR: 0.000500
Epoch 0, Iter 200 | Loss: 2.45 | Train Acc: 25.00% | LR: 0.000500
Epoch 0, Iter 220 | Loss: 2.61 | Train Acc: 18.75% | LR: 0.000500
Epoch 0, Iter 240 | Loss: 2.64 | Train Acc: 18.75% | LR: 0.000500
  Dead neuron bump: layer 1 — 10 dead neurons bumped
  Dead neuron bump: layer 3 — 7 dead neurons bumped
Epoch 0 | Test Acc: 22.95% | LR: 0.000500

Epoch 1, Iter 6 | Loss: 2.27 | Train Acc: 28.12% | LR: 0.000500
Epoch 1, Iter 26 | Loss: 2.49 | Train Acc: 25.00% | LR: 0.000500
Epoch 1, Iter 46 | Loss: 2.36 | Train Acc: 31.25% | LR: 0.000500
Epoch 1, Iter 66 | Loss: 2.46 | Train Acc: 31.25% | LR: 0.000500
Epoch 1, Iter 86 | Loss: 1.96 | Train Acc: 37.50% | LR: 0.000500
Epoch 1, Iter 106 | Loss: 2.32 | Train Acc: 31.25% | LR: 0.000500
Epoch 1, Iter 126 | Loss: 2.15 | Train Acc: 28.12% | LR: 0.000500
Epoch 1, Iter 146 | Loss: 2.29 | Train Acc: 31.25% | LR: 0.000500
Epoch 1, Iter 166 | Loss: 2.02 | Train Acc: 37.50% | LR: 0.000500
Epoch 1, Iter 186 | Loss: 1.90 | Train Acc: 37.50% | LR: 0.000500
Epoch 1, Iter 206 | Loss: 2.04 | Train Acc: 37.50% | LR: 0.000500
Epoch 1, Iter 226 | Loss: 1.85 | Train Acc: 56.25% | LR: 0.000500
Epoch 1, Iter 246 | Loss: 2.18 | Train Acc: 31.25% | LR: 0.000500
  Dead neuron bump: layer 1 — 88 dead neurons bumped
  Dead neuron bump: layer 3 — 31 dead neurons bumped
Epoch 1 | Test Acc: 27.63% | LR: 0.000500

Epoch 2, Iter 12 | Loss: 1.62 | Train Acc: 50.00% | LR: 0.000500
Epoch 2, Iter 32 | Loss: 1.87 | Train Acc: 40.62% | LR: 0.000500
Epoch 2, Iter 52 | Loss: 2.38 | Train Acc: 25.00% | LR: 0.000500
Epoch 2, Iter 72 | Loss: 1.81 | Train Acc: 37.50% | LR: 0.000500
Epoch 2, Iter 92 | Loss: 2.01 | Train Acc: 43.75% | LR: 0.000500
Epoch 2, Iter 112 | Loss: 1.49 | Train Acc: 53.12% | LR: 0.000500
Epoch 2, Iter 132 | Loss: 1.62 | Train Acc: 50.00% | LR: 0.000500
Epoch 2, Iter 152 | Loss: 1.10 | Train Acc: 62.50% | LR: 0.000500
Epoch 2, Iter 172 | Loss: 1.37 | Train Acc: 56.25% | LR: 0.000500
Epoch 2, Iter 192 | Loss: 1.55 | Train Acc: 46.88% | LR: 0.000500
Epoch 2, Iter 212 | Loss: 1.33 | Train Acc: 53.12% | LR: 0.000500
Epoch 2, Iter 232 | Loss: 1.35 | Train Acc: 59.38% | LR: 0.000500
Epoch 2, Iter 252 | Loss: 1.68 | Train Acc: 50.00% | LR: 0.000500
  Dead neuron bump: layer 1 — 40 dead neurons bumped
  Dead neuron bump: layer 3 — 36 dead neurons bumped
Epoch 2 | Test Acc: 31.87% | LR: 0.000500

Epoch 3, Iter 18 | Loss: 1.53 | Train Acc: 46.88% | LR: 0.000500
Epoch 3, Iter 38 | Loss: 1.30 | Train Acc: 56.25% | LR: 0.000500
Epoch 3, Iter 58 | Loss: 1.46 | Train Acc: 46.88% | LR: 0.000500
Epoch 3, Iter 78 | Loss: 1.21 | Train Acc: 62.50% | LR: 0.000500
Epoch 3, Iter 98 | Loss: 1.53 | Train Acc: 56.25% | LR: 0.000500
Epoch 3, Iter 118 | Loss: 1.54 | Train Acc: 40.62% | LR: 0.000500
Epoch 3, Iter 138 | Loss: 1.57 | Train Acc: 46.88% | LR: 0.000500
Epoch 3, Iter 158 | Loss: 2.11 | Train Acc: 28.12% | LR: 0.000500
Epoch 3, Iter 178 | Loss: 1.42 | Train Acc: 50.00% | LR: 0.000500
Epoch 3, Iter 198 | Loss: 1.72 | Train Acc: 37.50% | LR: 0.000500
Epoch 3, Iter 218 | Loss: 1.64 | Train Acc: 43.75% | LR: 0.000500
Epoch 3, Iter 238 | Loss: 1.33 | Train Acc: 50.00% | LR: 0.000500
  Dead neuron bump: layer 1 — 46 dead neurons bumped
  Dead neuron bump: layer 3 — 32 dead neurons bumped
Epoch 3 | Test Acc: 39.29% | LR: 0.000500

Epoch 4, Iter 4 | Loss: 1.36 | Train Acc: 50.00% | LR: 0.000500
Epoch 4, Iter 24 | Loss: 1.43 | Train Acc: 56.25% | LR: 0.000500
Epoch 4, Iter 44 | Loss: 1.58 | Train Acc: 40.62% | LR: 0.000500
Epoch 4, Iter 64 | Loss: 1.34 | Train Acc: 50.00% | LR: 0.000500
Epoch 4, Iter 84 | Loss: 1.41 | Train Acc: 40.62% | LR: 0.000500
Epoch 4, Iter 104 | Loss: 1.26 | Train Acc: 62.50% | LR: 0.000500
Epoch 4, Iter 124 | Loss: 1.33 | Train Acc: 59.38% | LR: 0.000500
Epoch 4, Iter 144 | Loss: 0.98 | Train Acc: 68.75% | LR: 0.000500
Epoch 4, Iter 164 | Loss: 1.11 | Train Acc: 53.12% | LR: 0.000500
Epoch 4, Iter 184 | Loss: 1.45 | Train Acc: 53.12% | LR: 0.000500
Epoch 4, Iter 204 | Loss: 1.51 | Train Acc: 50.00% | LR: 0.000500
Epoch 4, Iter 224 | Loss: 1.22 | Train Acc: 53.12% | LR: 0.000500
Epoch 4, Iter 244 | Loss: 1.19 | Train Acc: 59.38% | LR: 0.000500
  Dead neuron bump: layer 1 — 36 dead neurons bumped
  Dead neuron bump: layer 3 — 26 dead neurons bumped
Epoch 4 | Test Acc: 37.81% | LR: 0.000500

Epoch 5, Iter 10 | Loss: 1.31 | Train Acc: 53.12% | LR: 0.000500
Epoch 5, Iter 30 | Loss: 1.14 | Train Acc: 68.75% | LR: 0.000500
Epoch 5, Iter 50 | Loss: 0.99 | Train Acc: 65.62% | LR: 0.000500
Epoch 5, Iter 70 | Loss: 1.48 | Train Acc: 43.75% | LR: 0.000500
Epoch 5, Iter 90 | Loss: 1.15 | Train Acc: 62.50% | LR: 0.000500
Epoch 5, Iter 110 | Loss: 1.23 | Train Acc: 56.25% | LR: 0.000500
Epoch 5, Iter 130 | Loss: 0.88 | Train Acc: 68.75% | LR: 0.000500
Epoch 5, Iter 150 | Loss: 0.85 | Train Acc: 75.00% | LR: 0.000500
Epoch 5, Iter 170 | Loss: 0.99 | Train Acc: 71.88% | LR: 0.000500
Epoch 5, Iter 190 | Loss: 0.93 | Train Acc: 84.38% | LR: 0.000500
Epoch 5, Iter 210 | Loss: 1.12 | Train Acc: 53.12% | LR: 0.000500
Epoch 5, Iter 230 | Loss: 1.18 | Train Acc: 59.38% | LR: 0.000500
Epoch 5, Iter 250 | Loss: 1.05 | Train Acc: 62.50% | LR: 0.000500
  Dead neuron bump: layer 1 — 40 dead neurons bumped
  Dead neuron bump: layer 3 — 16 dead neurons bumped
Epoch 5 | Test Acc: 39.87% | LR: 0.000500

Epoch 6, Iter 16 | Loss: 1.15 | Train Acc: 59.38% | LR: 0.000500
Epoch 6, Iter 36 | Loss: 0.89 | Train Acc: 65.62% | LR: 0.000500
Epoch 6, Iter 56 | Loss: 0.79 | Train Acc: 71.88% | LR: 0.000500
Epoch 6, Iter 76 | Loss: 1.07 | Train Acc: 65.62% | LR: 0.000500
Epoch 6, Iter 96 | Loss: 1.14 | Train Acc: 65.62% | LR: 0.000500
Epoch 6, Iter 116 | Loss: 0.98 | Train Acc: 71.88% | LR: 0.000500
Epoch 6, Iter 136 | Loss: 0.98 | Train Acc: 59.38% | LR: 0.000500
Epoch 6, Iter 156 | Loss: 1.12 | Train Acc: 68.75% | LR: 0.000500
Epoch 6, Iter 176 | Loss: 0.99 | Train Acc: 65.62% | LR: 0.000500
Epoch 6, Iter 196 | Loss: 1.03 | Train Acc: 53.12% | LR: 0.000500
Epoch 6, Iter 216 | Loss: 0.78 | Train Acc: 78.12% | LR: 0.000500
Epoch 6, Iter 236 | Loss: 1.13 | Train Acc: 59.38% | LR: 0.000500
  Dead neuron bump: layer 1 — 26 dead neurons bumped
  Dead neuron bump: layer 3 — 25 dead neurons bumped
Epoch 6 | Test Acc: 40.76% | LR: 0.000500

Epoch 7, Iter 2 | Loss: 1.13 | Train Acc: 62.50% | LR: 0.000500
Epoch 7, Iter 22 | Loss: 0.64 | Train Acc: 78.12% | LR: 0.000500
Epoch 7, Iter 42 | Loss: 0.78 | Train Acc: 71.88% | LR: 0.000500
Epoch 7, Iter 62 | Loss: 0.78 | Train Acc: 68.75% | LR: 0.000500
Epoch 7, Iter 82 | Loss: 0.87 | Train Acc: 68.75% | LR: 0.000500
Epoch 7, Iter 102 | Loss: 0.91 | Train Acc: 71.88% | LR: 0.000500
Epoch 7, Iter 122 | Loss: 0.93 | Train Acc: 75.00% | LR: 0.000500
Epoch 7, Iter 142 | Loss: 0.99 | Train Acc: 68.75% | LR: 0.000500
Epoch 7, Iter 162 | Loss: 1.11 | Train Acc: 59.38% | LR: 0.000500
Epoch 7, Iter 182 | Loss: 0.99 | Train Acc: 68.75% | LR: 0.000500
Epoch 7, Iter 202 | Loss: 0.80 | Train Acc: 75.00% | LR: 0.000500
Epoch 7, Iter 222 | Loss: 0.75 | Train Acc: 65.62% | LR: 0.000500
Epoch 7, Iter 242 | Loss: 0.94 | Train Acc: 65.62% | LR: 0.000500
  Dead neuron bump: layer 1 — 24 dead neurons bumped
  Dead neuron bump: layer 3 — 9 dead neurons bumped
Epoch 7 | Test Acc: 42.37% | LR: 0.000500

Epoch 8, Iter 8 | Loss: 0.66 | Train Acc: 84.38% | LR: 0.000500
Epoch 8, Iter 28 | Loss: 0.80 | Train Acc: 68.75% | LR: 0.000500
Epoch 8, Iter 48 | Loss: 0.85 | Train Acc: 75.00% | LR: 0.000500
Epoch 8, Iter 68 | Loss: 0.80 | Train Acc: 65.62% | LR: 0.000500
Epoch 8, Iter 88 | Loss: 0.62 | Train Acc: 81.25% | LR: 0.000500
Epoch 8, Iter 108 | Loss: 0.79 | Train Acc: 75.00% | LR: 0.000500
Epoch 8, Iter 128 | Loss: 0.55 | Train Acc: 81.25% | LR: 0.000500
Epoch 8, Iter 148 | Loss: 0.46 | Train Acc: 84.38% | LR: 0.000500
Epoch 8, Iter 168 | Loss: 0.61 | Train Acc: 87.50% | LR: 0.000500
Epoch 8, Iter 188 | Loss: 1.05 | Train Acc: 65.62% | LR: 0.000500
Epoch 8, Iter 208 | Loss: 0.95 | Train Acc: 71.88% | LR: 0.000500
Epoch 8, Iter 228 | Loss: 0.61 | Train Acc: 75.00% | LR: 0.000500
Epoch 8, Iter 248 | Loss: 0.85 | Train Acc: 68.75% | LR: 0.000500
  Dead neuron bump: layer 1 — 28 dead neurons bumped
  Dead neuron bump: layer 3 — 18 dead neurons bumped
Epoch 8 | Test Acc: 42.01% | LR: 0.000500

Epoch 9, Iter 14 | Loss: 0.72 | Train Acc: 75.00% | LR: 0.000500
Epoch 9, Iter 34 | Loss: 0.54 | Train Acc: 78.12% | LR: 0.000500
Epoch 9, Iter 54 | Loss: 0.64 | Train Acc: 75.00% | LR: 0.000500
Epoch 9, Iter 74 | Loss: 0.53 | Train Acc: 81.25% | LR: 0.000500
Epoch 9, Iter 94 | Loss: 0.63 | Train Acc: 75.00% | LR: 0.000500
Epoch 9, Iter 114 | Loss: 0.67 | Train Acc: 68.75% | LR: 0.000500
Epoch 9, Iter 134 | Loss: 1.00 | Train Acc: 59.38% | LR: 0.000500
Epoch 9, Iter 154 | Loss: 0.92 | Train Acc: 65.62% | LR: 0.000500
Epoch 9, Iter 174 | Loss: 0.62 | Train Acc: 78.12% | LR: 0.000500
Epoch 9, Iter 194 | Loss: 0.96 | Train Acc: 68.75% | LR: 0.000500
Epoch 9, Iter 214 | Loss: 0.68 | Train Acc: 81.25% | LR: 0.000500
Epoch 9, Iter 234 | Loss: 0.99 | Train Acc: 75.00% | LR: 0.000500
  Dead neuron bump: layer 1 — 27 dead neurons bumped
  Dead neuron bump: layer 3 — 10 dead neurons bumped
Epoch 9 | Test Acc: 36.96% | LR: 0.000500

Epoch 10, Iter 0 | Loss: 0.53 | Train Acc: 84.38% | LR: 0.000500
Epoch 10, Iter 20 | Loss: 0.69 | Train Acc: 71.88% | LR: 0.000500
Epoch 10, Iter 40 | Loss: 0.71 | Train Acc: 78.12% | LR: 0.000500
Epoch 10, Iter 60 | Loss: 0.57 | Train Acc: 78.12% | LR: 0.000500
Epoch 10, Iter 80 | Loss: 0.48 | Train Acc: 78.12% | LR: 0.000500
Epoch 10, Iter 100 | Loss: 0.65 | Train Acc: 81.25% | LR: 0.000500
Epoch 10, Iter 120 | Loss: 0.39 | Train Acc: 84.38% | LR: 0.000500
Epoch 10, Iter 140 | Loss: 0.45 | Train Acc: 87.50% | LR: 0.000500
Epoch 10, Iter 160 | Loss: 0.48 | Train Acc: 87.50% | LR: 0.000500
Epoch 10, Iter 180 | Loss: 0.68 | Train Acc: 78.12% | LR: 0.000500
Epoch 10, Iter 200 | Loss: 0.40 | Train Acc: 84.38% | LR: 0.000500
Epoch 10, Iter 220 | Loss: 0.65 | Train Acc: 75.00% | LR: 0.000500
Epoch 10, Iter 240 | Loss: 0.65 | Train Acc: 71.88% | LR: 0.000500
  Dead neuron bump: layer 1 — 17 dead neurons bumped
  Dead neuron bump: layer 3 — 11 dead neurons bumped
Epoch 10 | Test Acc: 41.65% | LR: 0.000500

Epoch 11, Iter 6 | Loss: 0.41 | Train Acc: 87.50% | LR: 0.000500
Epoch 11, Iter 26 | Loss: 0.41 | Train Acc: 78.12% | LR: 0.000500
Epoch 11, Iter 46 | Loss: 0.47 | Train Acc: 90.62% | LR: 0.000500
Epoch 11, Iter 66 | Loss: 0.35 | Train Acc: 87.50% | LR: 0.000500
Epoch 11, Iter 86 | Loss: 0.50 | Train Acc: 87.50% | LR: 0.000500
Epoch 11, Iter 106 | Loss: 0.73 | Train Acc: 78.12% | LR: 0.000500
Epoch 11, Iter 126 | Loss: 1.04 | Train Acc: 68.75% | LR: 0.000500
Epoch 11, Iter 146 | Loss: 0.54 | Train Acc: 84.38% | LR: 0.000500
Epoch 11, Iter 166 | Loss: 0.36 | Train Acc: 90.62% | LR: 0.000500
Epoch 11, Iter 186 | Loss: 0.39 | Train Acc: 87.50% | LR: 0.000500
Epoch 11, Iter 206 | Loss: 0.43 | Train Acc: 90.62% | LR: 0.000500
Epoch 11, Iter 226 | Loss: 0.62 | Train Acc: 71.88% | LR: 0.000500
Epoch 11, Iter 246 | Loss: 0.86 | Train Acc: 68.75% | LR: 0.000500
  Dead neuron bump: layer 1 — 22 dead neurons bumped
  Dead neuron bump: layer 3 — 9 dead neurons bumped
Epoch 11 | Test Acc: 41.56% | LR: 0.000500

Epoch 12, Iter 12 | Loss: 0.67 | Train Acc: 75.00% | LR: 0.000500
Epoch 12, Iter 32 | Loss: 0.65 | Train Acc: 81.25% | LR: 0.000500
Epoch 12, Iter 52 | Loss: 0.30 | Train Acc: 90.62% | LR: 0.000500
Epoch 12, Iter 72 | Loss: 0.64 | Train Acc: 78.12% | LR: 0.000500
Epoch 12, Iter 92 | Loss: 0.55 | Train Acc: 75.00% | LR: 0.000500
Epoch 12, Iter 112 | Loss: 0.83 | Train Acc: 71.88% | LR: 0.000500
Epoch 12, Iter 132 | Loss: 0.43 | Train Acc: 96.88% | LR: 0.000500
Epoch 12, Iter 152 | Loss: 0.44 | Train Acc: 84.38% | LR: 0.000500
Epoch 12, Iter 172 | Loss: 0.64 | Train Acc: 84.38% | LR: 0.000500
Epoch 12, Iter 192 | Loss: 0.40 | Train Acc: 84.38% | LR: 0.000500
Epoch 12, Iter 212 | Loss: 0.59 | Train Acc: 75.00% | LR: 0.000500
Epoch 12, Iter 232 | Loss: 0.39 | Train Acc: 84.38% | LR: 0.000500
Epoch 12, Iter 252 | Loss: 0.53 | Train Acc: 81.25% | LR: 0.000500
  Dead neuron bump: layer 1 — 15 dead neurons bumped
  Dead neuron bump: layer 3 — 5 dead neurons bumped
Epoch 12 | Test Acc: 43.84% | LR: 0.000500

Epoch 13, Iter 18 | Loss: 0.32 | Train Acc: 90.62% | LR: 0.000500
Epoch 13, Iter 38 | Loss: 0.23 | Train Acc: 96.88% | LR: 0.000500
Epoch 13, Iter 58 | Loss: 0.43 | Train Acc: 87.50% | LR: 0.000500
Epoch 13, Iter 78 | Loss: 0.36 | Train Acc: 90.62% | LR: 0.000500
Epoch 13, Iter 98 | Loss: 0.41 | Train Acc: 93.75% | LR: 0.000500
Epoch 13, Iter 118 | Loss: 0.49 | Train Acc: 87.50% | LR: 0.000500
Epoch 13, Iter 138 | Loss: 0.39 | Train Acc: 81.25% | LR: 0.000500
Epoch 13, Iter 158 | Loss: 0.28 | Train Acc: 90.62% | LR: 0.000500
Epoch 13, Iter 178 | Loss: 0.46 | Train Acc: 78.12% | LR: 0.000500
Epoch 13, Iter 198 | Loss: 0.38 | Train Acc: 87.50% | LR: 0.000500
Epoch 13, Iter 218 | Loss: 0.20 | Train Acc: 96.88% | LR: 0.000500
Epoch 13, Iter 238 | Loss: 0.64 | Train Acc: 81.25% | LR: 0.000500
  Dead neuron bump: layer 1 — 17 dead neurons bumped
  Dead neuron bump: layer 3 — 12 dead neurons bumped
Epoch 13 | Test Acc: 40.09% | LR: 0.000500

Epoch 14, Iter 4 | Loss: 0.42 | Train Acc: 87.50% | LR: 0.000500
Epoch 14, Iter 24 | Loss: 0.26 | Train Acc: 93.75% | LR: 0.000500
Epoch 14, Iter 44 | Loss: 0.39 | Train Acc: 78.12% | LR: 0.000500
Epoch 14, Iter 64 | Loss: 0.31 | Train Acc: 87.50% | LR: 0.000500
Epoch 14, Iter 84 | Loss: 0.34 | Train Acc: 90.62% | LR: 0.000500
Epoch 14, Iter 104 | Loss: 0.32 | Train Acc: 87.50% | LR: 0.000500
Epoch 14, Iter 124 | Loss: 0.42 | Train Acc: 90.62% | LR: 0.000500
Epoch 14, Iter 144 | Loss: 0.68 | Train Acc: 68.75% | LR: 0.000500
Epoch 14, Iter 164 | Loss: 0.48 | Train Acc: 84.38% | LR: 0.000500
Epoch 14, Iter 184 | Loss: 0.30 | Train Acc: 90.62% | LR: 0.000500
Epoch 14, Iter 204 | Loss: 0.25 | Train Acc: 90.62% | LR: 0.000500
Epoch 14, Iter 224 | Loss: 0.60 | Train Acc: 81.25% | LR: 0.000500
Epoch 14, Iter 244 | Loss: 0.54 | Train Acc: 78.12% | LR: 0.000500
  Dead neuron bump: layer 1 — 17 dead neurons bumped
  Dead neuron bump: layer 3 — 5 dead neurons bumped
Epoch 14 | Test Acc: 44.60% | LR: 0.000500

Epoch 15, Iter 10 | Loss: 0.29 | Train Acc: 90.62% | LR: 0.000500
Epoch 15, Iter 30 | Loss: 0.33 | Train Acc: 84.38% | LR: 0.000500
Epoch 15, Iter 50 | Loss: 0.17 | Train Acc: 100.00% | LR: 0.000500
Epoch 15, Iter 70 | Loss: 0.24 | Train Acc: 90.62% | LR: 0.000500
Epoch 15, Iter 90 | Loss: 0.41 | Train Acc: 84.38% | LR: 0.000500
Epoch 15, Iter 110 | Loss: 0.26 | Train Acc: 96.88% | LR: 0.000500
Epoch 15, Iter 130 | Loss: 0.43 | Train Acc: 81.25% | LR: 0.000500
Epoch 15, Iter 150 | Loss: 0.43 | Train Acc: 84.38% | LR: 0.000500
Epoch 15, Iter 170 | Loss: 0.52 | Train Acc: 84.38% | LR: 0.000500
Epoch 15, Iter 190 | Loss: 0.25 | Train Acc: 84.38% | LR: 0.000500
Epoch 15, Iter 210 | Loss: 0.14 | Train Acc: 100.00% | LR: 0.000500
Epoch 15, Iter 230 | Loss: 0.21 | Train Acc: 93.75% | LR: 0.000500
Epoch 15, Iter 250 | Loss: 0.27 | Train Acc: 90.62% | LR: 0.000500
  Dead neuron bump: layer 1 — 12 dead neurons bumped
  Dead neuron bump: layer 3 — 5 dead neurons bumped
Epoch 15 | Test Acc: 46.52% | LR: 0.000500

Epoch 16, Iter 16 | Loss: 0.37 | Train Acc: 93.75% | LR: 0.000500
Epoch 16, Iter 36 | Loss: 0.22 | Train Acc: 96.88% | LR: 0.000500
Epoch 16, Iter 56 | Loss: 0.39 | Train Acc: 84.38% | LR: 0.000500
Epoch 16, Iter 76 | Loss: 0.25 | Train Acc: 87.50% | LR: 0.000500
Epoch 16, Iter 96 | Loss: 0.45 | Train Acc: 90.62% | LR: 0.000500
Epoch 16, Iter 116 | Loss: 0.41 | Train Acc: 84.38% | LR: 0.000500
Epoch 16, Iter 136 | Loss: 0.12 | Train Acc: 96.88% | LR: 0.000500
Epoch 16, Iter 156 | Loss: 0.28 | Train Acc: 90.62% | LR: 0.000500
Epoch 16, Iter 176 | Loss: 0.30 | Train Acc: 90.62% | LR: 0.000500
Epoch 16, Iter 196 | Loss: 0.29 | Train Acc: 84.38% | LR: 0.000500
Epoch 16, Iter 216 | Loss: 0.58 | Train Acc: 87.50% | LR: 0.000500
Epoch 16, Iter 236 | Loss: 0.20 | Train Acc: 93.75% | LR: 0.000500
  Dead neuron bump: layer 1 — 10 dead neurons bumped
  Dead neuron bump: layer 3 — 2 dead neurons bumped
Epoch 16 | Test Acc: 41.43% | LR: 0.000500

Epoch 17, Iter 2 | Loss: 0.19 | Train Acc: 90.62% | LR: 0.000500
Epoch 17, Iter 22 | Loss: 0.18 | Train Acc: 93.75% | LR: 0.000500
Epoch 17, Iter 42 | Loss: 0.25 | Train Acc: 87.50% | LR: 0.000500
Epoch 17, Iter 62 | Loss: 0.25 | Train Acc: 93.75% | LR: 0.000500
Epoch 17, Iter 82 | Loss: 0.06 | Train Acc: 100.00% | LR: 0.000500
Epoch 17, Iter 102 | Loss: 0.18 | Train Acc: 93.75% | LR: 0.000500
Epoch 17, Iter 122 | Loss: 0.26 | Train Acc: 93.75% | LR: 0.000500
Epoch 17, Iter 142 | Loss: 0.26 | Train Acc: 93.75% | LR: 0.000500
Epoch 17, Iter 162 | Loss: 0.23 | Train Acc: 90.62% | LR: 0.000500
Epoch 17, Iter 182 | Loss: 0.12 | Train Acc: 96.88% | LR: 0.000500
Epoch 17, Iter 202 | Loss: 0.31 | Train Acc: 87.50% | LR: 0.000500
Epoch 17, Iter 222 | Loss: 0.29 | Train Acc: 90.62% | LR: 0.000500
Epoch 17, Iter 242 | Loss: 0.04 | Train Acc: 100.00% | LR: 0.000500
  Dead neuron bump: layer 1 — 10 dead neurons bumped
  Dead neuron bump: layer 3 — 4 dead neurons bumped
Epoch 17 | Test Acc: 43.97% | LR: 0.000500

Epoch 18, Iter 8 | Loss: 0.09 | Train Acc: 100.00% | LR: 0.000500
Epoch 18, Iter 28 | Loss: 0.30 | Train Acc: 81.25% | LR: 0.000500
Epoch 18, Iter 48 | Loss: 0.15 | Train Acc: 96.88% | LR: 0.000500
Epoch 18, Iter 68 | Loss: 0.17 | Train Acc: 90.62% | LR: 0.000500
Epoch 18, Iter 88 | Loss: 0.04 | Train Acc: 100.00% | LR: 0.000500
Epoch 18, Iter 108 | Loss: 0.19 | Train Acc: 93.75% | LR: 0.000500
Epoch 18, Iter 128 | Loss: 0.19 | Train Acc: 93.75% | LR: 0.000500
Epoch 18, Iter 148 | Loss: 0.42 | Train Acc: 78.12% | LR: 0.000500
Epoch 18, Iter 168 | Loss: 0.13 | Train Acc: 96.88% | LR: 0.000500
Epoch 18, Iter 188 | Loss: 0.19 | Train Acc: 96.88% | LR: 0.000500
Epoch 18, Iter 208 | Loss: 0.28 | Train Acc: 90.62% | LR: 0.000500
Epoch 18, Iter 228 | Loss: 0.19 | Train Acc: 93.75% | LR: 0.000500
Epoch 18, Iter 248 | Loss: 0.60 | Train Acc: 75.00% | LR: 0.000500
  Dead neuron bump: layer 1 — 10 dead neurons bumped
  Dead neuron bump: layer 3 — 5 dead neurons bumped
Epoch 18 | Test Acc: 41.92% | LR: 0.000500

Epoch 19, Iter 14 | Loss: 0.20 | Train Acc: 90.62% | LR: 0.000500
Epoch 19, Iter 34 | Loss: 0.35 | Train Acc: 90.62% | LR: 0.000500
Epoch 19, Iter 54 | Loss: 0.10 | Train Acc: 100.00% | LR: 0.000500
Epoch 19, Iter 74 | Loss: 0.12 | Train Acc: 96.88% | LR: 0.000500
Epoch 19, Iter 94 | Loss: 0.19 | Train Acc: 96.88% | LR: 0.000500
Epoch 19, Iter 114 | Loss: 0.12 | Train Acc: 93.75% | LR: 0.000500
Epoch 19, Iter 134 | Loss: 0.32 | Train Acc: 84.38% | LR: 0.000500
Epoch 19, Iter 154 | Loss: 0.38 | Train Acc: 87.50% | LR: 0.000500
Epoch 19, Iter 174 | Loss: 0.19 | Train Acc: 93.75% | LR: 0.000500
Epoch 19, Iter 194 | Loss: 0.21 | Train Acc: 90.62% | LR: 0.000500
Epoch 19, Iter 214 | Loss: 0.10 | Train Acc: 96.88% | LR: 0.000500
Epoch 19, Iter 234 | Loss: 0.60 | Train Acc: 81.25% | LR: 0.000500
  Dead neuron bump: layer 1 — 12 dead neurons bumped
  Dead neuron bump: layer 3 — 3 dead neurons bumped
Epoch 19 | Test Acc: 41.92% | LR: 0.000500

Epoch 20, Iter 0 | Loss: 0.11 | Train Acc: 100.00% | LR: 0.000500
Epoch 20, Iter 20 | Loss: 0.19 | Train Acc: 96.88% | LR: 0.000500
Epoch 20, Iter 40 | Loss: 0.09 | Train Acc: 93.75% | LR: 0.000500
Epoch 20, Iter 60 | Loss: 0.17 | Train Acc: 90.62% | LR: 0.000500
Epoch 20, Iter 80 | Loss: 0.67 | Train Acc: 87.50% | LR: 0.000500
Epoch 20, Iter 100 | Loss: 0.12 | Train Acc: 100.00% | LR: 0.000500
Epoch 20, Iter 120 | Loss: 0.16 | Train Acc: 96.88% | LR: 0.000500
Epoch 20, Iter 140 | Loss: 0.18 | Train Acc: 93.75% | LR: 0.000500
Epoch 20, Iter 160 | Loss: 0.29 | Train Acc: 87.50% | LR: 0.000500
Epoch 20, Iter 180 | Loss: 0.16 | Train Acc: 93.75% | LR: 0.000500
Epoch 20, Iter 200 | Loss: 0.16 | Train Acc: 90.62% | LR: 0.000500
Epoch 20, Iter 220 | Loss: 0.17 | Train Acc: 90.62% | LR: 0.000500
Epoch 20, Iter 240 | Loss: 0.15 | Train Acc: 96.88% | LR: 0.000500
  Dead neuron bump: layer 1 — 12 dead neurons bumped
  Dead neuron bump: layer 3 — 5 dead neurons bumped
Epoch 20 | Test Acc: 42.28% | LR: 0.000500

Epoch 21, Iter 6 | Loss: 0.22 | Train Acc: 96.88% | LR: 0.000500
Epoch 21, Iter 26 | Loss: 0.05 | Train Acc: 96.88% | LR: 0.000500
Epoch 21, Iter 46 | Loss: 0.10 | Train Acc: 96.88% | LR: 0.000500
Epoch 21, Iter 66 | Loss: 0.14 | Train Acc: 90.62% | LR: 0.000500
Epoch 21, Iter 86 | Loss: 0.09 | Train Acc: 93.75% | LR: 0.000500
Epoch 21, Iter 106 | Loss: 0.19 | Train Acc: 90.62% | LR: 0.000500
Epoch 21, Iter 126 | Loss: 0.06 | Train Acc: 100.00% | LR: 0.000500
Epoch 21, Iter 146 | Loss: 0.28 | Train Acc: 93.75% | LR: 0.000500
Epoch 21, Iter 166 | Loss: 0.37 | Train Acc: 90.62% | LR: 0.000500
Epoch 21, Iter 186 | Loss: 0.12 | Train Acc: 96.88% | LR: 0.000500
Epoch 21, Iter 206 | Loss: 0.16 | Train Acc: 96.88% | LR: 0.000500
Epoch 21, Iter 226 | Loss: 0.29 | Train Acc: 93.75% | LR: 0.000500
Epoch 21, Iter 246 | Loss: 0.14 | Train Acc: 93.75% | LR: 0.000500
  Dead neuron bump: layer 1 — 14 dead neurons bumped
  Dead neuron bump: layer 3 — 3 dead neurons bumped
Epoch 21 | Test Acc: 45.54% | LR: 0.000500

Epoch 22, Iter 12 | Loss: 0.13 | Train Acc: 96.88% | LR: 0.000500
Epoch 22, Iter 32 | Loss: 0.12 | Train Acc: 90.62% | LR: 0.000500
Epoch 22, Iter 52 | Loss: 0.29 | Train Acc: 93.75% | LR: 0.000500
Epoch 22, Iter 72 | Loss: 0.05 | Train Acc: 100.00% | LR: 0.000500
Epoch 22, Iter 92 | Loss: 0.20 | Train Acc: 93.75% | LR: 0.000500
Epoch 22, Iter 112 | Loss: 0.04 | Train Acc: 100.00% | LR: 0.000500
Epoch 22, Iter 132 | Loss: 0.14 | Train Acc: 90.62% | LR: 0.000500
Epoch 22, Iter 152 | Loss: 0.21 | Train Acc: 93.75% | LR: 0.000500
Epoch 22, Iter 172 | Loss: 0.09 | Train Acc: 96.88% | LR: 0.000500
Epoch 22, Iter 192 | Loss: 0.06 | Train Acc: 96.88% | LR: 0.000500
Epoch 22, Iter 212 | Loss: 0.19 | Train Acc: 93.75% | LR: 0.000500
Epoch 22, Iter 232 | Loss: 0.20 | Train Acc: 93.75% | LR: 0.000500
Epoch 22, Iter 252 | Loss: 0.33 | Train Acc: 90.62% | LR: 0.000500
  Dead neuron bump: layer 1 — 11 dead neurons bumped
  Dead neuron bump: layer 3 — 2 dead neurons bumped
Epoch 22 | Test Acc: 44.02% | LR: 0.000500

Epoch 23, Iter 18 | Loss: 0.01 | Train Acc: 100.00% | LR: 0.000500
Epoch 23, Iter 38 | Loss: 0.06 | Train Acc: 100.00% | LR: 0.000500
Epoch 23, Iter 58 | Loss: 0.25 | Train Acc: 93.75% | LR: 0.000500
Epoch 23, Iter 78 | Loss: 0.06 | Train Acc: 96.88% | LR: 0.000500
Epoch 23, Iter 98 | Loss: 0.29 | Train Acc: 87.50% | LR: 0.000500
Epoch 23, Iter 118 | Loss: 0.19 | Train Acc: 93.75% | LR: 0.000500
Epoch 23, Iter 138 | Loss: 0.16 | Train Acc: 96.88% | LR: 0.000500
Epoch 23, Iter 158 | Loss: 0.05 | Train Acc: 100.00% | LR: 0.000500
Epoch 23, Iter 178 | Loss: 0.12 | Train Acc: 93.75% | LR: 0.000500
Epoch 23, Iter 198 | Loss: 0.08 | Train Acc: 96.88% | LR: 0.000500
Epoch 23, Iter 218 | Loss: 0.09 | Train Acc: 100.00% | LR: 0.000500
Epoch 23, Iter 238 | Loss: 0.38 | Train Acc: 93.75% | LR: 0.000500
  Dead neuron bump: layer 1 — 8 dead neurons bumped
  Dead neuron bump: layer 3 — 3 dead neurons bumped
Epoch 23 | Test Acc: 43.79% | LR: 0.000500

Epoch 24, Iter 4 | Loss: 0.06 | Train Acc: 100.00% | LR: 0.000500
Epoch 24, Iter 24 | Loss: 0.23 | Train Acc: 93.75% | LR: 0.000500
Epoch 24, Iter 44 | Loss: 0.02 | Train Acc: 100.00% | LR: 0.000500
Epoch 24, Iter 64 | Loss: 0.43 | Train Acc: 84.38% | LR: 0.000500
Epoch 24, Iter 84 | Loss: 0.21 | Train Acc: 93.75% | LR: 0.000500
Epoch 24, Iter 104 | Loss: 0.03 | Train Acc: 100.00% | LR: 0.000500
Epoch 24, Iter 124 | Loss: 0.02 | Train Acc: 100.00% | LR: 0.000500
Epoch 24, Iter 144 | Loss: 0.02 | Train Acc: 100.00% | LR: 0.000500
Epoch 24, Iter 164 | Loss: 0.07 | Train Acc: 96.88% | LR: 0.000500
Epoch 24, Iter 184 | Loss: 0.06 | Train Acc: 100.00% | LR: 0.000500
Epoch 24, Iter 204 | Loss: 0.09 | Train Acc: 93.75% | LR: 0.000500
Epoch 24, Iter 224 | Loss: 0.23 | Train Acc: 90.62% | LR: 0.000500
Epoch 24, Iter 244 | Loss: 0.07 | Train Acc: 96.88% | LR: 0.000500
  Dead neuron bump: layer 1 — 6 dead neurons bumped
  Dead neuron bump: layer 3 — 6 dead neurons bumped
Epoch 24 | Test Acc: 44.46% | LR: 0.000500

Epoch 25, Iter 10 | Loss: 0.25 | Train Acc: 96.88% | LR: 0.000500
Epoch 25, Iter 30 | Loss: 0.07 | Train Acc: 96.88% | LR: 0.000500
Epoch 25, Iter 50 | Loss: 0.09 | Train Acc: 96.88% | LR: 0.000500
Epoch 25, Iter 70 | Loss: 0.04 | Train Acc: 100.00% | LR: 0.000500
Epoch 25, Iter 90 | Loss: 0.04 | Train Acc: 100.00% | LR: 0.000500
Epoch 25, Iter 110 | Loss: 0.16 | Train Acc: 93.75% | LR: 0.000500
Epoch 25, Iter 130 | Loss: 0.03 | Train Acc: 100.00% | LR: 0.000500
Epoch 25, Iter 150 | Loss: 0.06 | Train Acc: 96.88% | LR: 0.000500
Epoch 25, Iter 170 | Loss: 0.16 | Train Acc: 93.75% | LR: 0.000500
Epoch 25, Iter 190 | Loss: 0.02 | Train Acc: 100.00% | LR: 0.000500
Epoch 25, Iter 210 | Loss: 0.08 | Train Acc: 96.88% | LR: 0.000500
Epoch 25, Iter 230 | Loss: 0.12 | Train Acc: 96.88% | LR: 0.000500
Epoch 25, Iter 250 | Loss: 0.22 | Train Acc: 93.75% | LR: 0.000500
  Dead neuron bump: layer 1 — 9 dead neurons bumped
  Dead neuron bump: layer 3 — 2 dead neurons bumped
Epoch 25 | Test Acc: 40.45% | LR: 0.000500

Epoch 26, Iter 16 | Loss: 0.26 | Train Acc: 90.62% | LR: 0.000500
Epoch 26, Iter 36 | Loss: 0.07 | Train Acc: 96.88% | LR: 0.000500
Epoch 26, Iter 56 | Loss: 0.48 | Train Acc: 87.50% | LR: 0.000500
Epoch 26, Iter 76 | Loss: 0.05 | Train Acc: 100.00% | LR: 0.000500
Epoch 26, Iter 96 | Loss: 0.05 | Train Acc: 100.00% | LR: 0.000500
Epoch 26, Iter 116 | Loss: 0.05 | Train Acc: 100.00% | LR: 0.000500
Epoch 26, Iter 136 | Loss: 0.03 | Train Acc: 100.00% | LR: 0.000500
Epoch 26, Iter 156 | Loss: 0.06 | Train Acc: 96.88% | LR: 0.000500
Epoch 26, Iter 176 | Loss: 0.13 | Train Acc: 96.88% | LR: 0.000500
Epoch 26, Iter 196 | Loss: 0.11 | Train Acc: 96.88% | LR: 0.000500
Epoch 26, Iter 216 | Loss: 0.08 | Train Acc: 96.88% | LR: 0.000500
Epoch 26, Iter 236 | Loss: 0.19 | Train Acc: 96.88% | LR: 0.000500
  Dead neuron bump: layer 1 — 5 dead neurons bumped
  Dead neuron bump: layer 3 — 2 dead neurons bumped
Epoch 26 | Test Acc: 41.96% | LR: 0.000500

Epoch 27, Iter 2 | Loss: 0.05 | Train Acc: 96.88% | LR: 0.000500
Epoch 27, Iter 22 | Loss: 0.20 | Train Acc: 93.75% | LR: 0.000500
Epoch 27, Iter 42 | Loss: 0.04 | Train Acc: 96.88% | LR: 0.000500
Epoch 27, Iter 62 | Loss: 0.02 | Train Acc: 100.00% | LR: 0.000500
Epoch 27, Iter 82 | Loss: 0.06 | Train Acc: 96.88% | LR: 0.000500
Epoch 27, Iter 102 | Loss: 0.13 | Train Acc: 93.75% | LR: 0.000500
Epoch 27, Iter 122 | Loss: 0.37 | Train Acc: 90.62% | LR: 0.000500
Epoch 27, Iter 142 | Loss: 0.10 | Train Acc: 96.88% | LR: 0.000500
Epoch 27, Iter 162 | Loss: 0.12 | Train Acc: 90.62% | LR: 0.000500
Epoch 27, Iter 182 | Loss: 0.02 | Train Acc: 100.00% | LR: 0.000500
Epoch 27, Iter 202 | Loss: 0.11 | Train Acc: 96.88% | LR: 0.000500
Epoch 27, Iter 222 | Loss: 0.05 | Train Acc: 100.00% | LR: 0.000500
Epoch 27, Iter 242 | Loss: 0.05 | Train Acc: 100.00% | LR: 0.000500
  Dead neuron bump: layer 1 — 13 dead neurons bumped
  Dead neuron bump: layer 3 — 2 dead neurons bumped
Epoch 27 | Test Acc: 43.30% | LR: 0.000500

Epoch 28, Iter 8 | Loss: 0.29 | Train Acc: 87.50% | LR: 0.000500
Epoch 28, Iter 28 | Loss: 0.05 | Train Acc: 100.00% | LR: 0.000500
Epoch 28, Iter 48 | Loss: 0.09 | Train Acc: 93.75% | LR: 0.000500
Epoch 28, Iter 68 | Loss: 0.04 | Train Acc: 100.00% | LR: 0.000500
Epoch 28, Iter 88 | Loss: 0.19 | Train Acc: 93.75% | LR: 0.000500
Epoch 28, Iter 108 | Loss: 0.18 | Train Acc: 93.75% | LR: 0.000500
Epoch 28, Iter 128 | Loss: 0.08 | Train Acc: 96.88% | LR: 0.000500
Epoch 28, Iter 148 | Loss: 0.14 | Train Acc: 96.88% | LR: 0.000500
Epoch 28, Iter 168 | Loss: 0.01 | Train Acc: 100.00% | LR: 0.000500
Epoch 28, Iter 188 | Loss: 0.05 | Train Acc: 96.88% | LR: 0.000500
Epoch 28, Iter 208 | Loss: 0.09 | Train Acc: 96.88% | LR: 0.000500
Epoch 28, Iter 228 | Loss: 0.06 | Train Acc: 100.00% | LR: 0.000500
Epoch 28, Iter 248 | Loss: 0.01 | Train Acc: 100.00% | LR: 0.000500
  Dead neuron bump: layer 1 — 9 dead neurons bumped
  Dead neuron bump: layer 3 — 3 dead neurons bumped
Epoch 28 | Test Acc: 41.92% | LR: 0.000500

Epoch 29, Iter 14 | Loss: 0.14 | Train Acc: 93.75% | LR: 0.000500
Epoch 29, Iter 34 | Loss: 0.02 | Train Acc: 100.00% | LR: 0.000500
Epoch 29, Iter 54 | Loss: 0.01 | Train Acc: 100.00% | LR: 0.000500
Epoch 29, Iter 74 | Loss: 0.05 | Train Acc: 96.88% | LR: 0.000500
Epoch 29, Iter 94 | Loss: 0.05 | Train Acc: 100.00% | LR: 0.000500
Epoch 29, Iter 114 | Loss: 0.05 | Train Acc: 100.00% | LR: 0.000500
Epoch 29, Iter 134 | Loss: 0.06 | Train Acc: 96.88% | LR: 0.000500
Epoch 29, Iter 154 | Loss: 0.11 | Train Acc: 96.88% | LR: 0.000500
Epoch 29, Iter 174 | Loss: 0.01 | Train Acc: 100.00% | LR: 0.000500
Epoch 29, Iter 194 | Loss: 0.15 | Train Acc: 96.88% | LR: 0.000500
Epoch 29, Iter 214 | Loss: 0.05 | Train Acc: 96.88% | LR: 0.000500
Epoch 29, Iter 234 | Loss: 0.07 | Train Acc: 100.00% | LR: 0.000500
  Dead neuron bump: layer 1 — 5 dead neurons bumped
  Dead neuron bump: layer 3 — 3 dead neurons bumped
Epoch 29 | Test Acc: 42.23% | LR: 0.000500


Saving model...
Model saved to: /workspace/shd/baseline/models/Take2_feedforward_H512_T100_Epochs30.pth
Graph saved to: /workspace/shd/baseline/graphs/Take2_feedforward_H512_T100_Epochs30.png

============================================================
Final Test Accuracy: 42.23%
============================================================
=== DENSE START Tue Mar 10 17:44:59 UTC 2026 ===
Starting training — arch=feedforward, hidden=512, dt=10ms, target_rate=14.0Hz, rate_lam=0.001, spike_lam=0.0, init_lr=1e-05, target_lr=0.0005, early_stop=15
Epoch 0, Iter 0 | Loss: 3.18 | Train Acc: 0.00% | LR: 0.000010
Epoch 0, Iter 20 | Loss: 3.00 | Train Acc: 9.38% | LR: 0.000500
Epoch 0, Iter 40 | Loss: 2.73 | Train Acc: 21.88% | LR: 0.000500
Epoch 0, Iter 60 | Loss: 2.79 | Train Acc: 12.50% | LR: 0.000500
Epoch 0, Iter 80 | Loss: 2.90 | Train Acc: 12.50% | LR: 0.000500
Epoch 0, Iter 100 | Loss: 2.92 | Train Acc: 12.50% | LR: 0.000500
Epoch 0, Iter 120 | Loss: 2.80 | Train Acc: 12.50% | LR: 0.000500
Epoch 0, Iter 140 | Loss: 2.77 | Train Acc: 12.50% | LR: 0.000500
Epoch 0, Iter 160 | Loss: 2.75 | Train Acc: 9.38% | LR: 0.000500
Epoch 0, Iter 180 | Loss: 2.60 | Train Acc: 28.12% | LR: 0.000500
Epoch 0, Iter 200 | Loss: 2.73 | Train Acc: 15.62% | LR: 0.000500
Epoch 0, Iter 220 | Loss: 2.46 | Train Acc: 28.12% | LR: 0.000500
Epoch 0, Iter 240 | Loss: 2.59 | Train Acc: 25.00% | LR: 0.000500
  Dead neuron bump: layer 1 — 14 dead neurons bumped
Epoch 0 | Test Acc: 25.31% | LR: 0.000500

Epoch 1, Iter 6 | Loss: 2.81 | Train Acc: 9.38% | LR: 0.000500
Epoch 1, Iter 26 | Loss: 2.19 | Train Acc: 34.38% | LR: 0.000500
Epoch 1, Iter 46 | Loss: 2.34 | Train Acc: 31.25% | LR: 0.000500
Epoch 1, Iter 66 | Loss: 1.75 | Train Acc: 53.12% | LR: 0.000500
Epoch 1, Iter 86 | Loss: 1.68 | Train Acc: 43.75% | LR: 0.000500
Epoch 1, Iter 106 | Loss: 1.80 | Train Acc: 43.75% | LR: 0.000500
Epoch 1, Iter 126 | Loss: 2.20 | Train Acc: 31.25% | LR: 0.000500
Epoch 1, Iter 146 | Loss: 1.82 | Train Acc: 43.75% | LR: 0.000500
Epoch 1, Iter 166 | Loss: 2.19 | Train Acc: 25.00% | LR: 0.000500
Epoch 1, Iter 186 | Loss: 2.07 | Train Acc: 28.12% | LR: 0.000500
Epoch 1, Iter 206 | Loss: 1.95 | Train Acc: 40.62% | LR: 0.000500
Epoch 1, Iter 226 | Loss: 2.06 | Train Acc: 34.38% | LR: 0.000500
Epoch 1, Iter 246 | Loss: 2.27 | Train Acc: 40.62% | LR: 0.000500
  Dead neuron bump: layer 1 — 82 dead neurons bumped
  Dead neuron bump: layer 3 — 21 dead neurons bumped
Epoch 1 | Test Acc: 28.62% | LR: 0.000500

Epoch 2, Iter 12 | Loss: 1.68 | Train Acc: 43.75% | LR: 0.000500
Epoch 2, Iter 32 | Loss: 2.31 | Train Acc: 40.62% | LR: 0.000500
Epoch 2, Iter 52 | Loss: 1.41 | Train Acc: 59.38% | LR: 0.000500
Epoch 2, Iter 72 | Loss: 1.62 | Train Acc: 43.75% | LR: 0.000500
Epoch 2, Iter 92 | Loss: 1.50 | Train Acc: 46.88% | LR: 0.000500
Epoch 2, Iter 112 | Loss: 1.83 | Train Acc: 37.50% | LR: 0.000500
Epoch 2, Iter 132 | Loss: 1.93 | Train Acc: 50.00% | LR: 0.000500
Epoch 2, Iter 152 | Loss: 2.06 | Train Acc: 40.62% | LR: 0.000500
Epoch 2, Iter 172 | Loss: 1.97 | Train Acc: 37.50% | LR: 0.000500
Epoch 2, Iter 192 | Loss: 1.47 | Train Acc: 50.00% | LR: 0.000500
Epoch 2, Iter 212 | Loss: 1.59 | Train Acc: 59.38% | LR: 0.000500
Epoch 2, Iter 232 | Loss: 1.76 | Train Acc: 43.75% | LR: 0.000500
Epoch 2, Iter 252 | Loss: 1.62 | Train Acc: 40.62% | LR: 0.000500
  Dead neuron bump: layer 1 — 45 dead neurons bumped
  Dead neuron bump: layer 3 — 16 dead neurons bumped
Epoch 2 | Test Acc: 32.63% | LR: 0.000500

Epoch 3, Iter 18 | Loss: 1.66 | Train Acc: 50.00% | LR: 0.000500
Epoch 3, Iter 38 | Loss: 1.89 | Train Acc: 43.75% | LR: 0.000500
Epoch 3, Iter 58 | Loss: 1.35 | Train Acc: 53.12% | LR: 0.000500
Epoch 3, Iter 78 | Loss: 1.23 | Train Acc: 71.88% | LR: 0.000500
Epoch 3, Iter 98 | Loss: 1.48 | Train Acc: 46.88% | LR: 0.000500
Epoch 3, Iter 118 | Loss: 1.86 | Train Acc: 40.62% | LR: 0.000500
Epoch 3, Iter 138 | Loss: 1.38 | Train Acc: 62.50% | LR: 0.000500
Epoch 3, Iter 158 | Loss: 1.43 | Train Acc: 62.50% | LR: 0.000500
Epoch 3, Iter 178 | Loss: 1.04 | Train Acc: 65.62% | LR: 0.000500
Epoch 3, Iter 198 | Loss: 1.56 | Train Acc: 50.00% | LR: 0.000500
Epoch 3, Iter 218 | Loss: 1.23 | Train Acc: 53.12% | LR: 0.000500
Epoch 3, Iter 238 | Loss: 1.41 | Train Acc: 53.12% | LR: 0.000500
  Dead neuron bump: layer 1 — 47 dead neurons bumped
  Dead neuron bump: layer 3 — 10 dead neurons bumped
Epoch 3 | Test Acc: 32.95% | LR: 0.000500

Epoch 4, Iter 4 | Loss: 1.13 | Train Acc: 65.62% | LR: 0.000500
Epoch 4, Iter 24 | Loss: 1.25 | Train Acc: 59.38% | LR: 0.000500
Epoch 4, Iter 44 | Loss: 1.30 | Train Acc: 56.25% | LR: 0.000500
Epoch 4, Iter 64 | Loss: 1.35 | Train Acc: 62.50% | LR: 0.000500
Epoch 4, Iter 84 | Loss: 0.93 | Train Acc: 75.00% | LR: 0.000500
Epoch 4, Iter 104 | Loss: 1.14 | Train Acc: 59.38% | LR: 0.000500
Epoch 4, Iter 124 | Loss: 1.43 | Train Acc: 46.88% | LR: 0.000500
Epoch 4, Iter 144 | Loss: 1.61 | Train Acc: 40.62% | LR: 0.000500
Epoch 4, Iter 164 | Loss: 1.20 | Train Acc: 53.12% | LR: 0.000500
Epoch 4, Iter 184 | Loss: 1.38 | Train Acc: 46.88% | LR: 0.000500
Epoch 4, Iter 204 | Loss: 1.34 | Train Acc: 62.50% | LR: 0.000500
Epoch 4, Iter 224 | Loss: 1.26 | Train Acc: 65.62% | LR: 0.000500
Epoch 4, Iter 244 | Loss: 1.32 | Train Acc: 59.38% | LR: 0.000500
  Dead neuron bump: layer 1 — 49 dead neurons bumped
  Dead neuron bump: layer 3 — 13 dead neurons bumped
Epoch 4 | Test Acc: 35.49% | LR: 0.000500

Epoch 5, Iter 10 | Loss: 0.92 | Train Acc: 68.75% | LR: 0.000500
Epoch 5, Iter 30 | Loss: 1.07 | Train Acc: 59.38% | LR: 0.000500
Epoch 5, Iter 50 | Loss: 0.93 | Train Acc: 71.88% | LR: 0.000500
Epoch 5, Iter 70 | Loss: 1.25 | Train Acc: 50.00% | LR: 0.000500
Epoch 5, Iter 90 | Loss: 1.07 | Train Acc: 65.62% | LR: 0.000500
Epoch 5, Iter 110 | Loss: 1.26 | Train Acc: 62.50% | LR: 0.000500
Epoch 5, Iter 130 | Loss: 1.40 | Train Acc: 56.25% | LR: 0.000500
Epoch 5, Iter 150 | Loss: 1.13 | Train Acc: 59.38% | LR: 0.000500
Epoch 5, Iter 170 | Loss: 1.16 | Train Acc: 65.62% | LR: 0.000500
Epoch 5, Iter 190 | Loss: 1.22 | Train Acc: 59.38% | LR: 0.000500
Epoch 5, Iter 210 | Loss: 1.22 | Train Acc: 46.88% | LR: 0.000500
Epoch 5, Iter 230 | Loss: 1.26 | Train Acc: 56.25% | LR: 0.000500
Epoch 5, Iter 250 | Loss: 1.18 | Train Acc: 56.25% | LR: 0.000500
  Dead neuron bump: layer 1 — 39 dead neurons bumped
  Dead neuron bump: layer 3 — 5 dead neurons bumped
Epoch 5 | Test Acc: 35.13% | LR: 0.000500

Epoch 6, Iter 16 | Loss: 1.11 | Train Acc: 59.38% | LR: 0.000500
Epoch 6, Iter 36 | Loss: 1.24 | Train Acc: 62.50% | LR: 0.000500
Epoch 6, Iter 56 | Loss: 1.15 | Train Acc: 59.38% | LR: 0.000500
Epoch 6, Iter 76 | Loss: 0.95 | Train Acc: 71.88% | LR: 0.000500
Epoch 6, Iter 96 | Loss: 1.19 | Train Acc: 56.25% | LR: 0.000500
Epoch 6, Iter 116 | Loss: 1.07 | Train Acc: 71.88% | LR: 0.000500
Epoch 6, Iter 136 | Loss: 1.02 | Train Acc: 65.62% | LR: 0.000500
Epoch 6, Iter 156 | Loss: 1.02 | Train Acc: 56.25% | LR: 0.000500
Epoch 6, Iter 176 | Loss: 1.37 | Train Acc: 46.88% | LR: 0.000500
Epoch 6, Iter 196 | Loss: 0.90 | Train Acc: 71.88% | LR: 0.000500
Epoch 6, Iter 216 | Loss: 0.98 | Train Acc: 71.88% | LR: 0.000500
Epoch 6, Iter 236 | Loss: 0.90 | Train Acc: 71.88% | LR: 0.000500
  Dead neuron bump: layer 1 — 38 dead neurons bumped
  Dead neuron bump: layer 3 — 6 dead neurons bumped
Epoch 6 | Test Acc: 35.04% | LR: 0.000500

Epoch 7, Iter 2 | Loss: 1.00 | Train Acc: 56.25% | LR: 0.000500
Epoch 7, Iter 22 | Loss: 0.76 | Train Acc: 68.75% | LR: 0.000500
Epoch 7, Iter 42 | Loss: 0.64 | Train Acc: 81.25% | LR: 0.000500
Epoch 7, Iter 62 | Loss: 0.92 | Train Acc: 71.88% | LR: 0.000500
Epoch 7, Iter 82 | Loss: 0.81 | Train Acc: 71.88% | LR: 0.000500
Epoch 7, Iter 102 | Loss: 0.82 | Train Acc: 71.88% | LR: 0.000500
Epoch 7, Iter 122 | Loss: 1.14 | Train Acc: 56.25% | LR: 0.000500
Epoch 7, Iter 142 | Loss: 1.19 | Train Acc: 50.00% | LR: 0.000500
Epoch 7, Iter 162 | Loss: 0.79 | Train Acc: 81.25% | LR: 0.000500
Epoch 7, Iter 182 | Loss: 0.61 | Train Acc: 81.25% | LR: 0.000500
Epoch 7, Iter 202 | Loss: 1.03 | Train Acc: 65.62% | LR: 0.000500
Epoch 7, Iter 222 | Loss: 0.86 | Train Acc: 65.62% | LR: 0.000500
Epoch 7, Iter 242 | Loss: 0.94 | Train Acc: 71.88% | LR: 0.000500
  Dead neuron bump: layer 1 — 39 dead neurons bumped
  Dead neuron bump: layer 3 — 11 dead neurons bumped
Epoch 7 | Test Acc: 37.37% | LR: 0.000500

Epoch 8, Iter 8 | Loss: 0.82 | Train Acc: 71.88% | LR: 0.000500
Epoch 8, Iter 28 | Loss: 0.70 | Train Acc: 78.12% | LR: 0.000500
Epoch 8, Iter 48 | Loss: 0.57 | Train Acc: 84.38% | LR: 0.000500
Epoch 8, Iter 68 | Loss: 0.93 | Train Acc: 59.38% | LR: 0.000500
Epoch 8, Iter 88 | Loss: 0.60 | Train Acc: 81.25% | LR: 0.000500
Epoch 8, Iter 108 | Loss: 0.79 | Train Acc: 65.62% | LR: 0.000500
Epoch 8, Iter 128 | Loss: 0.60 | Train Acc: 84.38% | LR: 0.000500
Epoch 8, Iter 148 | Loss: 0.48 | Train Acc: 81.25% | LR: 0.000500
Epoch 8, Iter 168 | Loss: 0.86 | Train Acc: 68.75% | LR: 0.000500
Epoch 8, Iter 188 | Loss: 0.81 | Train Acc: 75.00% | LR: 0.000500
Epoch 8, Iter 208 | Loss: 0.62 | Train Acc: 84.38% | LR: 0.000500
Epoch 8, Iter 228 | Loss: 0.93 | Train Acc: 56.25% | LR: 0.000500
Epoch 8, Iter 248 | Loss: 0.53 | Train Acc: 84.38% | LR: 0.000500
  Dead neuron bump: layer 1 — 29 dead neurons bumped
  Dead neuron bump: layer 3 — 9 dead neurons bumped
Epoch 8 | Test Acc: 38.71% | LR: 0.000500

Epoch 9, Iter 14 | Loss: 1.01 | Train Acc: 71.88% | LR: 0.000500
Epoch 9, Iter 34 | Loss: 0.74 | Train Acc: 75.00% | LR: 0.000500
Epoch 9, Iter 54 | Loss: 0.70 | Train Acc: 75.00% | LR: 0.000500
Epoch 9, Iter 74 | Loss: 0.93 | Train Acc: 68.75% | LR: 0.000500
Epoch 9, Iter 94 | Loss: 0.45 | Train Acc: 84.38% | LR: 0.000500
Epoch 9, Iter 114 | Loss: 0.68 | Train Acc: 78.12% | LR: 0.000500
Epoch 9, Iter 134 | Loss: 0.85 | Train Acc: 68.75% | LR: 0.000500
Epoch 9, Iter 154 | Loss: 1.17 | Train Acc: 65.62% | LR: 0.000500
Epoch 9, Iter 174 | Loss: 0.84 | Train Acc: 75.00% | LR: 0.000500
Epoch 9, Iter 194 | Loss: 0.78 | Train Acc: 65.62% | LR: 0.000500
Epoch 9, Iter 214 | Loss: 0.69 | Train Acc: 81.25% | LR: 0.000500
Epoch 9, Iter 234 | Loss: 0.85 | Train Acc: 68.75% | LR: 0.000500
  Dead neuron bump: layer 1 — 20 dead neurons bumped
  Dead neuron bump: layer 3 — 6 dead neurons bumped
Epoch 9 | Test Acc: 36.65% | LR: 0.000500

Epoch 10, Iter 0 | Loss: 0.57 | Train Acc: 75.00% | LR: 0.000500
Epoch 10, Iter 20 | Loss: 0.51 | Train Acc: 84.38% | LR: 0.000500
Epoch 10, Iter 40 | Loss: 0.49 | Train Acc: 84.38% | LR: 0.000500
Epoch 10, Iter 60 | Loss: 0.64 | Train Acc: 75.00% | LR: 0.000500
Epoch 10, Iter 80 | Loss: 0.37 | Train Acc: 87.50% | LR: 0.000500
Epoch 10, Iter 100 | Loss: 0.55 | Train Acc: 78.12% | LR: 0.000500
Epoch 10, Iter 120 | Loss: 0.55 | Train Acc: 81.25% | LR: 0.000500
Epoch 10, Iter 140 | Loss: 0.43 | Train Acc: 84.38% | LR: 0.000500
Epoch 10, Iter 160 | Loss: 0.45 | Train Acc: 87.50% | LR: 0.000500
Epoch 10, Iter 180 | Loss: 0.89 | Train Acc: 68.75% | LR: 0.000500
Epoch 10, Iter 200 | Loss: 0.78 | Train Acc: 75.00% | LR: 0.000500
Epoch 10, Iter 220 | Loss: 0.80 | Train Acc: 68.75% | LR: 0.000500
Epoch 10, Iter 240 | Loss: 0.66 | Train Acc: 71.88% | LR: 0.000500
  Dead neuron bump: layer 1 — 24 dead neurons bumped
  Dead neuron bump: layer 3 — 6 dead neurons bumped
Epoch 10 | Test Acc: 35.45% | LR: 0.000500

Epoch 11, Iter 6 | Loss: 0.59 | Train Acc: 71.88% | LR: 0.000500
Epoch 11, Iter 26 | Loss: 0.28 | Train Acc: 93.75% | LR: 0.000500
Epoch 11, Iter 46 | Loss: 0.51 | Train Acc: 84.38% | LR: 0.000500
Epoch 11, Iter 66 | Loss: 0.51 | Train Acc: 78.12% | LR: 0.000500
Epoch 11, Iter 86 | Loss: 0.48 | Train Acc: 87.50% | LR: 0.000500
Epoch 11, Iter 106 | Loss: 0.70 | Train Acc: 78.12% | LR: 0.000500
Epoch 11, Iter 126 | Loss: 0.51 | Train Acc: 81.25% | LR: 0.000500
Epoch 11, Iter 146 | Loss: 0.40 | Train Acc: 90.62% | LR: 0.000500
Epoch 11, Iter 166 | Loss: 0.69 | Train Acc: 78.12% | LR: 0.000500
Epoch 11, Iter 186 | Loss: 0.55 | Train Acc: 87.50% | LR: 0.000500
Epoch 11, Iter 206 | Loss: 0.40 | Train Acc: 84.38% | LR: 0.000500
Epoch 11, Iter 226 | Loss: 0.64 | Train Acc: 84.38% | LR: 0.000500
Epoch 11, Iter 246 | Loss: 0.67 | Train Acc: 78.12% | LR: 0.000500
  Dead neuron bump: layer 1 — 14 dead neurons bumped
  Dead neuron bump: layer 3 — 7 dead neurons bumped
Epoch 11 | Test Acc: 39.73% | LR: 0.000500

Epoch 12, Iter 12 | Loss: 0.27 | Train Acc: 90.62% | LR: 0.000500
Epoch 12, Iter 32 | Loss: 0.49 | Train Acc: 87.50% | LR: 0.000500
Epoch 12, Iter 52 | Loss: 0.59 | Train Acc: 81.25% | LR: 0.000500
Epoch 12, Iter 72 | Loss: 0.42 | Train Acc: 87.50% | LR: 0.000500
Epoch 12, Iter 92 | Loss: 0.39 | Train Acc: 90.62% | LR: 0.000500
Epoch 12, Iter 112 | Loss: 0.48 | Train Acc: 81.25% | LR: 0.000500
Epoch 12, Iter 132 | Loss: 0.69 | Train Acc: 75.00% | LR: 0.000500
Epoch 12, Iter 152 | Loss: 0.46 | Train Acc: 90.62% | LR: 0.000500
Epoch 12, Iter 172 | Loss: 0.49 | Train Acc: 87.50% | LR: 0.000500
Epoch 12, Iter 192 | Loss: 0.30 | Train Acc: 90.62% | LR: 0.000500
Epoch 12, Iter 212 | Loss: 0.52 | Train Acc: 87.50% | LR: 0.000500
Epoch 12, Iter 232 | Loss: 0.28 | Train Acc: 96.88% | LR: 0.000500
Epoch 12, Iter 252 | Loss: 0.68 | Train Acc: 84.38% | LR: 0.000500
  Dead neuron bump: layer 1 — 15 dead neurons bumped
  Dead neuron bump: layer 3 — 8 dead neurons bumped
Epoch 12 | Test Acc: 39.02% | LR: 0.000500

Epoch 13, Iter 18 | Loss: 0.24 | Train Acc: 93.75% | LR: 0.000500
Epoch 13, Iter 38 | Loss: 0.42 | Train Acc: 84.38% | LR: 0.000500
Epoch 13, Iter 58 | Loss: 0.28 | Train Acc: 93.75% | LR: 0.000500
Epoch 13, Iter 78 | Loss: 0.50 | Train Acc: 90.62% | LR: 0.000500
Epoch 13, Iter 98 | Loss: 0.26 | Train Acc: 93.75% | LR: 0.000500
Epoch 13, Iter 118 | Loss: 0.51 | Train Acc: 84.38% | LR: 0.000500
Epoch 13, Iter 138 | Loss: 0.35 | Train Acc: 90.62% | LR: 0.000500
Epoch 13, Iter 158 | Loss: 0.68 | Train Acc: 75.00% | LR: 0.000500
Epoch 13, Iter 178 | Loss: 0.35 | Train Acc: 84.38% | LR: 0.000500
Epoch 13, Iter 198 | Loss: 0.41 | Train Acc: 87.50% | LR: 0.000500
Epoch 13, Iter 218 | Loss: 0.73 | Train Acc: 68.75% | LR: 0.000500
Epoch 13, Iter 238 | Loss: 0.39 | Train Acc: 87.50% | LR: 0.000500
  Dead neuron bump: layer 1 — 16 dead neurons bumped
  Dead neuron bump: layer 3 — 8 dead neurons bumped
Epoch 13 | Test Acc: 36.25% | LR: 0.000500

Epoch 14, Iter 4 | Loss: 0.27 | Train Acc: 96.88% | LR: 0.000500
Epoch 14, Iter 24 | Loss: 0.20 | Train Acc: 96.88% | LR: 0.000500
Epoch 14, Iter 44 | Loss: 0.19 | Train Acc: 93.75% | LR: 0.000500
Epoch 14, Iter 64 | Loss: 0.62 | Train Acc: 84.38% | LR: 0.000500
Epoch 14, Iter 84 | Loss: 0.65 | Train Acc: 78.12% | LR: 0.000500
Epoch 14, Iter 104 | Loss: 0.16 | Train Acc: 96.88% | LR: 0.000500
Epoch 14, Iter 124 | Loss: 0.23 | Train Acc: 93.75% | LR: 0.000500
Epoch 14, Iter 144 | Loss: 0.31 | Train Acc: 81.25% | LR: 0.000500
Epoch 14, Iter 164 | Loss: 0.49 | Train Acc: 87.50% | LR: 0.000500
Epoch 14, Iter 184 | Loss: 0.38 | Train Acc: 87.50% | LR: 0.000500
Epoch 14, Iter 204 | Loss: 0.46 | Train Acc: 81.25% | LR: 0.000500
Epoch 14, Iter 224 | Loss: 0.24 | Train Acc: 93.75% | LR: 0.000500
Epoch 14, Iter 244 | Loss: 0.42 | Train Acc: 87.50% | LR: 0.000500
  Dead neuron bump: layer 1 — 15 dead neurons bumped
  Dead neuron bump: layer 3 — 4 dead neurons bumped
Epoch 14 | Test Acc: 37.01% | LR: 0.000500

Epoch 15, Iter 10 | Loss: 0.26 | Train Acc: 93.75% | LR: 0.000500
Epoch 15, Iter 30 | Loss: 0.31 | Train Acc: 84.38% | LR: 0.000500
Epoch 15, Iter 50 | Loss: 0.25 | Train Acc: 90.62% | LR: 0.000500
Epoch 15, Iter 70 | Loss: 0.25 | Train Acc: 90.62% | LR: 0.000500
Epoch 15, Iter 90 | Loss: 0.43 | Train Acc: 78.12% | LR: 0.000500
Epoch 15, Iter 110 | Loss: 0.29 | Train Acc: 87.50% | LR: 0.000500
Epoch 15, Iter 130 | Loss: 0.32 | Train Acc: 87.50% | LR: 0.000500
Epoch 15, Iter 150 | Loss: 0.52 | Train Acc: 84.38% | LR: 0.000500
Epoch 15, Iter 170 | Loss: 0.37 | Train Acc: 87.50% | LR: 0.000500
Epoch 15, Iter 190 | Loss: 0.24 | Train Acc: 100.00% | LR: 0.000500
Epoch 15, Iter 210 | Loss: 0.22 | Train Acc: 90.62% | LR: 0.000500
Epoch 15, Iter 230 | Loss: 0.18 | Train Acc: 96.88% | LR: 0.000500
Epoch 15, Iter 250 | Loss: 0.23 | Train Acc: 90.62% | LR: 0.000500
  Dead neuron bump: layer 1 — 20 dead neurons bumped
  Dead neuron bump: layer 3 — 5 dead neurons bumped
Epoch 15 | Test Acc: 37.59% | LR: 0.000500

Epoch 16, Iter 16 | Loss: 0.11 | Train Acc: 96.88% | LR: 0.000500
Epoch 16, Iter 36 | Loss: 0.24 | Train Acc: 96.88% | LR: 0.000500
Epoch 16, Iter 56 | Loss: 0.16 | Train Acc: 93.75% | LR: 0.000500
Epoch 16, Iter 76 | Loss: 0.31 | Train Acc: 90.62% | LR: 0.000500
Epoch 16, Iter 96 | Loss: 0.24 | Train Acc: 93.75% | LR: 0.000500
Epoch 16, Iter 116 | Loss: 0.18 | Train Acc: 93.75% | LR: 0.000500
Epoch 16, Iter 136 | Loss: 0.08 | Train Acc: 96.88% | LR: 0.000500
Epoch 16, Iter 156 | Loss: 0.11 | Train Acc: 96.88% | LR: 0.000500
Epoch 16, Iter 176 | Loss: 0.29 | Train Acc: 90.62% | LR: 0.000500
Epoch 16, Iter 196 | Loss: 0.37 | Train Acc: 90.62% | LR: 0.000500
Epoch 16, Iter 216 | Loss: 0.49 | Train Acc: 87.50% | LR: 0.000500
Epoch 16, Iter 236 | Loss: 0.29 | Train Acc: 84.38% | LR: 0.000500
  Dead neuron bump: layer 1 — 17 dead neurons bumped
  Dead neuron bump: layer 3 — 3 dead neurons bumped
Epoch 16 | Test Acc: 40.00% | LR: 0.000500

Epoch 17, Iter 2 | Loss: 0.21 | Train Acc: 96.88% | LR: 0.000500
Epoch 17, Iter 22 | Loss: 0.27 | Train Acc: 93.75% | LR: 0.000500
Epoch 17, Iter 42 | Loss: 0.22 | Train Acc: 93.75% | LR: 0.000500
Epoch 17, Iter 62 | Loss: 0.29 | Train Acc: 87.50% | LR: 0.000500
Epoch 17, Iter 82 | Loss: 0.22 | Train Acc: 96.88% | LR: 0.000500
Epoch 17, Iter 102 | Loss: 0.34 | Train Acc: 90.62% | LR: 0.000500
Epoch 17, Iter 122 | Loss: 0.22 | Train Acc: 93.75% | LR: 0.000500
Epoch 17, Iter 142 | Loss: 0.26 | Train Acc: 93.75% | LR: 0.000500
Epoch 17, Iter 162 | Loss: 0.19 | Train Acc: 96.88% | LR: 0.000500
Epoch 17, Iter 182 | Loss: 0.52 | Train Acc: 87.50% | LR: 0.000500
Epoch 17, Iter 202 | Loss: 0.19 | Train Acc: 93.75% | LR: 0.000500
Epoch 17, Iter 222 | Loss: 0.18 | Train Acc: 90.62% | LR: 0.000500
Epoch 17, Iter 242 | Loss: 0.15 | Train Acc: 96.88% | LR: 0.000500
  Dead neuron bump: layer 1 — 11 dead neurons bumped
  Dead neuron bump: layer 3 — 7 dead neurons bumped
Epoch 17 | Test Acc: 38.79% | LR: 0.000500

Epoch 18, Iter 8 | Loss: 0.11 | Train Acc: 96.88% | LR: 0.000500
Epoch 18, Iter 28 | Loss: 0.22 | Train Acc: 93.75% | LR: 0.000500
Epoch 18, Iter 48 | Loss: 0.05 | Train Acc: 100.00% | LR: 0.000500
Epoch 18, Iter 68 | Loss: 0.14 | Train Acc: 93.75% | LR: 0.000500
Epoch 18, Iter 88 | Loss: 0.17 | Train Acc: 93.75% | LR: 0.000500
Epoch 18, Iter 108 | Loss: 0.09 | Train Acc: 100.00% | LR: 0.000500
Epoch 18, Iter 128 | Loss: 0.06 | Train Acc: 96.88% | LR: 0.000500
Epoch 18, Iter 148 | Loss: 0.50 | Train Acc: 84.38% | LR: 0.000500
Epoch 18, Iter 168 | Loss: 0.15 | Train Acc: 100.00% | LR: 0.000500
Epoch 18, Iter 188 | Loss: 0.07 | Train Acc: 96.88% | LR: 0.000500
Epoch 18, Iter 208 | Loss: 0.21 | Train Acc: 90.62% | LR: 0.000500
Epoch 18, Iter 228 | Loss: 0.22 | Train Acc: 87.50% | LR: 0.000500
Epoch 18, Iter 248 | Loss: 0.06 | Train Acc: 100.00% | LR: 0.000500
  Dead neuron bump: layer 1 — 8 dead neurons bumped
  Dead neuron bump: layer 3 — 3 dead neurons bumped
Epoch 18 | Test Acc: 39.73% | LR: 0.000500

Epoch 19, Iter 14 | Loss: 0.14 | Train Acc: 96.88% | LR: 0.000500
Epoch 19, Iter 34 | Loss: 0.14 | Train Acc: 96.88% | LR: 0.000500
Epoch 19, Iter 54 | Loss: 0.09 | Train Acc: 96.88% | LR: 0.000500
Epoch 19, Iter 74 | Loss: 0.46 | Train Acc: 84.38% | LR: 0.000500
Epoch 19, Iter 94 | Loss: 0.25 | Train Acc: 93.75% | LR: 0.000500
Epoch 19, Iter 114 | Loss: 0.17 | Train Acc: 96.88% | LR: 0.000500
Epoch 19, Iter 134 | Loss: 0.06 | Train Acc: 100.00% | LR: 0.000500
Epoch 19, Iter 154 | Loss: 0.20 | Train Acc: 93.75% | LR: 0.000500
Epoch 19, Iter 174 | Loss: 0.09 | Train Acc: 96.88% | LR: 0.000500
Epoch 19, Iter 194 | Loss: 0.08 | Train Acc: 100.00% | LR: 0.000500
Epoch 19, Iter 214 | Loss: 0.38 | Train Acc: 90.62% | LR: 0.000500
Epoch 19, Iter 234 | Loss: 0.10 | Train Acc: 96.88% | LR: 0.000500
  Dead neuron bump: layer 1 — 11 dead neurons bumped
  Dead neuron bump: layer 3 — 1 dead neurons bumped
Epoch 19 | Test Acc: 38.97% | LR: 0.000500

Epoch 20, Iter 0 | Loss: 0.69 | Train Acc: 81.25% | LR: 0.000500
Epoch 20, Iter 20 | Loss: 0.13 | Train Acc: 96.88% | LR: 0.000500
Epoch 20, Iter 40 | Loss: 0.13 | Train Acc: 93.75% | LR: 0.000500
Epoch 20, Iter 60 | Loss: 0.12 | Train Acc: 93.75% | LR: 0.000500
Epoch 20, Iter 80 | Loss: 0.03 | Train Acc: 100.00% | LR: 0.000500
Epoch 20, Iter 100 | Loss: 0.28 | Train Acc: 90.62% | LR: 0.000500
Epoch 20, Iter 120 | Loss: 0.11 | Train Acc: 96.88% | LR: 0.000500
Epoch 20, Iter 140 | Loss: 0.07 | Train Acc: 100.00% | LR: 0.000500
Epoch 20, Iter 160 | Loss: 0.14 | Train Acc: 96.88% | LR: 0.000500
Epoch 20, Iter 180 | Loss: 0.21 | Train Acc: 90.62% | LR: 0.000500
Epoch 20, Iter 200 | Loss: 0.19 | Train Acc: 93.75% | LR: 0.000500
Epoch 20, Iter 220 | Loss: 0.08 | Train Acc: 100.00% | LR: 0.000500
Epoch 20, Iter 240 | Loss: 0.14 | Train Acc: 90.62% | LR: 0.000500
  Dead neuron bump: layer 1 — 13 dead neurons bumped
  Dead neuron bump: layer 3 — 5 dead neurons bumped
Epoch 20 | Test Acc: 37.10% | LR: 0.000500

Epoch 21, Iter 6 | Loss: 0.13 | Train Acc: 93.75% | LR: 0.000500
Epoch 21, Iter 26 | Loss: 0.16 | Train Acc: 96.88% | LR: 0.000500
Epoch 21, Iter 46 | Loss: 0.04 | Train Acc: 100.00% | LR: 0.000500
Epoch 21, Iter 66 | Loss: 0.11 | Train Acc: 93.75% | LR: 0.000500
Epoch 21, Iter 86 | Loss: 0.04 | Train Acc: 100.00% | LR: 0.000500
Epoch 21, Iter 106 | Loss: 0.08 | Train Acc: 100.00% | LR: 0.000500
Epoch 21, Iter 126 | Loss: 0.06 | Train Acc: 100.00% | LR: 0.000500
Epoch 21, Iter 146 | Loss: 0.12 | Train Acc: 96.88% | LR: 0.000500
Epoch 21, Iter 166 | Loss: 0.16 | Train Acc: 90.62% | LR: 0.000500
Epoch 21, Iter 186 | Loss: 0.05 | Train Acc: 96.88% | LR: 0.000500
Epoch 21, Iter 206 | Loss: 0.23 | Train Acc: 87.50% | LR: 0.000500
Epoch 21, Iter 226 | Loss: 0.13 | Train Acc: 93.75% | LR: 0.000500
Epoch 21, Iter 246 | Loss: 0.13 | Train Acc: 93.75% | LR: 0.000500
  Dead neuron bump: layer 1 — 8 dead neurons bumped
  Dead neuron bump: layer 3 — 2 dead neurons bumped
Epoch 21 | Test Acc: 38.35% | LR: 0.000500

Epoch 22, Iter 12 | Loss: 0.10 | Train Acc: 93.75% | LR: 0.000500
Epoch 22, Iter 32 | Loss: 0.09 | Train Acc: 100.00% | LR: 0.000500
Epoch 22, Iter 52 | Loss: 0.09 | Train Acc: 96.88% | LR: 0.000500
Epoch 22, Iter 72 | Loss: 0.19 | Train Acc: 96.88% | LR: 0.000500
Epoch 22, Iter 92 | Loss: 0.12 | Train Acc: 96.88% | LR: 0.000500
Epoch 22, Iter 112 | Loss: 0.13 | Train Acc: 96.88% | LR: 0.000500
Epoch 22, Iter 132 | Loss: 0.11 | Train Acc: 93.75% | LR: 0.000500
Epoch 22, Iter 152 | Loss: 0.16 | Train Acc: 96.88% | LR: 0.000500
Epoch 22, Iter 172 | Loss: 0.31 | Train Acc: 84.38% | LR: 0.000500
Epoch 22, Iter 192 | Loss: 0.07 | Train Acc: 100.00% | LR: 0.000500
Epoch 22, Iter 212 | Loss: 0.07 | Train Acc: 100.00% | LR: 0.000500
Epoch 22, Iter 232 | Loss: 0.08 | Train Acc: 100.00% | LR: 0.000500
Epoch 22, Iter 252 | Loss: 0.09 | Train Acc: 96.88% | LR: 0.000500
  Dead neuron bump: layer 1 — 10 dead neurons bumped
  Dead neuron bump: layer 3 — 3 dead neurons bumped
Epoch 22 | Test Acc: 40.49% | LR: 0.000500

Epoch 23, Iter 18 | Loss: 0.21 | Train Acc: 93.75% | LR: 0.000500
Epoch 23, Iter 38 | Loss: 0.13 | Train Acc: 93.75% | LR: 0.000500
Epoch 23, Iter 58 | Loss: 0.15 | Train Acc: 96.88% | LR: 0.000500
Epoch 23, Iter 78 | Loss: 0.10 | Train Acc: 93.75% | LR: 0.000500
Epoch 23, Iter 98 | Loss: 0.10 | Train Acc: 96.88% | LR: 0.000500
Epoch 23, Iter 118 | Loss: 0.08 | Train Acc: 100.00% | LR: 0.000500
Epoch 23, Iter 138 | Loss: 0.07 | Train Acc: 96.88% | LR: 0.000500
Epoch 23, Iter 158 | Loss: 0.15 | Train Acc: 96.88% | LR: 0.000500
Epoch 23, Iter 178 | Loss: 0.13 | Train Acc: 90.62% | LR: 0.000500
Epoch 23, Iter 198 | Loss: 0.13 | Train Acc: 93.75% | LR: 0.000500
Epoch 23, Iter 218 | Loss: 0.07 | Train Acc: 100.00% | LR: 0.000500
Epoch 23, Iter 238 | Loss: 0.11 | Train Acc: 93.75% | LR: 0.000500
  Dead neuron bump: layer 1 — 6 dead neurons bumped
  Dead neuron bump: layer 3 — 2 dead neurons bumped
Epoch 23 | Test Acc: 38.39% | LR: 0.000500

Epoch 24, Iter 4 | Loss: 0.05 | Train Acc: 100.00% | LR: 0.000500
Epoch 24, Iter 24 | Loss: 0.06 | Train Acc: 96.88% | LR: 0.000500
Epoch 24, Iter 44 | Loss: 0.05 | Train Acc: 100.00% | LR: 0.000500
Epoch 24, Iter 64 | Loss: 0.02 | Train Acc: 100.00% | LR: 0.000500
Epoch 24, Iter 84 | Loss: 0.16 | Train Acc: 93.75% | LR: 0.000500
Epoch 24, Iter 104 | Loss: 0.32 | Train Acc: 90.62% | LR: 0.000500
Epoch 24, Iter 124 | Loss: 0.05 | Train Acc: 100.00% | LR: 0.000500
Epoch 24, Iter 144 | Loss: 0.21 | Train Acc: 90.62% | LR: 0.000500
Epoch 24, Iter 164 | Loss: 0.05 | Train Acc: 96.88% | LR: 0.000500
Epoch 24, Iter 184 | Loss: 0.09 | Train Acc: 96.88% | LR: 0.000500
Epoch 24, Iter 204 | Loss: 0.10 | Train Acc: 96.88% | LR: 0.000500
Epoch 24, Iter 224 | Loss: 0.09 | Train Acc: 96.88% | LR: 0.000500
Epoch 24, Iter 244 | Loss: 0.58 | Train Acc: 78.12% | LR: 0.000500
  Dead neuron bump: layer 1 — 7 dead neurons bumped
Epoch 24 | Test Acc: 37.50% | LR: 0.000500

Epoch 25, Iter 10 | Loss: 0.08 | Train Acc: 96.88% | LR: 0.000500
Epoch 25, Iter 30 | Loss: 0.78 | Train Acc: 78.12% | LR: 0.000500
Epoch 25, Iter 50 | Loss: 0.03 | Train Acc: 100.00% | LR: 0.000500
Epoch 25, Iter 70 | Loss: 0.05 | Train Acc: 100.00% | LR: 0.000500
Epoch 25, Iter 90 | Loss: 0.09 | Train Acc: 96.88% | LR: 0.000500
Epoch 25, Iter 110 | Loss: 0.04 | Train Acc: 100.00% | LR: 0.000500
Epoch 25, Iter 130 | Loss: 0.03 | Train Acc: 100.00% | LR: 0.000500
Epoch 25, Iter 150 | Loss: 0.14 | Train Acc: 93.75% | LR: 0.000500
Epoch 25, Iter 170 | Loss: 0.05 | Train Acc: 100.00% | LR: 0.000500
Epoch 25, Iter 190 | Loss: 0.09 | Train Acc: 96.88% | LR: 0.000500
Epoch 25, Iter 210 | Loss: 0.16 | Train Acc: 93.75% | LR: 0.000500
Epoch 25, Iter 230 | Loss: 0.09 | Train Acc: 96.88% | LR: 0.000500
Epoch 25, Iter 250 | Loss: 0.11 | Train Acc: 96.88% | LR: 0.000500
  Dead neuron bump: layer 1 — 3 dead neurons bumped
  Dead neuron bump: layer 3 — 1 dead neurons bumped
Epoch 25 | Test Acc: 38.71% | LR: 0.000500

Epoch 26, Iter 16 | Loss: 0.03 | Train Acc: 100.00% | LR: 0.000500
Epoch 26, Iter 36 | Loss: 0.03 | Train Acc: 100.00% | LR: 0.000500
Epoch 26, Iter 56 | Loss: 0.03 | Train Acc: 100.00% | LR: 0.000500
Epoch 26, Iter 76 | Loss: 0.21 | Train Acc: 93.75% | LR: 0.000500
Epoch 26, Iter 96 | Loss: 0.05 | Train Acc: 100.00% | LR: 0.000500
Epoch 26, Iter 116 | Loss: 0.39 | Train Acc: 87.50% | LR: 0.000500
Epoch 26, Iter 136 | Loss: 0.06 | Train Acc: 96.88% | LR: 0.000500
Epoch 26, Iter 156 | Loss: 0.07 | Train Acc: 96.88% | LR: 0.000500
Epoch 26, Iter 176 | Loss: 0.15 | Train Acc: 93.75% | LR: 0.000500
Epoch 26, Iter 196 | Loss: 0.36 | Train Acc: 93.75% | LR: 0.000500
Epoch 26, Iter 216 | Loss: 0.28 | Train Acc: 87.50% | LR: 0.000500
Epoch 26, Iter 236 | Loss: 0.14 | Train Acc: 96.88% | LR: 0.000500
  Dead neuron bump: layer 1 — 6 dead neurons bumped
  Dead neuron bump: layer 3 — 4 dead neurons bumped
Epoch 26 | Test Acc: 40.45% | LR: 0.000500

Epoch 27, Iter 2 | Loss: 0.03 | Train Acc: 100.00% | LR: 0.000500
Epoch 27, Iter 22 | Loss: 0.04 | Train Acc: 100.00% | LR: 0.000500
Epoch 27, Iter 42 | Loss: 0.07 | Train Acc: 96.88% | LR: 0.000500
Epoch 27, Iter 62 | Loss: 0.05 | Train Acc: 96.88% | LR: 0.000500
Epoch 27, Iter 82 | Loss: 0.02 | Train Acc: 100.00% | LR: 0.000500
Epoch 27, Iter 102 | Loss: 0.03 | Train Acc: 100.00% | LR: 0.000500
Epoch 27, Iter 122 | Loss: 0.22 | Train Acc: 93.75% | LR: 0.000500
Epoch 27, Iter 142 | Loss: 0.04 | Train Acc: 100.00% | LR: 0.000500
Epoch 27, Iter 162 | Loss: 0.02 | Train Acc: 100.00% | LR: 0.000500
Epoch 27, Iter 182 | Loss: 0.03 | Train Acc: 100.00% | LR: 0.000500
Epoch 27, Iter 202 | Loss: 0.08 | Train Acc: 96.88% | LR: 0.000500
Epoch 27, Iter 222 | Loss: 0.01 | Train Acc: 100.00% | LR: 0.000500
Epoch 27, Iter 242 | Loss: 0.55 | Train Acc: 90.62% | LR: 0.000500
  Dead neuron bump: layer 1 — 13 dead neurons bumped
  Dead neuron bump: layer 3 — 5 dead neurons bumped
Epoch 27 | Test Acc: 40.36% | LR: 0.000500

Epoch 28, Iter 8 | Loss: 0.05 | Train Acc: 100.00% | LR: 0.000500
Epoch 28, Iter 28 | Loss: 0.03 | Train Acc: 100.00% | LR: 0.000500
Epoch 28, Iter 48 | Loss: 0.06 | Train Acc: 96.88% | LR: 0.000500
Epoch 28, Iter 68 | Loss: 0.05 | Train Acc: 96.88% | LR: 0.000500
Epoch 28, Iter 88 | Loss: 0.03 | Train Acc: 100.00% | LR: 0.000500
Epoch 28, Iter 108 | Loss: 0.02 | Train Acc: 100.00% | LR: 0.000500
Epoch 28, Iter 128 | Loss: 0.14 | Train Acc: 96.88% | LR: 0.000500
Epoch 28, Iter 148 | Loss: 0.05 | Train Acc: 100.00% | LR: 0.000500
Epoch 28, Iter 168 | Loss: 0.39 | Train Acc: 93.75% | LR: 0.000500
Epoch 28, Iter 188 | Loss: 0.04 | Train Acc: 100.00% | LR: 0.000500
Epoch 28, Iter 208 | Loss: 0.03 | Train Acc: 100.00% | LR: 0.000500
Epoch 28, Iter 228 | Loss: 0.45 | Train Acc: 93.75% | LR: 0.000500
Epoch 28, Iter 248 | Loss: 0.10 | Train Acc: 93.75% | LR: 0.000500
  Dead neuron bump: layer 1 — 7 dead neurons bumped
  Dead neuron bump: layer 3 — 3 dead neurons bumped
Epoch 28 | Test Acc: 40.67% | LR: 0.000500

Epoch 29, Iter 14 | Loss: 0.05 | Train Acc: 96.88% | LR: 0.000500
Epoch 29, Iter 34 | Loss: 0.01 | Train Acc: 100.00% | LR: 0.000500
Epoch 29, Iter 54 | Loss: 0.11 | Train Acc: 96.88% | LR: 0.000500
Epoch 29, Iter 74 | Loss: 0.17 | Train Acc: 90.62% | LR: 0.000500
Epoch 29, Iter 94 | Loss: 0.06 | Train Acc: 96.88% | LR: 0.000500
Epoch 29, Iter 114 | Loss: 0.06 | Train Acc: 96.88% | LR: 0.000500
Epoch 29, Iter 134 | Loss: 0.05 | Train Acc: 96.88% | LR: 0.000500
Epoch 29, Iter 154 | Loss: 0.20 | Train Acc: 93.75% | LR: 0.000500
Epoch 29, Iter 174 | Loss: 0.08 | Train Acc: 96.88% | LR: 0.000500
Epoch 29, Iter 194 | Loss: 0.06 | Train Acc: 100.00% | LR: 0.000500
Epoch 29, Iter 214 | Loss: 0.02 | Train Acc: 100.00% | LR: 0.000500
Epoch 29, Iter 234 | Loss: 0.14 | Train Acc: 93.75% | LR: 0.000500
  Dead neuron bump: layer 1 — 7 dead neurons bumped
  Dead neuron bump: layer 3 — 4 dead neurons bumped
Epoch 29 | Test Acc: 38.75% | LR: 0.000500


Saving model...
Model saved to: /workspace/shd/dense/models/Take3_feedforward_H512_T100_Epochs30.pth
Graph saved to: /workspace/shd/dense/graphs/Take3_feedforward_H512_T100_Epochs30.png

============================================================
Final Test Accuracy: 38.75%
============================================================
=== SPARSE START Tue Mar 10 18:40:19 UTC 2026 ===
Starting training — arch=feedforward, hidden=512, dt=10ms, target_rate=14.0Hz, rate_lam=0.001, spike_lam=0.001, init_lr=1e-05, target_lr=0.0005, early_stop=15
Epoch 0, Iter 0 | Loss: 151.54 | Train Acc: 6.25% | LR: 0.000010
Epoch 0, Iter 20 | Loss: 186.69 | Train Acc: 3.12% | LR: 0.000500
Epoch 0, Iter 40 | Loss: 262.28 | Train Acc: 15.62% | LR: 0.000500
Epoch 0, Iter 60 | Loss: 302.09 | Train Acc: 12.50% | LR: 0.000500
Epoch 0, Iter 80 | Loss: 304.53 | Train Acc: 9.38% | LR: 0.000500
Epoch 0, Iter 100 | Loss: 336.97 | Train Acc: 18.75% | LR: 0.000500
Epoch 0, Iter 120 | Loss: 336.05 | Train Acc: 18.75% | LR: 0.000500
Epoch 0, Iter 140 | Loss: 320.71 | Train Acc: 25.00% | LR: 0.000500
Epoch 0, Iter 160 | Loss: 358.24 | Train Acc: 21.88% | LR: 0.000500
Epoch 0, Iter 180 | Loss: 250.59 | Train Acc: 12.50% | LR: 0.000500
Epoch 0, Iter 200 | Loss: 274.11 | Train Acc: 28.12% | LR: 0.000500
Epoch 0, Iter 220 | Loss: 290.72 | Train Acc: 25.00% | LR: 0.000500
Epoch 0, Iter 240 | Loss: 342.43 | Train Acc: 15.62% | LR: 0.000500
  Dead neuron bump: layer 1 — 17 dead neurons bumped
  Dead neuron bump: layer 3 — 5 dead neurons bumped
Epoch 0 | Test Acc: 23.44% | LR: 0.000500

Epoch 1, Iter 6 | Loss: 263.81 | Train Acc: 31.25% | LR: 0.000500
Epoch 1, Iter 26 | Loss: 274.03 | Train Acc: 21.88% | LR: 0.000500
Epoch 1, Iter 46 | Loss: 278.48 | Train Acc: 25.00% | LR: 0.000500
Epoch 1, Iter 66 | Loss: 274.61 | Train Acc: 37.50% | LR: 0.000500
Epoch 1, Iter 86 | Loss: 254.15 | Train Acc: 40.62% | LR: 0.000500
Epoch 1, Iter 106 | Loss: 270.41 | Train Acc: 43.75% | LR: 0.000500
Epoch 1, Iter 126 | Loss: 234.72 | Train Acc: 34.38% | LR: 0.000500
Epoch 1, Iter 146 | Loss: 276.47 | Train Acc: 37.50% | LR: 0.000500
Epoch 1, Iter 166 | Loss: 307.39 | Train Acc: 50.00% | LR: 0.000500
Epoch 1, Iter 186 | Loss: 276.93 | Train Acc: 31.25% | LR: 0.000500
Epoch 1, Iter 206 | Loss: 261.52 | Train Acc: 43.75% | LR: 0.000500
Epoch 1, Iter 226 | Loss: 287.25 | Train Acc: 25.00% | LR: 0.000500
Epoch 1, Iter 246 | Loss: 268.29 | Train Acc: 46.88% | LR: 0.000500
  Dead neuron bump: layer 1 — 65 dead neurons bumped
  Dead neuron bump: layer 3 — 19 dead neurons bumped
Epoch 1 | Test Acc: 31.21% | LR: 0.000500

Epoch 2, Iter 12 | Loss: 273.77 | Train Acc: 43.75% | LR: 0.000500
Epoch 2, Iter 32 | Loss: 304.42 | Train Acc: 37.50% | LR: 0.000500
Epoch 2, Iter 52 | Loss: 312.73 | Train Acc: 28.12% | LR: 0.000500
Epoch 2, Iter 72 | Loss: 280.04 | Train Acc: 34.38% | LR: 0.000500
Epoch 2, Iter 92 | Loss: 288.14 | Train Acc: 43.75% | LR: 0.000500
Epoch 2, Iter 112 | Loss: 275.14 | Train Acc: 50.00% | LR: 0.000500
Epoch 2, Iter 132 | Loss: 290.57 | Train Acc: 37.50% | LR: 0.000500
Epoch 2, Iter 152 | Loss: 275.91 | Train Acc: 34.38% | LR: 0.000500
Epoch 2, Iter 172 | Loss: 297.60 | Train Acc: 50.00% | LR: 0.000500
Epoch 2, Iter 192 | Loss: 293.79 | Train Acc: 50.00% | LR: 0.000500
Epoch 2, Iter 212 | Loss: 265.95 | Train Acc: 46.88% | LR: 0.000500
Epoch 2, Iter 232 | Loss: 272.22 | Train Acc: 43.75% | LR: 0.000500
Epoch 2, Iter 252 | Loss: 292.70 | Train Acc: 53.12% | LR: 0.000500
  Dead neuron bump: layer 1 — 33 dead neurons bumped
  Dead neuron bump: layer 3 — 21 dead neurons bumped
Epoch 2 | Test Acc: 36.83% | LR: 0.000500

Epoch 3, Iter 18 | Loss: 290.40 | Train Acc: 59.38% | LR: 0.000500
Epoch 3, Iter 38 | Loss: 313.63 | Train Acc: 46.88% | LR: 0.000500
Epoch 3, Iter 58 | Loss: 291.28 | Train Acc: 56.25% | LR: 0.000500
Epoch 3, Iter 78 | Loss: 285.84 | Train Acc: 37.50% | LR: 0.000500
Epoch 3, Iter 98 | Loss: 291.46 | Train Acc: 53.12% | LR: 0.000500
Epoch 3, Iter 118 | Loss: 294.84 | Train Acc: 56.25% | LR: 0.000500
Epoch 3, Iter 138 | Loss: 259.89 | Train Acc: 59.38% | LR: 0.000500
Epoch 3, Iter 158 | Loss: 299.10 | Train Acc: 46.88% | LR: 0.000500
Epoch 3, Iter 178 | Loss: 282.12 | Train Acc: 50.00% | LR: 0.000500
Epoch 3, Iter 198 | Loss: 271.81 | Train Acc: 62.50% | LR: 0.000500
Epoch 3, Iter 218 | Loss: 272.19 | Train Acc: 59.38% | LR: 0.000500
Epoch 3, Iter 238 | Loss: 303.70 | Train Acc: 56.25% | LR: 0.000500
  Dead neuron bump: layer 1 — 45 dead neurons bumped
  Dead neuron bump: layer 3 — 21 dead neurons bumped
Epoch 3 | Test Acc: 38.08% | LR: 0.000500

Epoch 4, Iter 4 | Loss: 295.31 | Train Acc: 62.50% | LR: 0.000500
Epoch 4, Iter 24 | Loss: 345.82 | Train Acc: 37.50% | LR: 0.000500
Epoch 4, Iter 44 | Loss: 324.27 | Train Acc: 65.62% | LR: 0.000500
Epoch 4, Iter 64 | Loss: 325.37 | Train Acc: 46.88% | LR: 0.000500
Epoch 4, Iter 84 | Loss: 341.00 | Train Acc: 62.50% | LR: 0.000500
Epoch 4, Iter 104 | Loss: 306.70 | Train Acc: 56.25% | LR: 0.000500
Epoch 4, Iter 124 | Loss: 330.71 | Train Acc: 56.25% | LR: 0.000500
Epoch 4, Iter 144 | Loss: 276.38 | Train Acc: 62.50% | LR: 0.000500
Epoch 4, Iter 164 | Loss: 304.36 | Train Acc: 56.25% | LR: 0.000500
Epoch 4, Iter 184 | Loss: 343.55 | Train Acc: 53.12% | LR: 0.000500
Epoch 4, Iter 204 | Loss: 287.50 | Train Acc: 68.75% | LR: 0.000500
Epoch 4, Iter 224 | Loss: 308.07 | Train Acc: 78.12% | LR: 0.000500
Epoch 4, Iter 244 | Loss: 291.21 | Train Acc: 68.75% | LR: 0.000500
  Dead neuron bump: layer 1 — 40 dead neurons bumped
  Dead neuron bump: layer 3 — 24 dead neurons bumped
Epoch 4 | Test Acc: 35.94% | LR: 0.000500

Epoch 5, Iter 10 | Loss: 341.55 | Train Acc: 65.62% | LR: 0.000500
Epoch 5, Iter 30 | Loss: 325.06 | Train Acc: 53.12% | LR: 0.000500
Epoch 5, Iter 50 | Loss: 313.15 | Train Acc: 59.38% | LR: 0.000500
Epoch 5, Iter 70 | Loss: 339.27 | Train Acc: 68.75% | LR: 0.000500
Epoch 5, Iter 90 | Loss: 335.07 | Train Acc: 68.75% | LR: 0.000500
Epoch 5, Iter 110 | Loss: 358.50 | Train Acc: 65.62% | LR: 0.000500
Epoch 5, Iter 130 | Loss: 340.43 | Train Acc: 65.62% | LR: 0.000500
Epoch 5, Iter 150 | Loss: 352.44 | Train Acc: 53.12% | LR: 0.000500
Epoch 5, Iter 170 | Loss: 336.35 | Train Acc: 71.88% | LR: 0.000500
Epoch 5, Iter 190 | Loss: 348.04 | Train Acc: 75.00% | LR: 0.000500
Epoch 5, Iter 210 | Loss: 366.12 | Train Acc: 65.62% | LR: 0.000500
Epoch 5, Iter 230 | Loss: 372.43 | Train Acc: 71.88% | LR: 0.000500
Epoch 5, Iter 250 | Loss: 336.47 | Train Acc: 65.62% | LR: 0.000500
  Dead neuron bump: layer 1 — 29 dead neurons bumped
  Dead neuron bump: layer 3 — 20 dead neurons bumped
Epoch 5 | Test Acc: 40.62% | LR: 0.000500

Epoch 6, Iter 16 | Loss: 363.12 | Train Acc: 78.12% | LR: 0.000500
Epoch 6, Iter 36 | Loss: 353.24 | Train Acc: 78.12% | LR: 0.000500
Epoch 6, Iter 56 | Loss: 306.95 | Train Acc: 71.88% | LR: 0.000500
Epoch 6, Iter 76 | Loss: 351.49 | Train Acc: 56.25% | LR: 0.000500
Epoch 6, Iter 96 | Loss: 370.59 | Train Acc: 68.75% | LR: 0.000500
Epoch 6, Iter 116 | Loss: 361.38 | Train Acc: 75.00% | LR: 0.000500
Epoch 6, Iter 136 | Loss: 337.63 | Train Acc: 65.62% | LR: 0.000500
Epoch 6, Iter 156 | Loss: 362.43 | Train Acc: 65.62% | LR: 0.000500
Epoch 6, Iter 176 | Loss: 334.12 | Train Acc: 65.62% | LR: 0.000500
Epoch 6, Iter 196 | Loss: 349.28 | Train Acc: 68.75% | LR: 0.000500
Epoch 6, Iter 216 | Loss: 341.09 | Train Acc: 81.25% | LR: 0.000500
Epoch 6, Iter 236 | Loss: 343.26 | Train Acc: 59.38% | LR: 0.000500
  Dead neuron bump: layer 1 — 26 dead neurons bumped
  Dead neuron bump: layer 3 — 17 dead neurons bumped
Epoch 6 | Test Acc: 41.21% | LR: 0.000500

Epoch 7, Iter 2 | Loss: 338.98 | Train Acc: 78.12% | LR: 0.000500
Epoch 7, Iter 22 | Loss: 371.20 | Train Acc: 59.38% | LR: 0.000500
Epoch 7, Iter 42 | Loss: 406.53 | Train Acc: 56.25% | LR: 0.000500
Epoch 7, Iter 62 | Loss: 372.29 | Train Acc: 53.12% | LR: 0.000500
Epoch 7, Iter 82 | Loss: 384.56 | Train Acc: 84.38% | LR: 0.000500
Epoch 7, Iter 102 | Loss: 353.24 | Train Acc: 81.25% | LR: 0.000500
Epoch 7, Iter 122 | Loss: 364.67 | Train Acc: 81.25% | LR: 0.000500
Epoch 7, Iter 142 | Loss: 383.16 | Train Acc: 59.38% | LR: 0.000500
Epoch 7, Iter 162 | Loss: 400.01 | Train Acc: 75.00% | LR: 0.000500
Epoch 7, Iter 182 | Loss: 376.94 | Train Acc: 75.00% | LR: 0.000500
Epoch 7, Iter 202 | Loss: 349.40 | Train Acc: 71.88% | LR: 0.000500
Epoch 7, Iter 222 | Loss: 414.84 | Train Acc: 81.25% | LR: 0.000500
Epoch 7, Iter 242 | Loss: 388.11 | Train Acc: 75.00% | LR: 0.000500
  Dead neuron bump: layer 1 — 29 dead neurons bumped
  Dead neuron bump: layer 3 — 22 dead neurons bumped
Epoch 7 | Test Acc: 42.81% | LR: 0.000500

Epoch 8, Iter 8 | Loss: 374.27 | Train Acc: 75.00% | LR: 0.000500
Epoch 8, Iter 28 | Loss: 372.59 | Train Acc: 71.88% | LR: 0.000500
Epoch 8, Iter 48 | Loss: 370.20 | Train Acc: 75.00% | LR: 0.000500
Epoch 8, Iter 68 | Loss: 415.87 | Train Acc: 59.38% | LR: 0.000500
Epoch 8, Iter 88 | Loss: 402.99 | Train Acc: 90.62% | LR: 0.000500
Epoch 8, Iter 108 | Loss: 366.03 | Train Acc: 81.25% | LR: 0.000500
Epoch 8, Iter 128 | Loss: 407.90 | Train Acc: 68.75% | LR: 0.000500
Epoch 8, Iter 148 | Loss: 413.29 | Train Acc: 68.75% | LR: 0.000500
Epoch 8, Iter 168 | Loss: 358.37 | Train Acc: 81.25% | LR: 0.000500
Epoch 8, Iter 188 | Loss: 340.53 | Train Acc: 65.62% | LR: 0.000500
Epoch 8, Iter 208 | Loss: 366.15 | Train Acc: 84.38% | LR: 0.000500
Epoch 8, Iter 228 | Loss: 407.85 | Train Acc: 78.12% | LR: 0.000500
Epoch 8, Iter 248 | Loss: 349.98 | Train Acc: 75.00% | LR: 0.000500
  Dead neuron bump: layer 1 — 29 dead neurons bumped
  Dead neuron bump: layer 3 — 12 dead neurons bumped
Epoch 8 | Test Acc: 42.50% | LR: 0.000500

Epoch 9, Iter 14 | Loss: 357.88 | Train Acc: 90.62% | LR: 0.000500
Epoch 9, Iter 34 | Loss: 390.21 | Train Acc: 84.38% | LR: 0.000500
Epoch 9, Iter 54 | Loss: 409.72 | Train Acc: 84.38% | LR: 0.000500
Epoch 9, Iter 74 | Loss: 404.90 | Train Acc: 71.88% | LR: 0.000500
Epoch 9, Iter 94 | Loss: 409.22 | Train Acc: 78.12% | LR: 0.000500
Epoch 9, Iter 114 | Loss: 392.49 | Train Acc: 93.75% | LR: 0.000500
Epoch 9, Iter 134 | Loss: 380.57 | Train Acc: 87.50% | LR: 0.000500
Epoch 9, Iter 154 | Loss: 427.69 | Train Acc: 75.00% | LR: 0.000500
Epoch 9, Iter 174 | Loss: 390.58 | Train Acc: 81.25% | LR: 0.000500
Epoch 9, Iter 194 | Loss: 371.37 | Train Acc: 81.25% | LR: 0.000500
Epoch 9, Iter 214 | Loss: 374.94 | Train Acc: 75.00% | LR: 0.000500
Epoch 9, Iter 234 | Loss: 389.79 | Train Acc: 81.25% | LR: 0.000500
  Dead neuron bump: layer 1 — 18 dead neurons bumped
  Dead neuron bump: layer 3 — 9 dead neurons bumped
Epoch 9 | Test Acc: 43.84% | LR: 0.000500

Epoch 10, Iter 0 | Loss: 398.37 | Train Acc: 78.12% | LR: 0.000500
Epoch 10, Iter 20 | Loss: 415.54 | Train Acc: 75.00% | LR: 0.000500
Epoch 10, Iter 40 | Loss: 400.93 | Train Acc: 71.88% | LR: 0.000500
Epoch 10, Iter 60 | Loss: 391.39 | Train Acc: 81.25% | LR: 0.000500
Epoch 10, Iter 80 | Loss: 380.55 | Train Acc: 90.62% | LR: 0.000500
Epoch 10, Iter 100 | Loss: 417.46 | Train Acc: 93.75% | LR: 0.000500
Epoch 10, Iter 120 | Loss: 426.63 | Train Acc: 78.12% | LR: 0.000500
Epoch 10, Iter 140 | Loss: 381.20 | Train Acc: 71.88% | LR: 0.000500
Epoch 10, Iter 160 | Loss: 394.73 | Train Acc: 81.25% | LR: 0.000500
Epoch 10, Iter 180 | Loss: 374.82 | Train Acc: 87.50% | LR: 0.000500
Epoch 10, Iter 200 | Loss: 400.76 | Train Acc: 84.38% | LR: 0.000500
Epoch 10, Iter 220 | Loss: 399.47 | Train Acc: 84.38% | LR: 0.000500
Epoch 10, Iter 240 | Loss: 412.37 | Train Acc: 90.62% | LR: 0.000500
  Dead neuron bump: layer 1 — 18 dead neurons bumped
  Dead neuron bump: layer 3 — 11 dead neurons bumped
Epoch 10 | Test Acc: 43.44% | LR: 0.000500

Epoch 11, Iter 6 | Loss: 379.61 | Train Acc: 78.12% | LR: 0.000500
Epoch 11, Iter 26 | Loss: 372.57 | Train Acc: 84.38% | LR: 0.000500
Epoch 11, Iter 46 | Loss: 422.72 | Train Acc: 81.25% | LR: 0.000500
Epoch 11, Iter 66 | Loss: 414.33 | Train Acc: 71.88% | LR: 0.000500
Epoch 11, Iter 86 | Loss: 430.48 | Train Acc: 90.62% | LR: 0.000500
Epoch 11, Iter 106 | Loss: 422.58 | Train Acc: 75.00% | LR: 0.000500
Epoch 11, Iter 126 | Loss: 404.36 | Train Acc: 81.25% | LR: 0.000500
Epoch 11, Iter 146 | Loss: 406.47 | Train Acc: 81.25% | LR: 0.000500
Epoch 11, Iter 166 | Loss: 436.41 | Train Acc: 75.00% | LR: 0.000500
Epoch 11, Iter 186 | Loss: 406.63 | Train Acc: 81.25% | LR: 0.000500
Epoch 11, Iter 206 | Loss: 429.17 | Train Acc: 71.88% | LR: 0.000500
Epoch 11, Iter 226 | Loss: 404.10 | Train Acc: 81.25% | LR: 0.000500
Epoch 11, Iter 246 | Loss: 448.98 | Train Acc: 90.62% | LR: 0.000500
  Dead neuron bump: layer 1 — 22 dead neurons bumped
  Dead neuron bump: layer 3 — 12 dead neurons bumped
Epoch 11 | Test Acc: 45.13% | LR: 0.000500

Epoch 12, Iter 12 | Loss: 394.09 | Train Acc: 75.00% | LR: 0.000500
Epoch 12, Iter 32 | Loss: 424.37 | Train Acc: 78.12% | LR: 0.000500
Epoch 12, Iter 52 | Loss: 427.57 | Train Acc: 87.50% | LR: 0.000500
Epoch 12, Iter 72 | Loss: 396.07 | Train Acc: 96.88% | LR: 0.000500
Epoch 12, Iter 92 | Loss: 427.85 | Train Acc: 81.25% | LR: 0.000500
Epoch 12, Iter 112 | Loss: 407.75 | Train Acc: 78.12% | LR: 0.000500
Epoch 12, Iter 132 | Loss: 423.70 | Train Acc: 87.50% | LR: 0.000500
Epoch 12, Iter 152 | Loss: 414.58 | Train Acc: 81.25% | LR: 0.000500
Epoch 12, Iter 172 | Loss: 420.77 | Train Acc: 90.62% | LR: 0.000500
Epoch 12, Iter 192 | Loss: 430.51 | Train Acc: 81.25% | LR: 0.000500
Epoch 12, Iter 212 | Loss: 443.03 | Train Acc: 90.62% | LR: 0.000500
Epoch 12, Iter 232 | Loss: 477.67 | Train Acc: 93.75% | LR: 0.000500
Epoch 12, Iter 252 | Loss: 445.67 | Train Acc: 68.75% | LR: 0.000500
  Dead neuron bump: layer 1 — 15 dead neurons bumped
  Dead neuron bump: layer 3 — 9 dead neurons bumped
Epoch 12 | Test Acc: 44.02% | LR: 0.000500

Epoch 13, Iter 18 | Loss: 448.54 | Train Acc: 81.25% | LR: 0.000500
Epoch 13, Iter 38 | Loss: 432.14 | Train Acc: 84.38% | LR: 0.000500
Epoch 13, Iter 58 | Loss: 425.49 | Train Acc: 96.88% | LR: 0.000500
Epoch 13, Iter 78 | Loss: 442.16 | Train Acc: 93.75% | LR: 0.000500
Epoch 13, Iter 98 | Loss: 507.33 | Train Acc: 84.38% | LR: 0.000500
Epoch 13, Iter 118 | Loss: 439.31 | Train Acc: 78.12% | LR: 0.000500
Epoch 13, Iter 138 | Loss: 463.52 | Train Acc: 93.75% | LR: 0.000500
Epoch 13, Iter 158 | Loss: 395.76 | Train Acc: 90.62% | LR: 0.000500
Epoch 13, Iter 178 | Loss: 497.62 | Train Acc: 78.12% | LR: 0.000500
Epoch 13, Iter 198 | Loss: 470.20 | Train Acc: 84.38% | LR: 0.000500
Epoch 13, Iter 218 | Loss: 411.37 | Train Acc: 81.25% | LR: 0.000500
Epoch 13, Iter 238 | Loss: 456.01 | Train Acc: 87.50% | LR: 0.000500
  Dead neuron bump: layer 1 — 18 dead neurons bumped
  Dead neuron bump: layer 3 — 9 dead neurons bumped
Epoch 13 | Test Acc: 44.24% | LR: 0.000500

Epoch 14, Iter 4 | Loss: 417.23 | Train Acc: 93.75% | LR: 0.000500
Epoch 14, Iter 24 | Loss: 426.31 | Train Acc: 87.50% | LR: 0.000500
Epoch 14, Iter 44 | Loss: 434.49 | Train Acc: 93.75% | LR: 0.000500
Epoch 14, Iter 64 | Loss: 466.03 | Train Acc: 93.75% | LR: 0.000500
Epoch 14, Iter 84 | Loss: 424.27 | Train Acc: 100.00% | LR: 0.000500
Epoch 14, Iter 104 | Loss: 426.85 | Train Acc: 96.88% | LR: 0.000500
Epoch 14, Iter 124 | Loss: 443.23 | Train Acc: 96.88% | LR: 0.000500
Epoch 14, Iter 144 | Loss: 468.95 | Train Acc: 93.75% | LR: 0.000500
Epoch 14, Iter 164 | Loss: 509.52 | Train Acc: 87.50% | LR: 0.000500
Epoch 14, Iter 184 | Loss: 412.27 | Train Acc: 96.88% | LR: 0.000500
Epoch 14, Iter 204 | Loss: 445.63 | Train Acc: 96.88% | LR: 0.000500
Epoch 14, Iter 224 | Loss: 455.90 | Train Acc: 84.38% | LR: 0.000500
Epoch 14, Iter 244 | Loss: 485.42 | Train Acc: 93.75% | LR: 0.000500
  Dead neuron bump: layer 1 — 11 dead neurons bumped
  Dead neuron bump: layer 3 — 8 dead neurons bumped
Epoch 14 | Test Acc: 45.40% | LR: 0.000500

Epoch 15, Iter 10 | Loss: 450.99 | Train Acc: 90.62% | LR: 0.000500
Epoch 15, Iter 30 | Loss: 485.67 | Train Acc: 96.88% | LR: 0.000500
Epoch 15, Iter 50 | Loss: 451.53 | Train Acc: 96.88% | LR: 0.000500
Epoch 15, Iter 70 | Loss: 445.31 | Train Acc: 87.50% | LR: 0.000500
Epoch 15, Iter 90 | Loss: 472.96 | Train Acc: 96.88% | LR: 0.000500
Epoch 15, Iter 110 | Loss: 479.98 | Train Acc: 93.75% | LR: 0.000500
Epoch 15, Iter 130 | Loss: 468.56 | Train Acc: 84.38% | LR: 0.000500
Epoch 15, Iter 150 | Loss: 455.79 | Train Acc: 84.38% | LR: 0.000500
Epoch 15, Iter 170 | Loss: 480.50 | Train Acc: 90.62% | LR: 0.000500
Epoch 15, Iter 190 | Loss: 475.91 | Train Acc: 90.62% | LR: 0.000500
Epoch 15, Iter 210 | Loss: 459.28 | Train Acc: 90.62% | LR: 0.000500
Epoch 15, Iter 230 | Loss: 486.54 | Train Acc: 90.62% | LR: 0.000500
Epoch 15, Iter 250 | Loss: 469.71 | Train Acc: 90.62% | LR: 0.000500
  Dead neuron bump: layer 1 — 13 dead neurons bumped
  Dead neuron bump: layer 3 — 7 dead neurons bumped
Epoch 15 | Test Acc: 48.44% | LR: 0.000500

Epoch 16, Iter 16 | Loss: 512.37 | Train Acc: 93.75% | LR: 0.000500
Epoch 16, Iter 36 | Loss: 468.36 | Train Acc: 96.88% | LR: 0.000500
Epoch 16, Iter 56 | Loss: 467.00 | Train Acc: 93.75% | LR: 0.000500
Epoch 16, Iter 76 | Loss: 487.36 | Train Acc: 93.75% | LR: 0.000500
Epoch 16, Iter 96 | Loss: 499.95 | Train Acc: 90.62% | LR: 0.000500
Epoch 16, Iter 116 | Loss: 492.54 | Train Acc: 96.88% | LR: 0.000500
Epoch 16, Iter 136 | Loss: 483.69 | Train Acc: 84.38% | LR: 0.000500
Epoch 16, Iter 156 | Loss: 456.06 | Train Acc: 96.88% | LR: 0.000500
Epoch 16, Iter 176 | Loss: 475.71 | Train Acc: 87.50% | LR: 0.000500
Epoch 16, Iter 196 | Loss: 471.24 | Train Acc: 78.12% | LR: 0.000500
Epoch 16, Iter 216 | Loss: 471.90 | Train Acc: 84.38% | LR: 0.000500
Epoch 16, Iter 236 | Loss: 482.35 | Train Acc: 90.62% | LR: 0.000500
  Dead neuron bump: layer 1 — 14 dead neurons bumped
  Dead neuron bump: layer 3 — 8 dead neurons bumped
Epoch 16 | Test Acc: 46.88% | LR: 0.000500

Epoch 17, Iter 2 | Loss: 473.86 | Train Acc: 93.75% | LR: 0.000500
Epoch 17, Iter 22 | Loss: 475.99 | Train Acc: 84.38% | LR: 0.000500
Epoch 17, Iter 42 | Loss: 454.89 | Train Acc: 93.75% | LR: 0.000500
Epoch 17, Iter 62 | Loss: 450.66 | Train Acc: 100.00% | LR: 0.000500
Epoch 17, Iter 82 | Loss: 508.55 | Train Acc: 96.88% | LR: 0.000500
Epoch 17, Iter 102 | Loss: 481.60 | Train Acc: 90.62% | LR: 0.000500
Epoch 17, Iter 122 | Loss: 498.78 | Train Acc: 93.75% | LR: 0.000500
Epoch 17, Iter 142 | Loss: 470.78 | Train Acc: 96.88% | LR: 0.000500
Epoch 17, Iter 162 | Loss: 434.52 | Train Acc: 93.75% | LR: 0.000500
Epoch 17, Iter 182 | Loss: 476.47 | Train Acc: 100.00% | LR: 0.000500
Epoch 17, Iter 202 | Loss: 510.55 | Train Acc: 93.75% | LR: 0.000500
Epoch 17, Iter 222 | Loss: 489.73 | Train Acc: 90.62% | LR: 0.000500
Epoch 17, Iter 242 | Loss: 455.22 | Train Acc: 90.62% | LR: 0.000500
  Dead neuron bump: layer 1 — 20 dead neurons bumped
  Dead neuron bump: layer 3 — 8 dead neurons bumped
Epoch 17 | Test Acc: 46.29% | LR: 0.000500

Epoch 18, Iter 8 | Loss: 506.11 | Train Acc: 93.75% | LR: 0.000500
Epoch 18, Iter 28 | Loss: 508.88 | Train Acc: 93.75% | LR: 0.000500
Epoch 18, Iter 48 | Loss: 497.70 | Train Acc: 93.75% | LR: 0.000500
Epoch 18, Iter 68 | Loss: 484.07 | Train Acc: 81.25% | LR: 0.000500
Epoch 18, Iter 88 | Loss: 505.11 | Train Acc: 93.75% | LR: 0.000500
Epoch 18, Iter 108 | Loss: 463.22 | Train Acc: 93.75% | LR: 0.000500
Epoch 18, Iter 128 | Loss: 467.18 | Train Acc: 100.00% | LR: 0.000500
Epoch 18, Iter 148 | Loss: 475.26 | Train Acc: 93.75% | LR: 0.000500
Epoch 18, Iter 168 | Loss: 467.31 | Train Acc: 96.88% | LR: 0.000500
Epoch 18, Iter 188 | Loss: 510.15 | Train Acc: 93.75% | LR: 0.000500
Epoch 18, Iter 208 | Loss: 505.14 | Train Acc: 93.75% | LR: 0.000500
Epoch 18, Iter 228 | Loss: 481.24 | Train Acc: 96.88% | LR: 0.000500
Epoch 18, Iter 248 | Loss: 437.69 | Train Acc: 84.38% | LR: 0.000500
  Dead neuron bump: layer 1 — 16 dead neurons bumped
  Dead neuron bump: layer 3 — 8 dead neurons bumped
Epoch 18 | Test Acc: 45.67% | LR: 0.000500

Epoch 19, Iter 14 | Loss: 499.01 | Train Acc: 90.62% | LR: 0.000500
Epoch 19, Iter 34 | Loss: 493.49 | Train Acc: 90.62% | LR: 0.000500
Epoch 19, Iter 54 | Loss: 530.96 | Train Acc: 96.88% | LR: 0.000500
Epoch 19, Iter 74 | Loss: 473.54 | Train Acc: 100.00% | LR: 0.000500
Epoch 19, Iter 94 | Loss: 521.18 | Train Acc: 96.88% | LR: 0.000500
Epoch 19, Iter 114 | Loss: 481.52 | Train Acc: 90.62% | LR: 0.000500
Epoch 19, Iter 134 | Loss: 543.85 | Train Acc: 96.88% | LR: 0.000500
Epoch 19, Iter 154 | Loss: 496.42 | Train Acc: 87.50% | LR: 0.000500
Epoch 19, Iter 174 | Loss: 468.69 | Train Acc: 90.62% | LR: 0.000500
Epoch 19, Iter 194 | Loss: 512.14 | Train Acc: 93.75% | LR: 0.000500
Epoch 19, Iter 214 | Loss: 538.32 | Train Acc: 87.50% | LR: 0.000500
Epoch 19, Iter 234 | Loss: 530.66 | Train Acc: 100.00% | LR: 0.000500
  Dead neuron bump: layer 1 — 10 dead neurons bumped
  Dead neuron bump: layer 3 — 7 dead neurons bumped
Epoch 19 | Test Acc: 45.22% | LR: 0.000500

Epoch 20, Iter 0 | Loss: 491.03 | Train Acc: 100.00% | LR: 0.000500
Epoch 20, Iter 20 | Loss: 492.81 | Train Acc: 93.75% | LR: 0.000500
Epoch 20, Iter 40 | Loss: 504.28 | Train Acc: 96.88% | LR: 0.000500
Epoch 20, Iter 60 | Loss: 496.02 | Train Acc: 100.00% | LR: 0.000500
Epoch 20, Iter 80 | Loss: 475.13 | Train Acc: 96.88% | LR: 0.000500
Epoch 20, Iter 100 | Loss: 527.89 | Train Acc: 93.75% | LR: 0.000500
Epoch 20, Iter 120 | Loss: 513.20 | Train Acc: 93.75% | LR: 0.000500
Epoch 20, Iter 140 | Loss: 473.87 | Train Acc: 96.88% | LR: 0.000500
Epoch 20, Iter 160 | Loss: 477.54 | Train Acc: 96.88% | LR: 0.000500
Epoch 20, Iter 180 | Loss: 522.32 | Train Acc: 90.62% | LR: 0.000500
Epoch 20, Iter 200 | Loss: 512.05 | Train Acc: 87.50% | LR: 0.000500
Epoch 20, Iter 220 | Loss: 532.52 | Train Acc: 96.88% | LR: 0.000500
Epoch 20, Iter 240 | Loss: 493.51 | Train Acc: 96.88% | LR: 0.000500
  Dead neuron bump: layer 1 — 13 dead neurons bumped
  Dead neuron bump: layer 3 — 2 dead neurons bumped
Epoch 20 | Test Acc: 46.29% | LR: 0.000500

Epoch 21, Iter 6 | Loss: 516.94 | Train Acc: 90.62% | LR: 0.000500
Epoch 21, Iter 26 | Loss: 506.70 | Train Acc: 96.88% | LR: 0.000500
Epoch 21, Iter 46 | Loss: 489.87 | Train Acc: 93.75% | LR: 0.000500
Epoch 21, Iter 66 | Loss: 472.66 | Train Acc: 90.62% | LR: 0.000500
Epoch 21, Iter 86 | Loss: 498.36 | Train Acc: 93.75% | LR: 0.000500
Epoch 21, Iter 106 | Loss: 510.05 | Train Acc: 87.50% | LR: 0.000500
Epoch 21, Iter 126 | Loss: 529.77 | Train Acc: 93.75% | LR: 0.000500
Epoch 21, Iter 146 | Loss: 509.01 | Train Acc: 96.88% | LR: 0.000500
Epoch 21, Iter 166 | Loss: 506.42 | Train Acc: 93.75% | LR: 0.000500
Epoch 21, Iter 186 | Loss: 514.06 | Train Acc: 93.75% | LR: 0.000500
Epoch 21, Iter 206 | Loss: 507.66 | Train Acc: 96.88% | LR: 0.000500
Epoch 21, Iter 226 | Loss: 494.71 | Train Acc: 96.88% | LR: 0.000500
Epoch 21, Iter 246 | Loss: 452.18 | Train Acc: 93.75% | LR: 0.000500
  Dead neuron bump: layer 1 — 7 dead neurons bumped
  Dead neuron bump: layer 3 — 3 dead neurons bumped
Epoch 21 | Test Acc: 45.58% | LR: 0.000500

Epoch 22, Iter 12 | Loss: 514.82 | Train Acc: 96.88% | LR: 0.000500
Epoch 22, Iter 32 | Loss: 538.37 | Train Acc: 96.88% | LR: 0.000500
Epoch 22, Iter 52 | Loss: 548.55 | Train Acc: 96.88% | LR: 0.000500
Epoch 22, Iter 72 | Loss: 531.24 | Train Acc: 100.00% | LR: 0.000500
Epoch 22, Iter 92 | Loss: 530.71 | Train Acc: 100.00% | LR: 0.000500
Epoch 22, Iter 112 | Loss: 555.84 | Train Acc: 96.88% | LR: 0.000500
Epoch 22, Iter 132 | Loss: 532.76 | Train Acc: 96.88% | LR: 0.000500
Epoch 22, Iter 152 | Loss: 535.90 | Train Acc: 100.00% | LR: 0.000500
Epoch 22, Iter 172 | Loss: 548.88 | Train Acc: 87.50% | LR: 0.000500
Epoch 22, Iter 192 | Loss: 527.37 | Train Acc: 93.75% | LR: 0.000500
Epoch 22, Iter 212 | Loss: 540.23 | Train Acc: 96.88% | LR: 0.000500
Epoch 22, Iter 232 | Loss: 530.72 | Train Acc: 96.88% | LR: 0.000500
Epoch 22, Iter 252 | Loss: 542.86 | Train Acc: 96.88% | LR: 0.000500
  Dead neuron bump: layer 1 — 15 dead neurons bumped
  Dead neuron bump: layer 3 — 1 dead neurons bumped
Epoch 22 | Test Acc: 46.61% | LR: 0.000500

Epoch 23, Iter 18 | Loss: 547.15 | Train Acc: 100.00% | LR: 0.000500
Epoch 23, Iter 38 | Loss: 520.30 | Train Acc: 96.88% | LR: 0.000500
Epoch 23, Iter 58 | Loss: 517.46 | Train Acc: 93.75% | LR: 0.000500
Epoch 23, Iter 78 | Loss: 517.95 | Train Acc: 90.62% | LR: 0.000500
Epoch 23, Iter 98 | Loss: 506.15 | Train Acc: 96.88% | LR: 0.000500
Epoch 23, Iter 118 | Loss: 536.14 | Train Acc: 96.88% | LR: 0.000500
Epoch 23, Iter 138 | Loss: 528.15 | Train Acc: 96.88% | LR: 0.000500
Epoch 23, Iter 158 | Loss: 524.23 | Train Acc: 93.75% | LR: 0.000500
Epoch 23, Iter 178 | Loss: 552.51 | Train Acc: 93.75% | LR: 0.000500
Epoch 23, Iter 198 | Loss: 566.22 | Train Acc: 90.62% | LR: 0.000500
Epoch 23, Iter 218 | Loss: 547.47 | Train Acc: 96.88% | LR: 0.000500
Epoch 23, Iter 238 | Loss: 557.32 | Train Acc: 96.88% | LR: 0.000500
  Dead neuron bump: layer 1 — 6 dead neurons bumped
  Dead neuron bump: layer 3 — 5 dead neurons bumped
Epoch 23 | Test Acc: 46.25% | LR: 0.000500

Epoch 24, Iter 4 | Loss: 521.02 | Train Acc: 100.00% | LR: 0.000500
Epoch 24, Iter 24 | Loss: 547.58 | Train Acc: 90.62% | LR: 0.000500
Epoch 24, Iter 44 | Loss: 580.55 | Train Acc: 96.88% | LR: 0.000500
Epoch 24, Iter 64 | Loss: 556.33 | Train Acc: 96.88% | LR: 0.000500
Epoch 24, Iter 84 | Loss: 538.39 | Train Acc: 100.00% | LR: 0.000500
Epoch 24, Iter 104 | Loss: 550.58 | Train Acc: 96.88% | LR: 0.000500
Epoch 24, Iter 124 | Loss: 548.00 | Train Acc: 93.75% | LR: 0.000500
Epoch 24, Iter 144 | Loss: 534.91 | Train Acc: 100.00% | LR: 0.000500
Epoch 24, Iter 164 | Loss: 470.44 | Train Acc: 96.88% | LR: 0.000500
Epoch 24, Iter 184 | Loss: 555.37 | Train Acc: 96.88% | LR: 0.000500
Epoch 24, Iter 204 | Loss: 531.69 | Train Acc: 90.62% | LR: 0.000500
Epoch 24, Iter 224 | Loss: 514.06 | Train Acc: 96.88% | LR: 0.000500
Epoch 24, Iter 244 | Loss: 494.44 | Train Acc: 100.00% | LR: 0.000500
  Dead neuron bump: layer 1 — 8 dead neurons bumped
  Dead neuron bump: layer 3 — 4 dead neurons bumped
Epoch 24 | Test Acc: 42.37% | LR: 0.000500

Epoch 25, Iter 10 | Loss: 578.30 | Train Acc: 100.00% | LR: 0.000500
Epoch 25, Iter 30 | Loss: 531.82 | Train Acc: 90.62% | LR: 0.000500
Epoch 25, Iter 50 | Loss: 573.54 | Train Acc: 93.75% | LR: 0.000500
Epoch 25, Iter 70 | Loss: 542.36 | Train Acc: 93.75% | LR: 0.000500
Epoch 25, Iter 90 | Loss: 517.08 | Train Acc: 90.62% | LR: 0.000500
Epoch 25, Iter 110 | Loss: 541.93 | Train Acc: 96.88% | LR: 0.000500
Epoch 25, Iter 130 | Loss: 578.63 | Train Acc: 96.88% | LR: 0.000500
Epoch 25, Iter 150 | Loss: 551.36 | Train Acc: 96.88% | LR: 0.000500
Epoch 25, Iter 170 | Loss: 606.36 | Train Acc: 93.75% | LR: 0.000500
Epoch 25, Iter 190 | Loss: 530.40 | Train Acc: 96.88% | LR: 0.000500
Epoch 25, Iter 210 | Loss: 565.56 | Train Acc: 96.88% | LR: 0.000500
Epoch 25, Iter 230 | Loss: 539.30 | Train Acc: 96.88% | LR: 0.000500
Epoch 25, Iter 250 | Loss: 550.21 | Train Acc: 93.75% | LR: 0.000500
  Dead neuron bump: layer 1 — 10 dead neurons bumped
  Dead neuron bump: layer 3 — 2 dead neurons bumped
Epoch 25 | Test Acc: 46.83% | LR: 0.000500

Epoch 26, Iter 16 | Loss: 550.02 | Train Acc: 96.88% | LR: 0.000500
Epoch 26, Iter 36 | Loss: 549.63 | Train Acc: 100.00% | LR: 0.000500
Epoch 26, Iter 56 | Loss: 569.72 | Train Acc: 100.00% | LR: 0.000500
Epoch 26, Iter 76 | Loss: 536.66 | Train Acc: 96.88% | LR: 0.000500
Epoch 26, Iter 96 | Loss: 521.04 | Train Acc: 93.75% | LR: 0.000500
Epoch 26, Iter 116 | Loss: 589.94 | Train Acc: 75.00% | LR: 0.000500
Epoch 26, Iter 136 | Loss: 570.92 | Train Acc: 100.00% | LR: 0.000500
Epoch 26, Iter 156 | Loss: 539.79 | Train Acc: 90.62% | LR: 0.000500
Epoch 26, Iter 176 | Loss: 555.69 | Train Acc: 100.00% | LR: 0.000500
Epoch 26, Iter 196 | Loss: 580.87 | Train Acc: 96.88% | LR: 0.000500
Epoch 26, Iter 216 | Loss: 571.43 | Train Acc: 100.00% | LR: 0.000500
Epoch 26, Iter 236 | Loss: 607.71 | Train Acc: 100.00% | LR: 0.000500
  Dead neuron bump: layer 1 — 10 dead neurons bumped
  Dead neuron bump: layer 3 — 8 dead neurons bumped
Epoch 26 | Test Acc: 46.25% | LR: 0.000500

Epoch 27, Iter 2 | Loss: 607.24 | Train Acc: 87.50% | LR: 0.000500
Epoch 27, Iter 22 | Loss: 567.08 | Train Acc: 96.88% | LR: 0.000500
Epoch 27, Iter 42 | Loss: 550.66 | Train Acc: 93.75% | LR: 0.000500
Epoch 27, Iter 62 | Loss: 598.94 | Train Acc: 96.88% | LR: 0.000500
Epoch 27, Iter 82 | Loss: 543.73 | Train Acc: 93.75% | LR: 0.000500
Epoch 27, Iter 102 | Loss: 533.82 | Train Acc: 100.00% | LR: 0.000500
Epoch 27, Iter 122 | Loss: 554.82 | Train Acc: 87.50% | LR: 0.000500
Epoch 27, Iter 142 | Loss: 523.39 | Train Acc: 100.00% | LR: 0.000500
Epoch 27, Iter 162 | Loss: 574.32 | Train Acc: 96.88% | LR: 0.000500
Epoch 27, Iter 182 | Loss: 581.44 | Train Acc: 96.88% | LR: 0.000500
Epoch 27, Iter 202 | Loss: 539.65 | Train Acc: 96.88% | LR: 0.000500
Epoch 27, Iter 222 | Loss: 552.18 | Train Acc: 100.00% | LR: 0.000500
Epoch 27, Iter 242 | Loss: 586.46 | Train Acc: 100.00% | LR: 0.000500
  Dead neuron bump: layer 1 — 8 dead neurons bumped
  Dead neuron bump: layer 3 — 5 dead neurons bumped
Epoch 27 | Test Acc: 46.70% | LR: 0.000500

Epoch 28, Iter 8 | Loss: 569.23 | Train Acc: 100.00% | LR: 0.000500
Epoch 28, Iter 28 | Loss: 546.17 | Train Acc: 100.00% | LR: 0.000500
Epoch 28, Iter 48 | Loss: 559.84 | Train Acc: 100.00% | LR: 0.000500
Epoch 28, Iter 68 | Loss: 585.68 | Train Acc: 100.00% | LR: 0.000500
Epoch 28, Iter 88 | Loss: 551.78 | Train Acc: 96.88% | LR: 0.000500
Epoch 28, Iter 108 | Loss: 601.32 | Train Acc: 93.75% | LR: 0.000500
Epoch 28, Iter 128 | Loss: 561.74 | Train Acc: 100.00% | LR: 0.000500
Epoch 28, Iter 148 | Loss: 609.01 | Train Acc: 93.75% | LR: 0.000500
Epoch 28, Iter 168 | Loss: 555.20 | Train Acc: 100.00% | LR: 0.000500
Epoch 28, Iter 188 | Loss: 575.14 | Train Acc: 100.00% | LR: 0.000500
Epoch 28, Iter 208 | Loss: 557.90 | Train Acc: 100.00% | LR: 0.000500
Epoch 28, Iter 228 | Loss: 597.35 | Train Acc: 100.00% | LR: 0.000500
Epoch 28, Iter 248 | Loss: 573.03 | Train Acc: 90.62% | LR: 0.000500
  Dead neuron bump: layer 1 — 10 dead neurons bumped
  Dead neuron bump: layer 3 — 2 dead neurons bumped
Epoch 28 | Test Acc: 47.68% | LR: 0.000500

Epoch 29, Iter 14 | Loss: 588.95 | Train Acc: 93.75% | LR: 0.000500
Epoch 29, Iter 34 | Loss: 549.58 | Train Acc: 100.00% | LR: 0.000500
Epoch 29, Iter 54 | Loss: 580.24 | Train Acc: 96.88% | LR: 0.000500
Epoch 29, Iter 74 | Loss: 576.34 | Train Acc: 96.88% | LR: 0.000500
Epoch 29, Iter 94 | Loss: 591.08 | Train Acc: 100.00% | LR: 0.000500
Epoch 29, Iter 114 | Loss: 587.60 | Train Acc: 100.00% | LR: 0.000500
Epoch 29, Iter 134 | Loss: 588.40 | Train Acc: 100.00% | LR: 0.000500
Epoch 29, Iter 154 | Loss: 552.46 | Train Acc: 93.75% | LR: 0.000500
Epoch 29, Iter 174 | Loss: 524.81 | Train Acc: 90.62% | LR: 0.000500
Epoch 29, Iter 194 | Loss: 567.38 | Train Acc: 93.75% | LR: 0.000500
Epoch 29, Iter 214 | Loss: 552.33 | Train Acc: 100.00% | LR: 0.000500
Epoch 29, Iter 234 | Loss: 584.42 | Train Acc: 93.75% | LR: 0.000500
  Dead neuron bump: layer 1 — 6 dead neurons bumped
  Dead neuron bump: layer 3 — 6 dead neurons bumped
Epoch 29 | Test Acc: 46.12% | LR: 0.000500


Saving model...
Model saved to: /workspace/shd/sparse/models/Take3_feedforward_H512_T100_Epochs30.pth
Graph saved to: /workspace/shd/sparse/graphs/Take3_feedforward_H512_T100_Epochs30.png

============================================================
Final Test Accuracy: 46.12%
============================================================
=== ALL DONE Tue Mar 10 19:37:17 UTC 2026 ===
